Using pre-set license
Built from '2021.3/staging' branch; Version is '2021.3.25f1 (68ef2c4f8861) revision 6876972'; Using compiler version '192829333'; Build Type 'Release'
OS: 'Windows 11  (10.0.22621) 64bit Core' Language: 'ko' Physical Memory: 16006 MB
BatchMode: 1, IsHumanControllingUs: 0, StartBugReporterOnCrash: 0, Is64bit: 1, IsPro: 1

COMMAND LINE ARGUMENTS:
C:\Program Files\Unity\Hub\Editor\2021.3.25f1\Editor\Unity.exe
-adb2
-batchMode
-noUpm
-name
AssetImportWorker4
-projectPath
C:/Users/BlueSnack/Desktop/2023_1_컴그/TheMansionThief/TheMansionThief
-logFile
Logs/AssetImportWorker4.log
-srvPort
53970
Successfully changed project path to: C:/Users/BlueSnack/Desktop/2023_1_컴그/TheMansionThief/TheMansionThief
C:/Users/BlueSnack/Desktop/2023_1_컴그/TheMansionThief/TheMansionThief
[UnityMemory] Configuration Parameters - Can be set up in boot.config
    "memorysetup-bucket-allocator-granularity=16"
    "memorysetup-bucket-allocator-bucket-count=8"
    "memorysetup-bucket-allocator-block-size=33554432"
    "memorysetup-bucket-allocator-block-count=8"
    "memorysetup-main-allocator-block-size=16777216"
    "memorysetup-thread-allocator-block-size=16777216"
    "memorysetup-gfx-main-allocator-block-size=16777216"
    "memorysetup-gfx-thread-allocator-block-size=16777216"
    "memorysetup-cache-allocator-block-size=4194304"
    "memorysetup-typetree-allocator-block-size=2097152"
    "memorysetup-profiler-bucket-allocator-granularity=16"
    "memorysetup-profiler-bucket-allocator-bucket-count=8"
    "memorysetup-profiler-bucket-allocator-block-size=33554432"
    "memorysetup-profiler-bucket-allocator-block-count=8"
    "memorysetup-profiler-allocator-block-size=16777216"
    "memorysetup-profiler-editor-allocator-block-size=1048576"
    "memorysetup-temp-allocator-size-main=16777216"
    "memorysetup-job-temp-allocator-block-size=2097152"
    "memorysetup-job-temp-allocator-block-size-background=1048576"
    "memorysetup-job-temp-allocator-reduction-small-platforms=262144"
    "memorysetup-temp-allocator-size-background-worker=32768"
    "memorysetup-temp-allocator-size-job-worker=262144"
    "memorysetup-temp-allocator-size-preload-manager=33554432"
    "memorysetup-temp-allocator-size-nav-mesh-worker=65536"
    "memorysetup-temp-allocator-size-audio-worker=65536"
    "memorysetup-temp-allocator-size-cloud-worker=32768"
    "memorysetup-temp-allocator-size-gi-baking-worker=262144"
    "memorysetup-temp-allocator-size-gfx=262144"
Player connection [4524] Host "[IP] 192.171.159.211 [Port] 0 [Flags] 2 [Guid] 3570335605 [EditorId] 3570335605 [Version] 1048832 [Id] WindowsEditor(7,DESKTOP-5H1VQML) [Debug] 1 [PackageName] WindowsEditor [ProjectName] Editor" joined multi-casting on [225.0.0.222:54997]...

Player connection [4524] Host "[IP] 192.171.159.211 [Port] 0 [Flags] 2 [Guid] 3570335605 [EditorId] 3570335605 [Version] 1048832 [Id] WindowsEditor(7,DESKTOP-5H1VQML) [Debug] 1 [PackageName] WindowsEditor [ProjectName] Editor" joined alternative multi-casting on [225.0.0.222:34997]...

Refreshing native plugins compatible for Editor in 106.48 ms, found 3 plugins.
Preloading 0 native plugins for Editor in 0.00 ms.
Initialize engine version: 2021.3.25f1 (68ef2c4f8861)
[Subsystems] Discovering subsystems at path C:/Program Files/Unity/Hub/Editor/2021.3.25f1/Editor/Data/Resources/UnitySubsystems
[Subsystems] Discovering subsystems at path C:/Users/BlueSnack/Desktop/2023_1_컴그/TheMansionThief/TheMansionThief/Assets
GfxDevice: creating device client; threaded=0; jobified=0
Direct3D:
    Version:  Direct3D 11.0 [level 11.1]
    Renderer: NVIDIA GeForce RTX 3060 Laptop GPU (ID=0x2520)
    Vendor:   NVIDIA
    VRAM:     6009 MB
    Driver:   31.0.15.3179
Initialize mono
Mono path[0] = 'C:/Program Files/Unity/Hub/Editor/2021.3.25f1/Editor/Data/Managed'
Mono path[1] = 'C:/Program Files/Unity/Hub/Editor/2021.3.25f1/Editor/Data/MonoBleedingEdge/lib/mono/unityjit-win32'
Mono config path = 'C:/Program Files/Unity/Hub/Editor/2021.3.25f1/Editor/Data/MonoBleedingEdge/etc'
Using monoOptions --debugger-agent=transport=dt_socket,embedding=1,server=y,suspend=n,address=127.0.0.1:56516
Begin MonoManager ReloadAssembly
Registering precompiled unity dll's ...
Register platform support module: C:/Program Files/Unity/Hub/Editor/2021.3.25f1/Editor/Data/PlaybackEngines/WindowsStandaloneSupport/UnityEditor.WindowsStandalone.Extensions.dll
Registered in 0.005601 seconds.
Native extension for WindowsStandalone target not found
Refreshing native plugins compatible for Editor in 92.97 ms, found 3 plugins.
Preloading 0 native plugins for Editor in 0.00 ms.
Mono: successfully reloaded assembly
- Completed reload, in  0.677 seconds
Domain Reload Profiling:
	ReloadAssembly (677ms)
		BeginReloadAssembly (80ms)
			ExecutionOrderSort (0ms)
			DisableScriptedObjects (0ms)
			BackupInstance (0ms)
			ReleaseScriptingObjects (0ms)
			CreateAndSetChildDomain (1ms)
		EndReloadAssembly (496ms)
			LoadAssemblies (78ms)
			RebuildTransferFunctionScriptingTraits (0ms)
			SetupTypeCache (96ms)
			ReleaseScriptCaches (0ms)
			RebuildScriptCaches (37ms)
			SetupLoadedEditorAssemblies (314ms)
				LogAssemblyErrors (0ms)
				InitializePlatformSupportModulesInManaged (10ms)
				SetLoadedEditorAssemblies (0ms)
				RefreshPlugins (93ms)
				BeforeProcessingInitializeOnLoad (1ms)
				ProcessInitializeOnLoadAttributes (169ms)
				ProcessInitializeOnLoadMethodAttributes (41ms)
				AfterProcessingInitializeOnLoad (0ms)
				EditorAssembliesLoaded (0ms)
			ExecutionOrderSort2 (0ms)
			AwakeInstancesAfterBackupRestoration (0ms)
Platform modules already initialized, skipping
Registering precompiled user dll's ...
Registered in 0.004094 seconds.
Begin MonoManager ReloadAssembly
Symbol file LoadedFromMemory doesn't match image C:\Users\BlueSnack\Desktop\2023_1_컴그\TheMansionThief\TheMansionThief\Library\PackageCache\com.unity.visualscripting@1.8.0\Editor\VisualScripting.Core\Dependencies\YamlDotNet\Unity.VisualScripting.YamlDotNet.dll
Symbol file LoadedFromMemory doesn't match image C:\Users\BlueSnack\Desktop\2023_1_컴그\TheMansionThief\TheMansionThief\Library\PackageCache\com.unity.visualscripting@1.8.0\Editor\VisualScripting.Core\Dependencies\DotNetZip\Unity.VisualScripting.IonicZip.dll
Native extension for WindowsStandalone target not found
Refreshing native plugins compatible for Editor in 0.69 ms, found 3 plugins.
Preloading 0 native plugins for Editor in 0.00 ms.
Mono: successfully reloaded assembly
- Completed reload, in  0.956 seconds
Domain Reload Profiling:
	ReloadAssembly (957ms)
		BeginReloadAssembly (132ms)
			ExecutionOrderSort (0ms)
			DisableScriptedObjects (5ms)
			BackupInstance (0ms)
			ReleaseScriptingObjects (0ms)
			CreateAndSetChildDomain (17ms)
		EndReloadAssembly (723ms)
			LoadAssemblies (109ms)
			RebuildTransferFunctionScriptingTraits (0ms)
			SetupTypeCache (233ms)
			ReleaseScriptCaches (0ms)
			RebuildScriptCaches (42ms)
			SetupLoadedEditorAssemblies (339ms)
				LogAssemblyErrors (0ms)
				InitializePlatformSupportModulesInManaged (5ms)
				SetLoadedEditorAssemblies (0ms)
				RefreshPlugins (1ms)
				BeforeProcessingInitializeOnLoad (66ms)
				ProcessInitializeOnLoadAttributes (243ms)
				ProcessInitializeOnLoadMethodAttributes (18ms)
				AfterProcessingInitializeOnLoad (5ms)
				EditorAssembliesLoaded (0ms)
			ExecutionOrderSort2 (0ms)
			AwakeInstancesAfterBackupRestoration (6ms)
Platform modules already initialized, skipping
========================================================================
Worker process is ready to serve import requests
Launched and connected shader compiler UnityShaderCompiler.exe after 0.06 seconds
Refreshing native plugins compatible for Editor in 1.36 ms, found 3 plugins.
Preloading 0 native plugins for Editor in 0.00 ms.
Unloading 3064 Unused Serialized files (Serialized files now loaded: 0)
Unloading 24 unused Assets / (113.9 KB). Loaded Objects now: 3527.
Memory consumption went from 113.2 MB to 113.1 MB.
Total: 3.232700 ms (FindLiveObjects: 0.326300 ms CreateObjectMapping: 0.099800 ms MarkObjects: 2.689700 ms  DeleteObjects: 0.115000 ms)

AssetImportParameters requested are different than current active one (requested -> active):
  custom:video-decoder-ogg-theora: a1e56fd34408186e4bbccfd4996cb3dc -> 
  custom:container-muxer-webm: aa71ff27fc2769a1b78a27578f13a17b -> 
  custom:container-demuxer-webm: 4f35f7cbe854078d1ac9338744f61a02 -> 
  custom:video-encoder-webm-vp8: eb34c28f22e8b96e1ab97ce403110664 -> 
  custom:video-codec-MediaFoundation-h265: 746d11721c4dcdbdad8f713fa42b33f4 -> 
  custom:audio-encoder-webm-vorbis: bf7c407c2cedff20999df2af8eb42d56 -> 
  custom:framework-win-MediaFoundation: 216162199b28c13a410421893ffa2e32 -> 
  custom:container-demuxer-ogg: 62fdf1f143b41e24485cea50d1cbac27 -> 
  custom:video-decoder-webm-vp8: 9c59270c3fd7afecdb556c50c9e8de78 -> 
  custom:audio-decoder-ogg-vorbis: bf7c407c2cedff20999df2af8eb42d56 -> 
========================================================================
Received Import Request.
  Time since last request: 532326.578364 seconds.
  path: Assets/World/WorldMaterial/Emission.mat
  artifactKey: Guid(689bcc0015224c2448fc263b1ad1dde0) Importer(815301076,1909f56bfc062723c751e8b465ee728b)
Start importing Assets/World/WorldMaterial/Emission.mat using Guid(689bcc0015224c2448fc263b1ad1dde0) Importer(815301076,1909f56bfc062723c751e8b465ee728b)  -> (artifact id: 'd185851351be66da4ee733b2eb7765cb') in 0.161812 seconds 
========================================================================
Received Import Request.
  Time since last request: 202.048831 seconds.
  path: Assets/Script
  artifactKey: Guid(887659c29ec5a5345bdd5badcadd2bfa) Importer(815301076,1909f56bfc062723c751e8b465ee728b)
Start importing Assets/Script using Guid(887659c29ec5a5345bdd5badcadd2bfa) Importer(815301076,1909f56bfc062723c751e8b465ee728b)  -> (artifact id: '911af710fbfc2af316c531c7f384a91f') in 0.023205 seconds 
========================================================================
Received Import Request.
  Time since last request: 0.378179 seconds.
  path: Assets/TextMesh Pro
  artifactKey: Guid(f54d1bd14bd3ca042bd867b519fee8cc) Importer(815301076,1909f56bfc062723c751e8b465ee728b)
Start importing Assets/TextMesh Pro using Guid(f54d1bd14bd3ca042bd867b519fee8cc) Importer(815301076,1909f56bfc062723c751e8b465ee728b)  -> (artifact id: 'f5648c5ef36b7beab651a001a8d08867') in 0.014234 seconds 
========================================================================
Received Import Request.
  Time since last request: 38.052701 seconds.
  path: Assets/World/WorldMaterial/500_Materials/Textures
  artifactKey: Guid(bfce6fc47d7cf77458a08d7aa5a944da) Importer(815301076,1909f56bfc062723c751e8b465ee728b)
Start importing Assets/World/WorldMaterial/500_Materials/Textures using Guid(bfce6fc47d7cf77458a08d7aa5a944da) Importer(815301076,1909f56bfc062723c751e8b465ee728b)  -> (artifact id: 'ec2c07e99399b510954a40aaba42c551') in 0.019630 seconds 
========================================================================
Received Import Request.
  Time since last request: 691.220237 seconds.
  path: Assets/World/WorldMaterial/500_Materials/Scenes
  artifactKey: Guid(57e6b2c07cfbc5345b017775afb0db53) Importer(815301076,1909f56bfc062723c751e8b465ee728b)
Start importing Assets/World/WorldMaterial/500_Materials/Scenes using Guid(57e6b2c07cfbc5345b017775afb0db53) Importer(815301076,1909f56bfc062723c751e8b465ee728b)  -> (artifact id: '364965c3b85cc26746b1f5ead7d7a935') in 0.016731 seconds 
========================================================================
Received Import Request.
  Time since last request: 0.508685 seconds.
  path: Assets/World/WorldMaterial/Emission.mat
  artifactKey: Guid(689bcc0015224c2448fc263b1ad1dde0) Importer(815301076,1909f56bfc062723c751e8b465ee728b)
Start importing Assets/World/WorldMaterial/Emission.mat using Guid(689bcc0015224c2448fc263b1ad1dde0) Importer(815301076,1909f56bfc062723c751e8b465ee728b)  -> (artifact id: 'd489d164a67167954dd198db6346808d') in 0.105157 seconds 
========================================================================
Received Import Request.
  Time since last request: 8.133940 seconds.
  path: Assets/World/WorldMaterial/mat_kabe1.mat
  artifactKey: Guid(9f23076eca9acd148884084d7d93d4d8) Importer(815301076,1909f56bfc062723c751e8b465ee728b)
Start importing Assets/World/WorldMaterial/mat_kabe1.mat using Guid(9f23076eca9acd148884084d7d93d4d8) Importer(815301076,1909f56bfc062723c751e8b465ee728b)  -> (artifact id: '0a1c4e244ecbf65060a6893146b01ed8') in 0.179007 seconds 
========================================================================
Received Import Request.
  Time since last request: 65.593261 seconds.
  path: Assets/World/WorldMaterial/text/[2K]WoodFloor07/WoodFloor07_col 1.jpg
  artifactKey: Guid(502862b5262515940b3732d3ec02cc64) Importer(815301076,1909f56bfc062723c751e8b465ee728b)
Start importing Assets/World/WorldMaterial/text/[2K]WoodFloor07/WoodFloor07_col 1.jpg using Guid(502862b5262515940b3732d3ec02cc64) Importer(815301076,1909f56bfc062723c751e8b465ee728b)  -> (artifact id: 'fc297c314628f1a8a8b20fcca854b77e') in 0.085031 seconds 
========================================================================
Received Import Request.
  Time since last request: 0.000025 seconds.
  path: Assets/World/WorldMaterial/text/[2K]WoodFloor07/WoodFloor07_nrm.jpg
  artifactKey: Guid(a0698bcec2eba89458b0bb9cbbdc148f) Importer(815301076,1909f56bfc062723c751e8b465ee728b)
Start importing Assets/World/WorldMaterial/text/[2K]WoodFloor07/WoodFloor07_nrm.jpg using Guid(a0698bcec2eba89458b0bb9cbbdc148f) Importer(815301076,1909f56bfc062723c751e8b465ee728b)  -> (artifact id: 'c56267e3156992381258b8e0851e1f0b') in 0.037655 seconds 
Editor requested this worker to shutdown with reason: Scaling down because of idle timeout
AssetImportWorkerClient::OnTransportError - code=2 error=End of file
AssetImportWorker is now disconnected from the server
Process exiting
Exiting without the bug reporter. Application will terminate with return code 0