Using pre-set license
Built from '2021.3/staging' branch; Version is '2021.3.25f1 (68ef2c4f8861) revision 6876972'; Using compiler version '192829333'; Build Type 'Release'
OS: 'Windows 11  (10.0.22621) 64bit Core' Language: 'ko' Physical Memory: 16006 MB
BatchMode: 1, IsHumanControllingUs: 0, StartBugReporterOnCrash: 0, Is64bit: 1, IsPro: 1

COMMAND LINE ARGUMENTS:
C:\Program Files\Unity\Hub\Editor\2021.3.25f1\Editor\Unity.exe
-adb2
-batchMode
-noUpm
-name
AssetImportWorker5
-projectPath
C:/Users/BlueSnack/Desktop/2023_1_컴그/TheMansionThief/TheMansionThief
-logFile
Logs/AssetImportWorker5.log
-srvPort
53970
Successfully changed project path to: C:/Users/BlueSnack/Desktop/2023_1_컴그/TheMansionThief/TheMansionThief
C:/Users/BlueSnack/Desktop/2023_1_컴그/TheMansionThief/TheMansionThief
[UnityMemory] Configuration Parameters - Can be set up in boot.config
    "memorysetup-bucket-allocator-granularity=16"
    "memorysetup-bucket-allocator-bucket-count=8"
    "memorysetup-bucket-allocator-block-size=33554432"
    "memorysetup-bucket-allocator-block-count=8"
    "memorysetup-main-allocator-block-size=16777216"
    "memorysetup-thread-allocator-block-size=16777216"
    "memorysetup-gfx-main-allocator-block-size=16777216"
    "memorysetup-gfx-thread-allocator-block-size=16777216"
    "memorysetup-cache-allocator-block-size=4194304"
    "memorysetup-typetree-allocator-block-size=2097152"
    "memorysetup-profiler-bucket-allocator-granularity=16"
    "memorysetup-profiler-bucket-allocator-bucket-count=8"
    "memorysetup-profiler-bucket-allocator-block-size=33554432"
    "memorysetup-profiler-bucket-allocator-block-count=8"
    "memorysetup-profiler-allocator-block-size=16777216"
    "memorysetup-profiler-editor-allocator-block-size=1048576"
    "memorysetup-temp-allocator-size-main=16777216"
    "memorysetup-job-temp-allocator-block-size=2097152"
    "memorysetup-job-temp-allocator-block-size-background=1048576"
    "memorysetup-job-temp-allocator-reduction-small-platforms=262144"
    "memorysetup-temp-allocator-size-background-worker=32768"
    "memorysetup-temp-allocator-size-job-worker=262144"
    "memorysetup-temp-allocator-size-preload-manager=33554432"
    "memorysetup-temp-allocator-size-nav-mesh-worker=65536"
    "memorysetup-temp-allocator-size-audio-worker=65536"
    "memorysetup-temp-allocator-size-cloud-worker=32768"
    "memorysetup-temp-allocator-size-gi-baking-worker=262144"
    "memorysetup-temp-allocator-size-gfx=262144"
Player connection [16856] Host "[IP] 192.171.159.211 [Port] 0 [Flags] 2 [Guid] 1476460259 [EditorId] 1476460259 [Version] 1048832 [Id] WindowsEditor(7,DESKTOP-5H1VQML) [Debug] 1 [PackageName] WindowsEditor [ProjectName] Editor" joined multi-casting on [225.0.0.222:54997]...

Player connection [16856] Host "[IP] 192.171.159.211 [Port] 0 [Flags] 2 [Guid] 1476460259 [EditorId] 1476460259 [Version] 1048832 [Id] WindowsEditor(7,DESKTOP-5H1VQML) [Debug] 1 [PackageName] WindowsEditor [ProjectName] Editor" joined alternative multi-casting on [225.0.0.222:34997]...

Refreshing native plugins compatible for Editor in 110.02 ms, found 3 plugins.
Preloading 0 native plugins for Editor in 0.00 ms.
Initialize engine version: 2021.3.25f1 (68ef2c4f8861)
[Subsystems] Discovering subsystems at path C:/Program Files/Unity/Hub/Editor/2021.3.25f1/Editor/Data/Resources/UnitySubsystems
[Subsystems] Discovering subsystems at path C:/Users/BlueSnack/Desktop/2023_1_컴그/TheMansionThief/TheMansionThief/Assets
GfxDevice: creating device client; threaded=0; jobified=0
Direct3D:
    Version:  Direct3D 11.0 [level 11.1]
    Renderer: NVIDIA GeForce RTX 3060 Laptop GPU (ID=0x2520)
    Vendor:   NVIDIA
    VRAM:     6009 MB
    Driver:   31.0.15.3179
Initialize mono
Mono path[0] = 'C:/Program Files/Unity/Hub/Editor/2021.3.25f1/Editor/Data/Managed'
Mono path[1] = 'C:/Program Files/Unity/Hub/Editor/2021.3.25f1/Editor/Data/MonoBleedingEdge/lib/mono/unityjit-win32'
Mono config path = 'C:/Program Files/Unity/Hub/Editor/2021.3.25f1/Editor/Data/MonoBleedingEdge/etc'
Using monoOptions --debugger-agent=transport=dt_socket,embedding=1,server=y,suspend=n,address=127.0.0.1:56768
Begin MonoManager ReloadAssembly
Registering precompiled unity dll's ...
Register platform support module: C:/Program Files/Unity/Hub/Editor/2021.3.25f1/Editor/Data/PlaybackEngines/WindowsStandaloneSupport/UnityEditor.WindowsStandalone.Extensions.dll
Registered in 0.004258 seconds.
Native extension for WindowsStandalone target not found
Refreshing native plugins compatible for Editor in 111.39 ms, found 3 plugins.
Preloading 0 native plugins for Editor in 0.00 ms.
Mono: successfully reloaded assembly
- Completed reload, in  0.795 seconds
Domain Reload Profiling:
	ReloadAssembly (796ms)
		BeginReloadAssembly (100ms)
			ExecutionOrderSort (0ms)
			DisableScriptedObjects (0ms)
			BackupInstance (0ms)
			ReleaseScriptingObjects (0ms)
			CreateAndSetChildDomain (1ms)
		EndReloadAssembly (589ms)
			LoadAssemblies (98ms)
			RebuildTransferFunctionScriptingTraits (0ms)
			SetupTypeCache (117ms)
			ReleaseScriptCaches (0ms)
			RebuildScriptCaches (30ms)
			SetupLoadedEditorAssemblies (370ms)
				LogAssemblyErrors (0ms)
				InitializePlatformSupportModulesInManaged (8ms)
				SetLoadedEditorAssemblies (0ms)
				RefreshPlugins (112ms)
				BeforeProcessingInitializeOnLoad (5ms)
				ProcessInitializeOnLoadAttributes (196ms)
				ProcessInitializeOnLoadMethodAttributes (49ms)
				AfterProcessingInitializeOnLoad (0ms)
				EditorAssembliesLoaded (0ms)
			ExecutionOrderSort2 (0ms)
			AwakeInstancesAfterBackupRestoration (0ms)
Platform modules already initialized, skipping
Registering precompiled user dll's ...
Registered in 0.004631 seconds.
Begin MonoManager ReloadAssembly
Symbol file LoadedFromMemory doesn't match image C:\Users\BlueSnack\Desktop\2023_1_컴그\TheMansionThief\TheMansionThief\Library\PackageCache\com.unity.visualscripting@1.8.0\Editor\VisualScripting.Core\Dependencies\YamlDotNet\Unity.VisualScripting.YamlDotNet.dll
Symbol file LoadedFromMemory doesn't match image C:\Users\BlueSnack\Desktop\2023_1_컴그\TheMansionThief\TheMansionThief\Library\PackageCache\com.unity.visualscripting@1.8.0\Editor\VisualScripting.Core\Dependencies\DotNetZip\Unity.VisualScripting.IonicZip.dll
Native extension for WindowsStandalone target not found
Refreshing native plugins compatible for Editor in 0.96 ms, found 3 plugins.
Preloading 0 native plugins for Editor in 0.00 ms.
Mono: successfully reloaded assembly
- Completed reload, in  1.245 seconds
Domain Reload Profiling:
	ReloadAssembly (1246ms)
		BeginReloadAssembly (123ms)
			ExecutionOrderSort (0ms)
			DisableScriptedObjects (6ms)
			BackupInstance (0ms)
			ReleaseScriptingObjects (0ms)
			CreateAndSetChildDomain (20ms)
		EndReloadAssembly (1006ms)
			LoadAssemblies (133ms)
			RebuildTransferFunctionScriptingTraits (0ms)
			SetupTypeCache (273ms)
			ReleaseScriptCaches (0ms)
			RebuildScriptCaches (52ms)
			SetupLoadedEditorAssemblies (512ms)
				LogAssemblyErrors (0ms)
				InitializePlatformSupportModulesInManaged (6ms)
				SetLoadedEditorAssemblies (1ms)
				RefreshPlugins (1ms)
				BeforeProcessingInitializeOnLoad (77ms)
				ProcessInitializeOnLoadAttributes (393ms)
				ProcessInitializeOnLoadMethodAttributes (27ms)
				AfterProcessingInitializeOnLoad (7ms)
				EditorAssembliesLoaded (0ms)
			ExecutionOrderSort2 (0ms)
			AwakeInstancesAfterBackupRestoration (6ms)
Platform modules already initialized, skipping
========================================================================
Worker process is ready to serve import requests
Launched and connected shader compiler UnityShaderCompiler.exe after 0.07 seconds
Refreshing native plugins compatible for Editor in 1.20 ms, found 3 plugins.
Preloading 0 native plugins for Editor in 0.00 ms.
Unloading 3064 Unused Serialized files (Serialized files now loaded: 0)
Unloading 24 unused Assets / (113.9 KB). Loaded Objects now: 3527.
Memory consumption went from 113.2 MB to 113.1 MB.
Total: 3.718000 ms (FindLiveObjects: 0.253500 ms CreateObjectMapping: 0.089500 ms MarkObjects: 3.249200 ms  DeleteObjects: 0.123800 ms)

AssetImportParameters requested are different than current active one (requested -> active):
  custom:video-decoder-ogg-theora: a1e56fd34408186e4bbccfd4996cb3dc -> 
  custom:container-muxer-webm: aa71ff27fc2769a1b78a27578f13a17b -> 
  custom:container-demuxer-webm: 4f35f7cbe854078d1ac9338744f61a02 -> 
  custom:video-encoder-webm-vp8: eb34c28f22e8b96e1ab97ce403110664 -> 
  custom:video-codec-MediaFoundation-h265: 746d11721c4dcdbdad8f713fa42b33f4 -> 
  custom:audio-encoder-webm-vorbis: bf7c407c2cedff20999df2af8eb42d56 -> 
  custom:framework-win-MediaFoundation: 216162199b28c13a410421893ffa2e32 -> 
  custom:container-demuxer-ogg: 62fdf1f143b41e24485cea50d1cbac27 -> 
  custom:video-decoder-webm-vp8: 9c59270c3fd7afecdb556c50c9e8de78 -> 
  custom:audio-decoder-ogg-vorbis: bf7c407c2cedff20999df2af8eb42d56 -> 
========================================================================
Received Import Request.
  Time since last request: 534140.985735 seconds.
  path: Assets/ModernArchViz_SeaView/SeaViewArchViz/Materials/FabricWhite_01.mat
  artifactKey: Guid(c0ea6656cbc153b40a8699445c973618) Importer(815301076,1909f56bfc062723c751e8b465ee728b)
Start importing Assets/ModernArchViz_SeaView/SeaViewArchViz/Materials/FabricWhite_01.mat using Guid(c0ea6656cbc153b40a8699445c973618) Importer(815301076,1909f56bfc062723c751e8b465ee728b)  -> (artifact id: '95ab66177c673ef860e2931d99efa6b8') in 0.244060 seconds 
========================================================================
Received Import Request.
  Time since last request: 0.000040 seconds.
  path: Assets/ModernArchViz_SeaView/SeaViewArchViz/Materials/TextureAtlas_Props_01.mat
  artifactKey: Guid(f3d30587cd00f8741a658735b5368976) Importer(815301076,1909f56bfc062723c751e8b465ee728b)
Start importing Assets/ModernArchViz_SeaView/SeaViewArchViz/Materials/TextureAtlas_Props_01.mat using Guid(f3d30587cd00f8741a658735b5368976) Importer(815301076,1909f56bfc062723c751e8b465ee728b)  -> (artifact id: 'c8f6601f5e8a5bdc3b5bcf698458a21d') in 0.249287 seconds 
========================================================================
Received Import Request.
  Time since last request: 5.676664 seconds.
  path: Assets/ModernArchViz_SeaView/SeaViewArchViz/Prefabs/Standard/Bathroom/Basin_b_01.prefab
  artifactKey: Guid(261d1ad80ff050e48972c65979962923) Importer(815301076,1909f56bfc062723c751e8b465ee728b)
Start importing Assets/ModernArchViz_SeaView/SeaViewArchViz/Prefabs/Standard/Bathroom/Basin_b_01.prefab using Guid(261d1ad80ff050e48972c65979962923) Importer(815301076,1909f56bfc062723c751e8b465ee728b)  -> (artifact id: 'c3e38c054bd6ad6961320cd0bb982cff') in 0.059190 seconds 
========================================================================
Received Import Request.
  Time since last request: 0.000024 seconds.
  path: Assets/ModernArchViz_SeaView/SeaViewArchViz/Prefabs/Standard/Living Area/ButcherKnife_a_01.prefab
  artifactKey: Guid(ba166bd8b0d3b3b4490b2bc859a73a0e) Importer(815301076,1909f56bfc062723c751e8b465ee728b)
Start importing Assets/ModernArchViz_SeaView/SeaViewArchViz/Prefabs/Standard/Living Area/ButcherKnife_a_01.prefab using Guid(ba166bd8b0d3b3b4490b2bc859a73a0e) Importer(815301076,1909f56bfc062723c751e8b465ee728b)  -> (artifact id: 'fe92b25ddb5e133df8ad381e2cda06d2') in 0.036939 seconds 
========================================================================
Received Import Request.
  Time since last request: 0.000039 seconds.
  path: Assets/ModernArchViz_SeaView/SeaViewArchViz/Prefabs/Standard/Bathroom/Basket_a_01.prefab
  artifactKey: Guid(66cf1c463be8e6845a85bbc0ac05726d) Importer(815301076,1909f56bfc062723c751e8b465ee728b)
Start importing Assets/ModernArchViz_SeaView/SeaViewArchViz/Prefabs/Standard/Bathroom/Basket_a_01.prefab using Guid(66cf1c463be8e6845a85bbc0ac05726d) Importer(815301076,1909f56bfc062723c751e8b465ee728b)  -> (artifact id: '9cc43b994e33f661290455b9f40163ea') in 0.038924 seconds 
========================================================================
Received Import Request.
  Time since last request: 0.000023 seconds.
  path: Assets/ModernArchViz_SeaView/SeaViewArchViz/Prefabs/Custom/Bathroom/BathSet_a_01.prefab
  artifactKey: Guid(b771b2ede54c467459fb78b2f1fb95f4) Importer(815301076,1909f56bfc062723c751e8b465ee728b)
Start importing Assets/ModernArchViz_SeaView/SeaViewArchViz/Prefabs/Custom/Bathroom/BathSet_a_01.prefab using Guid(b771b2ede54c467459fb78b2f1fb95f4) Importer(815301076,1909f56bfc062723c751e8b465ee728b)  -> (artifact id: '1d52eea0799334c3f509ae7a50fd0369') in 0.041337 seconds 
========================================================================
Received Import Request.
  Time since last request: 0.000037 seconds.
  path: Assets/ModernArchViz_SeaView/SeaViewArchViz/Prefabs/Standard/Living Area/BookRack_b_01.prefab
  artifactKey: Guid(85f97aca47b6c8d44917c1b85bc51b49) Importer(815301076,1909f56bfc062723c751e8b465ee728b)
Start importing Assets/ModernArchViz_SeaView/SeaViewArchViz/Prefabs/Standard/Living Area/BookRack_b_01.prefab using Guid(85f97aca47b6c8d44917c1b85bc51b49) Importer(815301076,1909f56bfc062723c751e8b465ee728b)  -> (artifact id: '4732e385c74cd2661069e0157be452fa') in 0.025205 seconds 
========================================================================
Received Import Request.
  Time since last request: 0.000028 seconds.
  path: Assets/ModernArchViz_SeaView/SeaViewArchViz/Prefabs/Custom/Bathroom/BasinSet_b_01.prefab
  artifactKey: Guid(42b7202bca3475741b21ba22fa2a1106) Importer(815301076,1909f56bfc062723c751e8b465ee728b)
Start importing Assets/ModernArchViz_SeaView/SeaViewArchViz/Prefabs/Custom/Bathroom/BasinSet_b_01.prefab using Guid(42b7202bca3475741b21ba22fa2a1106) Importer(815301076,1909f56bfc062723c751e8b465ee728b)  -> (artifact id: 'cff2f0f407abb38949b658b24c4769f1') in 0.029661 seconds 
========================================================================
Received Import Request.
  Time since last request: 0.000024 seconds.
  path: Assets/ModernArchViz_SeaView/SeaViewArchViz/Prefabs/Custom/Bedroom/BedSet_a_01 1.prefab
  artifactKey: Guid(e0f6701dde2f2684dadcbf33799f9f04) Importer(815301076,1909f56bfc062723c751e8b465ee728b)
Start importing Assets/ModernArchViz_SeaView/SeaViewArchViz/Prefabs/Custom/Bedroom/BedSet_a_01 1.prefab using Guid(e0f6701dde2f2684dadcbf33799f9f04) Importer(815301076,1909f56bfc062723c751e8b465ee728b)  -> (artifact id: '563ff5190e9321949c06a4783b634e0e') in 0.030563 seconds 
========================================================================
Received Import Request.
  Time since last request: 0.000025 seconds.
  path: Assets/ModernArchViz_SeaView/SeaViewArchViz/Prefabs/Custom/Living Area/BookSet_a_01.prefab
  artifactKey: Guid(64088ff6bfd7ebc43ac227537e08ced7) Importer(815301076,1909f56bfc062723c751e8b465ee728b)
Start importing Assets/ModernArchViz_SeaView/SeaViewArchViz/Prefabs/Custom/Living Area/BookSet_a_01.prefab using Guid(64088ff6bfd7ebc43ac227537e08ced7) Importer(815301076,1909f56bfc062723c751e8b465ee728b)  -> (artifact id: '8c3d3b3be0708386b4afd75a7a28cfb3') in 0.027246 seconds 
========================================================================
Received Import Request.
  Time since last request: 0.000030 seconds.
  path: Assets/ModernArchViz_SeaView/SeaViewArchViz/Prefabs/Custom/Living Area/BookRackSet_b_01.prefab
  artifactKey: Guid(26640d2fdedf6044cae38b58058d5b21) Importer(815301076,1909f56bfc062723c751e8b465ee728b)
Start importing Assets/ModernArchViz_SeaView/SeaViewArchViz/Prefabs/Custom/Living Area/BookRackSet_b_01.prefab using Guid(26640d2fdedf6044cae38b58058d5b21) Importer(815301076,1909f56bfc062723c751e8b465ee728b)  -> (artifact id: '100d84d4a7743d41b6b92e0a80a81f1c') in 0.029501 seconds 
========================================================================
Received Import Request.
  Time since last request: 0.000051 seconds.
  path: Assets/ModernArchViz_SeaView/SeaViewArchViz/Prefabs/Custom/Living Area/BookSet_f_01.prefab
  artifactKey: Guid(46aeb8c380778d34598f7d9bde453055) Importer(815301076,1909f56bfc062723c751e8b465ee728b)
Start importing Assets/ModernArchViz_SeaView/SeaViewArchViz/Prefabs/Custom/Living Area/BookSet_f_01.prefab using Guid(46aeb8c380778d34598f7d9bde453055) Importer(815301076,1909f56bfc062723c751e8b465ee728b)  -> (artifact id: '996be944b366bd00aec7df95632ccea2') in 0.026085 seconds 
========================================================================
Received Import Request.
  Time since last request: 0.000029 seconds.
  path: Assets/ModernArchViz_SeaView/SeaViewArchViz/Prefabs/Standard/Living Area/Bowl_a_01.prefab
  artifactKey: Guid(47e7c82c61bbbe1439713edb3cbab29d) Importer(815301076,1909f56bfc062723c751e8b465ee728b)
Start importing Assets/ModernArchViz_SeaView/SeaViewArchViz/Prefabs/Standard/Living Area/Bowl_a_01.prefab using Guid(47e7c82c61bbbe1439713edb3cbab29d) Importer(815301076,1909f56bfc062723c751e8b465ee728b)  -> (artifact id: '24099cc003f181253dadad61017e673e') in 0.027730 seconds 
========================================================================
Received Import Request.
  Time since last request: 0.000045 seconds.
  path: Assets/ModernArchViz_SeaView/SeaViewArchViz/Prefabs/Standard/Living Area/ChandelierLight_c_01.prefab
  artifactKey: Guid(6cbf5cb6b1efe804b84065d58b9f9a9e) Importer(815301076,1909f56bfc062723c751e8b465ee728b)
Start importing Assets/ModernArchViz_SeaView/SeaViewArchViz/Prefabs/Standard/Living Area/ChandelierLight_c_01.prefab using Guid(6cbf5cb6b1efe804b84065d58b9f9a9e) Importer(815301076,1909f56bfc062723c751e8b465ee728b)  -> (artifact id: '09406826b85c8cdd7a5dcd282d46021e') in 0.034100 seconds 
========================================================================
Received Import Request.
  Time since last request: 0.000051 seconds.
  path: Assets/ModernArchViz_SeaView/SeaViewArchViz/Prefabs/Standard/Bedroom/Bed_a_01.prefab
  artifactKey: Guid(c92a9d635e754c54098ddd81544738c8) Importer(815301076,1909f56bfc062723c751e8b465ee728b)
Start importing Assets/ModernArchViz_SeaView/SeaViewArchViz/Prefabs/Standard/Bedroom/Bed_a_01.prefab using Guid(c92a9d635e754c54098ddd81544738c8) Importer(815301076,1909f56bfc062723c751e8b465ee728b)  -> (artifact id: 'd0c4cd2ec9e15ab33b5317d27881c916') in 0.031983 seconds 
========================================================================
Received Import Request.
  Time since last request: 0.000029 seconds.
  path: Assets/ModernArchViz_SeaView/SeaViewArchViz/Prefabs/Standard/Living Area/ChandelierLight_b_01.prefab
  artifactKey: Guid(187c3487b0ee31f4a9225eee9281cddc) Importer(815301076,1909f56bfc062723c751e8b465ee728b)
Start importing Assets/ModernArchViz_SeaView/SeaViewArchViz/Prefabs/Standard/Living Area/ChandelierLight_b_01.prefab using Guid(187c3487b0ee31f4a9225eee9281cddc) Importer(815301076,1909f56bfc062723c751e8b465ee728b)  -> (artifact id: '9722c88ee427daac1587db284e885e7d') in 0.026396 seconds 
========================================================================
Received Import Request.
  Time since last request: 0.000044 seconds.
  path: Assets/ModernArchViz_SeaView/SeaViewArchViz/Prefabs/Custom/Study/BookCaseSet_b_01.prefab
  artifactKey: Guid(91fa7b69c0bd1e54f87e310cdde7e3af) Importer(815301076,1909f56bfc062723c751e8b465ee728b)
Start importing Assets/ModernArchViz_SeaView/SeaViewArchViz/Prefabs/Custom/Study/BookCaseSet_b_01.prefab using Guid(91fa7b69c0bd1e54f87e310cdde7e3af) Importer(815301076,1909f56bfc062723c751e8b465ee728b)  -> (artifact id: 'e1219e7f92d4b12438cbd636325b9414') in 0.037629 seconds 
========================================================================
Received Import Request.
  Time since last request: 0.000029 seconds.
  path: Assets/ModernArchViz_SeaView/SeaViewArchViz/Prefabs/Custom/Living Area/BookSet_d_01.prefab
  artifactKey: Guid(fb83a6bd1ca3c844eba0a90c98a47eda) Importer(815301076,1909f56bfc062723c751e8b465ee728b)
Start importing Assets/ModernArchViz_SeaView/SeaViewArchViz/Prefabs/Custom/Living Area/BookSet_d_01.prefab using Guid(fb83a6bd1ca3c844eba0a90c98a47eda) Importer(815301076,1909f56bfc062723c751e8b465ee728b)  -> (artifact id: 'b52a9f228918bcb891a662cbf17da572') in 0.027486 seconds 
========================================================================
Received Import Request.
  Time since last request: 0.000048 seconds.
  path: Assets/ModernArchViz_SeaView/SeaViewArchViz/Prefabs/Standard/Bathroom/Bath_a_01.prefab
  artifactKey: Guid(7e6bca1d9b794b443acbd1991a8dd0af) Importer(815301076,1909f56bfc062723c751e8b465ee728b)
Start importing Assets/ModernArchViz_SeaView/SeaViewArchViz/Prefabs/Standard/Bathroom/Bath_a_01.prefab using Guid(7e6bca1d9b794b443acbd1991a8dd0af) Importer(815301076,1909f56bfc062723c751e8b465ee728b)  -> (artifact id: '160861561e3e1decc4db116791fd6b86') in 0.027114 seconds 
========================================================================
Received Import Request.
  Time since last request: 0.000025 seconds.
  path: Assets/ModernArchViz_SeaView/SeaViewArchViz/Prefabs/Standard/Bathroom/Bowl_c_01.prefab
  artifactKey: Guid(fe2c8d15c652e0d4f8f217fc1c3ce03f) Importer(815301076,1909f56bfc062723c751e8b465ee728b)
Start importing Assets/ModernArchViz_SeaView/SeaViewArchViz/Prefabs/Standard/Bathroom/Bowl_c_01.prefab using Guid(fe2c8d15c652e0d4f8f217fc1c3ce03f) Importer(815301076,1909f56bfc062723c751e8b465ee728b)  -> (artifact id: 'f216aa4196d061437fe320e437f4c1d2') in 0.024703 seconds 
========================================================================
Received Import Request.
  Time since last request: 0.000029 seconds.
  path: Assets/ModernArchViz_SeaView/SeaViewArchViz/Prefabs/Standard/Bedroom/Bed_b_01.prefab
  artifactKey: Guid(ccf6cee3f2843ad43b64777b1267803a) Importer(815301076,1909f56bfc062723c751e8b465ee728b)
Start importing Assets/ModernArchViz_SeaView/SeaViewArchViz/Prefabs/Standard/Bedroom/Bed_b_01.prefab using Guid(ccf6cee3f2843ad43b64777b1267803a) Importer(815301076,1909f56bfc062723c751e8b465ee728b)  -> (artifact id: '72070e4e15d27bab00599ce69835e7ca') in 0.026717 seconds 
========================================================================
Received Import Request.
  Time since last request: 0.000030 seconds.
  path: Assets/ModernArchViz_SeaView/SeaViewArchViz/Prefabs/Custom/Study/CabinetteBookCase_a_01.prefab
  artifactKey: Guid(ed802b492f726aa42a94b78dcb3e20c1) Importer(815301076,1909f56bfc062723c751e8b465ee728b)
Start importing Assets/ModernArchViz_SeaView/SeaViewArchViz/Prefabs/Custom/Study/CabinetteBookCase_a_01.prefab using Guid(ed802b492f726aa42a94b78dcb3e20c1) Importer(815301076,1909f56bfc062723c751e8b465ee728b)  -> (artifact id: 'cea9456e77ef97b9156a3be5d63d37ca') in 0.077342 seconds 
========================================================================
Received Import Request.
  Time since last request: 0.000038 seconds.
  path: Assets/ModernArchViz_SeaView/SeaViewArchViz/Prefabs/Custom/Bathroom/BasinSet_c_01.prefab
  artifactKey: Guid(906d8e1c5d34e094790d8a1964b2e1a8) Importer(815301076,1909f56bfc062723c751e8b465ee728b)
Start importing Assets/ModernArchViz_SeaView/SeaViewArchViz/Prefabs/Custom/Bathroom/BasinSet_c_01.prefab using Guid(906d8e1c5d34e094790d8a1964b2e1a8) Importer(815301076,1909f56bfc062723c751e8b465ee728b)  -> (artifact id: 'a877a87cee4897d1c3a3e3039d997d84') in 0.036977 seconds 
========================================================================
Received Import Request.
  Time since last request: 0.000025 seconds.
  path: Assets/ModernArchViz_SeaView/SeaViewArchViz/Prefabs/Standard/Bathroom/Basket_b_01.prefab
  artifactKey: Guid(7711f10074a427d4dae10e1d75832f53) Importer(815301076,1909f56bfc062723c751e8b465ee728b)
Start importing Assets/ModernArchViz_SeaView/SeaViewArchViz/Prefabs/Standard/Bathroom/Basket_b_01.prefab using Guid(7711f10074a427d4dae10e1d75832f53) Importer(815301076,1909f56bfc062723c751e8b465ee728b)  -> (artifact id: '707ecf745762718ef305067cfe03bdc4') in 0.025322 seconds 
========================================================================
Received Import Request.
  Time since last request: 1.625538 seconds.
  path: Assets/ModernArchViz_SeaView/SeaViewArchViz/Prefabs/Standard/Bedroom/Closet_a_01.prefab
  artifactKey: Guid(e9036d19e795b9845b41945d50003e75) Importer(815301076,1909f56bfc062723c751e8b465ee728b)
Start importing Assets/ModernArchViz_SeaView/SeaViewArchViz/Prefabs/Standard/Bedroom/Closet_a_01.prefab using Guid(e9036d19e795b9845b41945d50003e75) Importer(815301076,1909f56bfc062723c751e8b465ee728b)  -> (artifact id: '4e6cf7780ef36324a5ca237cc3d026db') in 0.046606 seconds 
========================================================================
Received Import Request.
  Time since last request: 0.000039 seconds.
  path: Assets/ModernArchViz_SeaView/SeaViewArchViz/Prefabs/Standard/Bedroom/CoatHanger_a_01.prefab
  artifactKey: Guid(5dbc001e34b68c547ace2c344bc46d26) Importer(815301076,1909f56bfc062723c751e8b465ee728b)
Start importing Assets/ModernArchViz_SeaView/SeaViewArchViz/Prefabs/Standard/Bedroom/CoatHanger_a_01.prefab using Guid(5dbc001e34b68c547ace2c344bc46d26) Importer(815301076,1909f56bfc062723c751e8b465ee728b)  -> (artifact id: '66f7d9b67523d5465db3f87fca877df4') in 0.053588 seconds 
========================================================================
Received Import Request.
  Time since last request: 0.000058 seconds.
  path: Assets/ModernArchViz_SeaView/SeaViewArchViz/Prefabs/Standard/Living Area/Couch_a_01.prefab
  artifactKey: Guid(e2bed1e1a6e8de94ba47ff6882a189de) Importer(815301076,1909f56bfc062723c751e8b465ee728b)
Start importing Assets/ModernArchViz_SeaView/SeaViewArchViz/Prefabs/Standard/Living Area/Couch_a_01.prefab using Guid(e2bed1e1a6e8de94ba47ff6882a189de) Importer(815301076,1909f56bfc062723c751e8b465ee728b)  -> (artifact id: '5ee563ee11d00cbbca3b21146596e220') in 0.029637 seconds 
========================================================================
Received Import Request.
  Time since last request: 0.000031 seconds.
  path: Assets/ModernArchViz_SeaView/SeaViewArchViz/Prefabs/Standard/Living Area/Couch_c_01.prefab
  artifactKey: Guid(eac76f1ae7579264f96fe488e58a7c16) Importer(815301076,1909f56bfc062723c751e8b465ee728b)
Start importing Assets/ModernArchViz_SeaView/SeaViewArchViz/Prefabs/Standard/Living Area/Couch_c_01.prefab using Guid(eac76f1ae7579264f96fe488e58a7c16) Importer(815301076,1909f56bfc062723c751e8b465ee728b)  -> (artifact id: '4b6ce30c4b4d295fb824d96542bd5861') in 0.030999 seconds 
========================================================================
Received Import Request.
  Time since last request: 0.000025 seconds.
  path: Assets/ModernArchViz_SeaView/SeaViewArchViz/Prefabs/Custom/Living Area/CoffeeLoungeSet_a_01.prefab
  artifactKey: Guid(38d33f0e9715eb448bb8119a9e8eb16a) Importer(815301076,1909f56bfc062723c751e8b465ee728b)
Start importing Assets/ModernArchViz_SeaView/SeaViewArchViz/Prefabs/Custom/Living Area/CoffeeLoungeSet_a_01.prefab using Guid(38d33f0e9715eb448bb8119a9e8eb16a) Importer(815301076,1909f56bfc062723c751e8b465ee728b)  -> (artifact id: '0b5da6357a6d68f30f1bfde77c48c7db') in 0.031749 seconds 
========================================================================
Received Import Request.
  Time since last request: 0.452019 seconds.
  path: Assets/ModernArchViz_SeaView/SeaViewArchViz/Prefabs/Custom/Living Area/CouchSet_c_01.prefab
  artifactKey: Guid(30572e5de505f6d499688c1ab983e904) Importer(815301076,1909f56bfc062723c751e8b465ee728b)
Start importing Assets/ModernArchViz_SeaView/SeaViewArchViz/Prefabs/Custom/Living Area/CouchSet_c_01.prefab using Guid(30572e5de505f6d499688c1ab983e904) Importer(815301076,1909f56bfc062723c751e8b465ee728b)  -> (artifact id: '7346a9de47b4d5146990bced36436cb6') in 0.066097 seconds 
========================================================================
Received Import Request.
  Time since last request: 0.000042 seconds.
  path: Assets/ModernArchViz_SeaView/SeaViewArchViz/Prefabs/Standard/Bathroom/Cup_a_01.prefab
  artifactKey: Guid(877e397bc1b467646b28a87515c6f0f8) Importer(815301076,1909f56bfc062723c751e8b465ee728b)
Start importing Assets/ModernArchViz_SeaView/SeaViewArchViz/Prefabs/Standard/Bathroom/Cup_a_01.prefab using Guid(877e397bc1b467646b28a87515c6f0f8) Importer(815301076,1909f56bfc062723c751e8b465ee728b)  -> (artifact id: '8254dc3d91e5024b137223e419b95f4e') in 0.032993 seconds 
========================================================================
Received Import Request.
  Time since last request: 0.000038 seconds.
  path: Assets/ModernArchViz_SeaView/SeaViewArchViz/Prefabs/Standard/Bedroom/Cupboard_c_01.prefab
  artifactKey: Guid(0de5f737d11aeb24694d5f1d74889d02) Importer(815301076,1909f56bfc062723c751e8b465ee728b)
Start importing Assets/ModernArchViz_SeaView/SeaViewArchViz/Prefabs/Standard/Bedroom/Cupboard_c_01.prefab using Guid(0de5f737d11aeb24694d5f1d74889d02) Importer(815301076,1909f56bfc062723c751e8b465ee728b)  -> (artifact id: '6afc471881098e3c3e3a10323b300ad2') in 0.032370 seconds 
========================================================================
Received Import Request.
  Time since last request: 0.000024 seconds.
  path: Assets/ModernArchViz_SeaView/SeaViewArchViz/Prefabs/Standard/Bathroom/Counter_b_01.prefab
  artifactKey: Guid(a5465a72aa0d4704086be60897ad15cb) Importer(815301076,1909f56bfc062723c751e8b465ee728b)
Start importing Assets/ModernArchViz_SeaView/SeaViewArchViz/Prefabs/Standard/Bathroom/Counter_b_01.prefab using Guid(a5465a72aa0d4704086be60897ad15cb) Importer(815301076,1909f56bfc062723c751e8b465ee728b)  -> (artifact id: '3c14631410102619995e865de693fdce') in 0.028991 seconds 
========================================================================
Received Import Request.
  Time since last request: 0.000039 seconds.
  path: Assets/ModernArchViz_SeaView/SeaViewArchViz/Prefabs/Standard/Laundry room/Counter_a_01.prefab
  artifactKey: Guid(d2524ea23d52ab647bd39853287e78ca) Importer(815301076,1909f56bfc062723c751e8b465ee728b)
Start importing Assets/ModernArchViz_SeaView/SeaViewArchViz/Prefabs/Standard/Laundry room/Counter_a_01.prefab using Guid(d2524ea23d52ab647bd39853287e78ca) Importer(815301076,1909f56bfc062723c751e8b465ee728b)  -> (artifact id: '8171fc78e4fce6170ab6e2f2ff88f362') in 0.030938 seconds 
========================================================================
Received Import Request.
  Time since last request: 0.000029 seconds.
  path: Assets/ModernArchViz_SeaView/SeaViewArchViz/Prefabs/Standard/Bedroom/DeskChair_b_01.prefab
  artifactKey: Guid(59b7ca554f7c8934eb3e650156a4416c) Importer(815301076,1909f56bfc062723c751e8b465ee728b)
Start importing Assets/ModernArchViz_SeaView/SeaViewArchViz/Prefabs/Standard/Bedroom/DeskChair_b_01.prefab using Guid(59b7ca554f7c8934eb3e650156a4416c) Importer(815301076,1909f56bfc062723c751e8b465ee728b)  -> (artifact id: '2bb1fddfd73de28f4e7ae576b4ac582b') in 0.031545 seconds 
========================================================================
Received Import Request.
  Time since last request: 0.000023 seconds.
  path: Assets/ModernArchViz_SeaView/SeaViewArchViz/Prefabs/Standard/Living Area/DinnerPlate_a_01.prefab
  artifactKey: Guid(87b9b81b0cedf1540a87e5e0e993b498) Importer(815301076,1909f56bfc062723c751e8b465ee728b)
Start importing Assets/ModernArchViz_SeaView/SeaViewArchViz/Prefabs/Standard/Living Area/DinnerPlate_a_01.prefab using Guid(87b9b81b0cedf1540a87e5e0e993b498) Importer(815301076,1909f56bfc062723c751e8b465ee728b)  -> (artifact id: '30c3e28267b9100f1b86103943dc9bb8') in 0.027997 seconds 
========================================================================
Received Import Request.
  Time since last request: 0.000039 seconds.
  path: Assets/ModernArchViz_SeaView/SeaViewArchViz/Prefabs/Standard/Living Area/Fork_a_01.prefab
  artifactKey: Guid(d1948b71cf26f2046a38beba1ffb0b89) Importer(815301076,1909f56bfc062723c751e8b465ee728b)
Start importing Assets/ModernArchViz_SeaView/SeaViewArchViz/Prefabs/Standard/Living Area/Fork_a_01.prefab using Guid(d1948b71cf26f2046a38beba1ffb0b89) Importer(815301076,1909f56bfc062723c751e8b465ee728b)  -> (artifact id: '41b2d4e88d419fb4227f7c91017de4b1') in 0.029658 seconds 
========================================================================
Received Import Request.
  Time since last request: 0.000024 seconds.
  path: Assets/ModernArchViz_SeaView/SeaViewArchViz/Prefabs/Custom/Living Area/DiningTableSet_b_01.prefab
  artifactKey: Guid(aef70823415cc2e458b641309fda2d6f) Importer(815301076,1909f56bfc062723c751e8b465ee728b)
Start importing Assets/ModernArchViz_SeaView/SeaViewArchViz/Prefabs/Custom/Living Area/DiningTableSet_b_01.prefab using Guid(aef70823415cc2e458b641309fda2d6f) Importer(815301076,1909f56bfc062723c751e8b465ee728b)  -> (artifact id: '5a8b0bf2415f29a666403531dd574b27') in 0.032481 seconds 
========================================================================
Received Import Request.
  Time since last request: 0.000031 seconds.
  path: Assets/ModernArchViz_SeaView/SeaViewArchViz/Prefabs/Standard/Bedroom/Drawer_a_01.prefab
  artifactKey: Guid(8d4dfa9df955ce14a90212c8776e2c60) Importer(815301076,1909f56bfc062723c751e8b465ee728b)
Start importing Assets/ModernArchViz_SeaView/SeaViewArchViz/Prefabs/Standard/Bedroom/Drawer_a_01.prefab using Guid(8d4dfa9df955ce14a90212c8776e2c60) Importer(815301076,1909f56bfc062723c751e8b465ee728b)  -> (artifact id: '33c966c0f6f2bc1eb600583bea43fb35') in 0.028271 seconds 
========================================================================
Received Import Request.
  Time since last request: 0.478384 seconds.
  path: Assets/ModernArchViz_SeaView/SeaViewArchViz/Prefabs/Standard/Living Area/FreestandMirror_a_01.prefab
  artifactKey: Guid(a76707543568cca4d9cef8c444d9d9dc) Importer(815301076,1909f56bfc062723c751e8b465ee728b)
Start importing Assets/ModernArchViz_SeaView/SeaViewArchViz/Prefabs/Standard/Living Area/FreestandMirror_a_01.prefab using Guid(a76707543568cca4d9cef8c444d9d9dc) Importer(815301076,1909f56bfc062723c751e8b465ee728b)  -> (artifact id: 'ca1a71bffb09191f2e0083e7fa41d0b7') in 0.073619 seconds 
========================================================================
Received Import Request.
  Time since last request: 0.000030 seconds.
  path: Assets/ModernArchViz_SeaView/SeaViewArchViz/Prefabs/Standard/Laundry room/Iron_a_01.prefab
  artifactKey: Guid(1e89884841211e54b89af44beab50089) Importer(815301076,1909f56bfc062723c751e8b465ee728b)
Start importing Assets/ModernArchViz_SeaView/SeaViewArchViz/Prefabs/Standard/Laundry room/Iron_a_01.prefab using Guid(1e89884841211e54b89af44beab50089) Importer(815301076,1909f56bfc062723c751e8b465ee728b)  -> (artifact id: 'fcdc4f1927e28f9a26c95f7510895ea9') in 0.041826 seconds 
========================================================================
Received Import Request.
  Time since last request: 0.000215 seconds.
  path: Assets/ModernArchViz_SeaView/SeaViewArchViz/Prefabs/Standard/Bedroom/LEDLight_a_01.prefab
  artifactKey: Guid(83591e793431d714c91f6dc0e82a6ec4) Importer(815301076,1909f56bfc062723c751e8b465ee728b)
Start importing Assets/ModernArchViz_SeaView/SeaViewArchViz/Prefabs/Standard/Bedroom/LEDLight_a_01.prefab using Guid(83591e793431d714c91f6dc0e82a6ec4) Importer(815301076,1909f56bfc062723c751e8b465ee728b)  -> (artifact id: '367cb59a945e640afee49aeced4bb79c') in 0.051796 seconds 
========================================================================
Received Import Request.
  Time since last request: 0.000032 seconds.
  path: Assets/ModernArchViz_SeaView/SeaViewArchViz/Prefabs/Custom/Living Area/KitchenCounterSet_b_01.prefab
  artifactKey: Guid(3fbe5d96faaa5544291d4856f9739e1b) Importer(815301076,1909f56bfc062723c751e8b465ee728b)
Start importing Assets/ModernArchViz_SeaView/SeaViewArchViz/Prefabs/Custom/Living Area/KitchenCounterSet_b_01.prefab using Guid(3fbe5d96faaa5544291d4856f9739e1b) Importer(815301076,1909f56bfc062723c751e8b465ee728b)  -> (artifact id: 'e672d761e5e4ff4466301275f8fc9201') in 0.030289 seconds 
========================================================================
Received Import Request.
  Time since last request: 0.000041 seconds.
  path: Assets/ModernArchViz_SeaView/SeaViewArchViz/Prefabs/Standard/Living Area/KitchenCounter_c_01.prefab
  artifactKey: Guid(7f5e16777970b454eb84256a8ed2e633) Importer(815301076,1909f56bfc062723c751e8b465ee728b)
Start importing Assets/ModernArchViz_SeaView/SeaViewArchViz/Prefabs/Standard/Living Area/KitchenCounter_c_01.prefab using Guid(7f5e16777970b454eb84256a8ed2e633) Importer(815301076,1909f56bfc062723c751e8b465ee728b)  -> (artifact id: '30380d90031741a09426f32c30a18965') in 0.027483 seconds 
========================================================================
Received Import Request.
  Time since last request: 0.000048 seconds.
  path: Assets/ModernArchViz_SeaView/SeaViewArchViz/Prefabs/Standard/Living Area/MagazineOpen_a_01.prefab
  artifactKey: Guid(4ae9011e6dcd95f4ebe8137718a7b86c) Importer(815301076,1909f56bfc062723c751e8b465ee728b)
Start importing Assets/ModernArchViz_SeaView/SeaViewArchViz/Prefabs/Standard/Living Area/MagazineOpen_a_01.prefab using Guid(4ae9011e6dcd95f4ebe8137718a7b86c) Importer(815301076,1909f56bfc062723c751e8b465ee728b)  -> (artifact id: '89d0622c1efa194dcef39ea1ce48153b') in 0.032058 seconds 
========================================================================
Received Import Request.
  Time since last request: 0.000022 seconds.
  path: Assets/ModernArchViz_SeaView/SeaViewArchViz/Prefabs/Custom/Living Area/MagazineSet_a_01.prefab
  artifactKey: Guid(f9c6700973ed5234a8fe6d82846477b4) Importer(815301076,1909f56bfc062723c751e8b465ee728b)
Start importing Assets/ModernArchViz_SeaView/SeaViewArchViz/Prefabs/Custom/Living Area/MagazineSet_a_01.prefab using Guid(f9c6700973ed5234a8fe6d82846477b4) Importer(815301076,1909f56bfc062723c751e8b465ee728b)  -> (artifact id: 'b50313a5c31d84d596c21fd291bc81f5') in 0.036316 seconds 
========================================================================
Received Import Request.
  Time since last request: 0.000026 seconds.
  path: Assets/ModernArchViz_SeaView/SeaViewArchViz/Prefabs/Standard/Bedroom/HangingLight_a_01.prefab
  artifactKey: Guid(447ed0bad467f8243b5c9af6d235bec8) Importer(815301076,1909f56bfc062723c751e8b465ee728b)
Start importing Assets/ModernArchViz_SeaView/SeaViewArchViz/Prefabs/Standard/Bedroom/HangingLight_a_01.prefab using Guid(447ed0bad467f8243b5c9af6d235bec8) Importer(815301076,1909f56bfc062723c751e8b465ee728b)  -> (artifact id: '817fc485adb3e3ae9129b96c3265ebff') in 0.028754 seconds 
========================================================================
Received Import Request.
  Time since last request: 0.000028 seconds.
  path: Assets/ModernArchViz_SeaView/SeaViewArchViz/Prefabs/Standard/Hallway/FreetsandingLamp_d_01.prefab
  artifactKey: Guid(e93b7d33387bac148a00da263d7f1259) Importer(815301076,1909f56bfc062723c751e8b465ee728b)
Start importing Assets/ModernArchViz_SeaView/SeaViewArchViz/Prefabs/Standard/Hallway/FreetsandingLamp_d_01.prefab using Guid(e93b7d33387bac148a00da263d7f1259) Importer(815301076,1909f56bfc062723c751e8b465ee728b)  -> (artifact id: '1064a1d228810824f8e0a230021be4db') in 0.028907 seconds 
========================================================================
Received Import Request.
  Time since last request: 0.000026 seconds.
  path: Assets/ModernArchViz_SeaView/SeaViewArchViz/Prefabs/Standard/Living Area/Magazine_a_01.prefab
  artifactKey: Guid(94bf7f403b7a9d74493275f19314380d) Importer(815301076,1909f56bfc062723c751e8b465ee728b)
Start importing Assets/ModernArchViz_SeaView/SeaViewArchViz/Prefabs/Standard/Living Area/Magazine_a_01.prefab using Guid(94bf7f403b7a9d74493275f19314380d) Importer(815301076,1909f56bfc062723c751e8b465ee728b)  -> (artifact id: 'b28bd9f95f965d53a9130787ffc12d5a') in 0.023790 seconds 
========================================================================
Received Import Request.
  Time since last request: 0.341646 seconds.
  path: Assets/ModernArchViz_SeaView/SeaViewArchViz/Prefabs/Standard/Bathroom/Mirror_b_01.prefab
  artifactKey: Guid(dc2ee40e736079c4eab7a2c4580d1bc7) Importer(815301076,1909f56bfc062723c751e8b465ee728b)
Start importing Assets/ModernArchViz_SeaView/SeaViewArchViz/Prefabs/Standard/Bathroom/Mirror_b_01.prefab using Guid(dc2ee40e736079c4eab7a2c4580d1bc7) Importer(815301076,1909f56bfc062723c751e8b465ee728b)  -> (artifact id: '866196777d9b7468719e1e8747f57846') in 0.041833 seconds 
========================================================================
Received Import Request.
  Time since last request: 0.000039 seconds.
  path: Assets/ModernArchViz_SeaView/SeaViewArchViz/Prefabs/Standard/Study/PC_Mouse_a_01.prefab
  artifactKey: Guid(7bd783b280738eb4a9fd0a673f0543ef) Importer(815301076,1909f56bfc062723c751e8b465ee728b)
Start importing Assets/ModernArchViz_SeaView/SeaViewArchViz/Prefabs/Standard/Study/PC_Mouse_a_01.prefab using Guid(7bd783b280738eb4a9fd0a673f0543ef) Importer(815301076,1909f56bfc062723c751e8b465ee728b)  -> (artifact id: 'de82a841b9d8119b54676a273a377d7f') in 0.033404 seconds 
========================================================================
Received Import Request.
  Time since last request: 0.000030 seconds.
  path: Assets/ModernArchViz_SeaView/SeaViewArchViz/Prefabs/Custom/Study/OrnamentSet_a_01.prefab
  artifactKey: Guid(f1d2e5c2fe8235148b77f4f7c5d2d751) Importer(815301076,1909f56bfc062723c751e8b465ee728b)
Start importing Assets/ModernArchViz_SeaView/SeaViewArchViz/Prefabs/Custom/Study/OrnamentSet_a_01.prefab using Guid(f1d2e5c2fe8235148b77f4f7c5d2d751) Importer(815301076,1909f56bfc062723c751e8b465ee728b)  -> (artifact id: '5cb3cedac6d4d9998ef660becc86162a') in 0.031788 seconds 
========================================================================
Received Import Request.
  Time since last request: 0.000043 seconds.
  path: Assets/ModernArchViz_SeaView/SeaViewArchViz/Prefabs/Standard/Study/Ornament_d_01.prefab
  artifactKey: Guid(afef12090b22a884dafea9f4e5d6bb22) Importer(815301076,1909f56bfc062723c751e8b465ee728b)
Start importing Assets/ModernArchViz_SeaView/SeaViewArchViz/Prefabs/Standard/Study/Ornament_d_01.prefab using Guid(afef12090b22a884dafea9f4e5d6bb22) Importer(815301076,1909f56bfc062723c751e8b465ee728b)  -> (artifact id: '98f3320c9c7cace86655149fe58483ff') in 0.025648 seconds 
========================================================================
Received Import Request.
  Time since last request: 0.000025 seconds.
  path: Assets/ModernArchViz_SeaView/SeaViewArchViz/Prefabs/Standard/Study/Ornament_a_01.prefab
  artifactKey: Guid(d7e6cc62ed643f348b45c7755bb151b4) Importer(815301076,1909f56bfc062723c751e8b465ee728b)
Start importing Assets/ModernArchViz_SeaView/SeaViewArchViz/Prefabs/Standard/Study/Ornament_a_01.prefab using Guid(d7e6cc62ed643f348b45c7755bb151b4) Importer(815301076,1909f56bfc062723c751e8b465ee728b)  -> (artifact id: 'a6a550bb094390813de43292bbfa94ca') in 0.029114 seconds 
========================================================================
Received Import Request.
  Time since last request: 0.000023 seconds.
  path: Assets/ModernArchViz_SeaView/SeaViewArchViz/Prefabs/Standard/Hallway/PaintingSmall_c_01.prefab
  artifactKey: Guid(f8ea70a1cd62475499b97fd318125be5) Importer(815301076,1909f56bfc062723c751e8b465ee728b)
Start importing Assets/ModernArchViz_SeaView/SeaViewArchViz/Prefabs/Standard/Hallway/PaintingSmall_c_01.prefab using Guid(f8ea70a1cd62475499b97fd318125be5) Importer(815301076,1909f56bfc062723c751e8b465ee728b)  -> (artifact id: 'e1396a248b8b6b3a847a852525f5d7cc') in 0.021972 seconds 
========================================================================
Received Import Request.
  Time since last request: 0.000027 seconds.
  path: Assets/ModernArchViz_SeaView/SeaViewArchViz/Prefabs/Standard/Bedroom/NightStand_b_01.prefab
  artifactKey: Guid(19419047536363d488a380649b6bfbda) Importer(815301076,1909f56bfc062723c751e8b465ee728b)
Start importing Assets/ModernArchViz_SeaView/SeaViewArchViz/Prefabs/Standard/Bedroom/NightStand_b_01.prefab using Guid(19419047536363d488a380649b6bfbda) Importer(815301076,1909f56bfc062723c751e8b465ee728b)  -> (artifact id: '7f2862e906be721c9fe077d2baef438c') in 0.026281 seconds 
========================================================================
Received Import Request.
  Time since last request: 0.000027 seconds.
  path: Assets/ModernArchViz_SeaView/SeaViewArchViz/Prefabs/Standard/Study/Ornament_f_01.prefab
  artifactKey: Guid(776ead0ad6b4528429b2431c426a23f6) Importer(815301076,1909f56bfc062723c751e8b465ee728b)
Start importing Assets/ModernArchViz_SeaView/SeaViewArchViz/Prefabs/Standard/Study/Ornament_f_01.prefab using Guid(776ead0ad6b4528429b2431c426a23f6) Importer(815301076,1909f56bfc062723c751e8b465ee728b)  -> (artifact id: '7d7c582cfd49194a145bcad9a0f32e2b') in 0.023748 seconds 
========================================================================
Received Import Request.
  Time since last request: 0.000035 seconds.
  path: Assets/ModernArchViz_SeaView/SeaViewArchViz/Prefabs/Standard/Hallway/PaintingSmall_d_01.prefab
  artifactKey: Guid(d9f8c7904865b9f4ea991c56af5384db) Importer(815301076,1909f56bfc062723c751e8b465ee728b)
Start importing Assets/ModernArchViz_SeaView/SeaViewArchViz/Prefabs/Standard/Hallway/PaintingSmall_d_01.prefab using Guid(d9f8c7904865b9f4ea991c56af5384db) Importer(815301076,1909f56bfc062723c751e8b465ee728b)  -> (artifact id: '816b8d2ed9a67b3803659664a95c8ead') in 0.022751 seconds 
========================================================================
Received Import Request.
  Time since last request: 0.000036 seconds.
  path: Assets/ModernArchViz_SeaView/SeaViewArchViz/Prefabs/Standard/Living Area/Oven_a_01.prefab
  artifactKey: Guid(9460b6164fdc54d4c9de6238923bd141) Importer(815301076,1909f56bfc062723c751e8b465ee728b)
Start importing Assets/ModernArchViz_SeaView/SeaViewArchViz/Prefabs/Standard/Living Area/Oven_a_01.prefab using Guid(9460b6164fdc54d4c9de6238923bd141) Importer(815301076,1909f56bfc062723c751e8b465ee728b)  -> (artifact id: 'b5ed9206f00fb8af8dba07316480b85d') in 0.023209 seconds 
========================================================================
Received Import Request.
  Time since last request: 0.000026 seconds.
  path: Assets/ModernArchViz_SeaView/SeaViewArchViz/Prefabs/Custom/Bedroom/PlantPot_a_01.prefab
  artifactKey: Guid(b118ca49f9b711c4fbd43b2ab1c4101a) Importer(815301076,1909f56bfc062723c751e8b465ee728b)
Start importing Assets/ModernArchViz_SeaView/SeaViewArchViz/Prefabs/Custom/Bedroom/PlantPot_a_01.prefab using Guid(b118ca49f9b711c4fbd43b2ab1c4101a) Importer(815301076,1909f56bfc062723c751e8b465ee728b)  -> (artifact id: 'bb8983420b9c9233501e56c3a9121035') in 0.023662 seconds 
========================================================================
Received Import Request.
  Time since last request: 0.000038 seconds.
  path: Assets/ModernArchViz_SeaView/SeaViewArchViz/Prefabs/Standard/Living Area/PlantsCentrePiece_a_01.prefab
  artifactKey: Guid(cdc450138ab008140907d3d2315f95e7) Importer(815301076,1909f56bfc062723c751e8b465ee728b)
Start importing Assets/ModernArchViz_SeaView/SeaViewArchViz/Prefabs/Standard/Living Area/PlantsCentrePiece_a_01.prefab using Guid(cdc450138ab008140907d3d2315f95e7) Importer(815301076,1909f56bfc062723c751e8b465ee728b)  -> (artifact id: 'df21c382f619b0adc32bd6b1eda552fe') in 0.024411 seconds 
========================================================================
Received Import Request.
  Time since last request: 0.000043 seconds.
  path: Assets/ModernArchViz_SeaView/SeaViewArchViz/Prefabs/Standard/Bathroom/Shelve_c_01.prefab
  artifactKey: Guid(6dd1a714aa658e540b10b8d84db3730b) Importer(815301076,1909f56bfc062723c751e8b465ee728b)
Start importing Assets/ModernArchViz_SeaView/SeaViewArchViz/Prefabs/Standard/Bathroom/Shelve_c_01.prefab using Guid(6dd1a714aa658e540b10b8d84db3730b) Importer(815301076,1909f56bfc062723c751e8b465ee728b)  -> (artifact id: '687320c5d97624c826ffa785f04c9e92') in 0.024469 seconds 
========================================================================
Received Import Request.
  Time since last request: 0.000021 seconds.
  path: Assets/ModernArchViz_SeaView/SeaViewArchViz/Prefabs/Standard/Bathroom/Shelve_b_01.prefab
  artifactKey: Guid(47dee8cf9a14ae34ea863fca5599060f) Importer(815301076,1909f56bfc062723c751e8b465ee728b)
Start importing Assets/ModernArchViz_SeaView/SeaViewArchViz/Prefabs/Standard/Bathroom/Shelve_b_01.prefab using Guid(47dee8cf9a14ae34ea863fca5599060f) Importer(815301076,1909f56bfc062723c751e8b465ee728b)  -> (artifact id: '301d5cb3302804e2004d9a7d2b7706af') in 0.027206 seconds 
========================================================================
Received Import Request.
  Time since last request: 0.000027 seconds.
  path: Assets/ModernArchViz_SeaView/SeaViewArchViz/Prefabs/Standard/Bathroom/Shelve_a_01.prefab
  artifactKey: Guid(66db18f8df1975f4dbb8ab8e7c379f5d) Importer(815301076,1909f56bfc062723c751e8b465ee728b)
Start importing Assets/ModernArchViz_SeaView/SeaViewArchViz/Prefabs/Standard/Bathroom/Shelve_a_01.prefab using Guid(66db18f8df1975f4dbb8ab8e7c379f5d) Importer(815301076,1909f56bfc062723c751e8b465ee728b)  -> (artifact id: '5f931ac7d2523c4a66d2e7d5833a34c8') in 0.025566 seconds 
========================================================================
Received Import Request.
  Time since last request: 0.000027 seconds.
  path: Assets/ModernArchViz_SeaView/SeaViewArchViz/Prefabs/Custom/Bathroom/RollsOnStand_a_01.prefab
  artifactKey: Guid(d5c636af0cf726b469631251a0c71740) Importer(815301076,1909f56bfc062723c751e8b465ee728b)
Start importing Assets/ModernArchViz_SeaView/SeaViewArchViz/Prefabs/Custom/Bathroom/RollsOnStand_a_01.prefab using Guid(d5c636af0cf726b469631251a0c71740) Importer(815301076,1909f56bfc062723c751e8b465ee728b)  -> (artifact id: '00f0b4f2dbe776ed1368eaf5a8793ee1') in 0.025567 seconds 
========================================================================
Received Import Request.
  Time since last request: 0.000033 seconds.
  path: Assets/ModernArchViz_SeaView/SeaViewArchViz/Prefabs/Standard/Study/Sculpture_d_01.prefab
  artifactKey: Guid(9f1edcda029144a4c89e1da98888e80f) Importer(815301076,1909f56bfc062723c751e8b465ee728b)
Start importing Assets/ModernArchViz_SeaView/SeaViewArchViz/Prefabs/Standard/Study/Sculpture_d_01.prefab using Guid(9f1edcda029144a4c89e1da98888e80f) Importer(815301076,1909f56bfc062723c751e8b465ee728b)  -> (artifact id: '7834d77a8420d9ebee9c108b2d43c78f') in 0.029935 seconds 
========================================================================
Received Import Request.
  Time since last request: 0.000029 seconds.
  path: Assets/ModernArchViz_SeaView/SeaViewArchViz/Prefabs/Standard/Hallway/Pot_b_01.prefab
  artifactKey: Guid(142a9e2b01cf5674ea7a5d7e42826274) Importer(815301076,1909f56bfc062723c751e8b465ee728b)
Start importing Assets/ModernArchViz_SeaView/SeaViewArchViz/Prefabs/Standard/Hallway/Pot_b_01.prefab using Guid(142a9e2b01cf5674ea7a5d7e42826274) Importer(815301076,1909f56bfc062723c751e8b465ee728b)  -> (artifact id: 'df3b5c95516d153308a742cbc8ffd903') in 0.027524 seconds 
========================================================================
Received Import Request.
  Time since last request: 0.000026 seconds.
  path: Assets/ModernArchViz_SeaView/SeaViewArchViz/Prefabs/Custom/Hallway/PlantPot_a_01.prefab
  artifactKey: Guid(88f4f60d76e1ca44990984dac51e3f3d) Importer(815301076,1909f56bfc062723c751e8b465ee728b)
Start importing Assets/ModernArchViz_SeaView/SeaViewArchViz/Prefabs/Custom/Hallway/PlantPot_a_01.prefab using Guid(88f4f60d76e1ca44990984dac51e3f3d) Importer(815301076,1909f56bfc062723c751e8b465ee728b)  -> (artifact id: '58e3863a5ca32efcfe13a6cbfd11764f') in 0.027137 seconds 
========================================================================
Received Import Request.
  Time since last request: 0.198792 seconds.
  path: Assets/ModernArchViz_SeaView/SeaViewArchViz/Prefabs/Standard/Bathroom/ShowerHead_a_01.prefab
  artifactKey: Guid(2a475f6f367ebe648ba93f639ef005b9) Importer(815301076,1909f56bfc062723c751e8b465ee728b)
Start importing Assets/ModernArchViz_SeaView/SeaViewArchViz/Prefabs/Standard/Bathroom/ShowerHead_a_01.prefab using Guid(2a475f6f367ebe648ba93f639ef005b9) Importer(815301076,1909f56bfc062723c751e8b465ee728b)  -> (artifact id: '2fb38a95a522a10683b6ffb10d54bb58') in 0.047462 seconds 
========================================================================
Received Import Request.
  Time since last request: 0.000035 seconds.
  path: Assets/ModernArchViz_SeaView/SeaViewArchViz/Prefabs/Standard/Bathroom/Soap_d_01.prefab
  artifactKey: Guid(e4c2080dfd8584e4e98e1cc94207d091) Importer(815301076,1909f56bfc062723c751e8b465ee728b)
Start importing Assets/ModernArchViz_SeaView/SeaViewArchViz/Prefabs/Standard/Bathroom/Soap_d_01.prefab using Guid(e4c2080dfd8584e4e98e1cc94207d091) Importer(815301076,1909f56bfc062723c751e8b465ee728b)  -> (artifact id: 'f4ac8f2f641783eb78d9a5719988407d') in 0.029181 seconds 
========================================================================
Received Import Request.
  Time since last request: 0.000035 seconds.
  path: Assets/ModernArchViz_SeaView/SeaViewArchViz/Prefabs/Standard/Bathroom/Soap_c_01.prefab
  artifactKey: Guid(124a5c8f5788096449a779218cc5ca5f) Importer(815301076,1909f56bfc062723c751e8b465ee728b)
Start importing Assets/ModernArchViz_SeaView/SeaViewArchViz/Prefabs/Standard/Bathroom/Soap_c_01.prefab using Guid(124a5c8f5788096449a779218cc5ca5f) Importer(815301076,1909f56bfc062723c751e8b465ee728b)  -> (artifact id: 'edf27629da7d10ffe3092dfd921e759f') in 0.035456 seconds 
========================================================================
Received Import Request.
  Time since last request: 0.000020 seconds.
  path: Assets/ModernArchViz_SeaView/SeaViewArchViz/Prefabs/Standard/Living Area/Tap_a_01.prefab
  artifactKey: Guid(c56315d4800d010439d251f1981fdd9a) Importer(815301076,1909f56bfc062723c751e8b465ee728b)
Start importing Assets/ModernArchViz_SeaView/SeaViewArchViz/Prefabs/Standard/Living Area/Tap_a_01.prefab using Guid(c56315d4800d010439d251f1981fdd9a) Importer(815301076,1909f56bfc062723c751e8b465ee728b)  -> (artifact id: '246f3151fc47ed272d7541d6d9c29885') in 0.034736 seconds 
========================================================================
Received Import Request.
  Time since last request: 0.000028 seconds.
  path: Assets/ModernArchViz_SeaView/SeaViewArchViz/Prefabs/Standard/Bathroom/TowelHang_a_01.prefab
  artifactKey: Guid(57a5cd85ca7e01543bdf81ca1aa33e83) Importer(815301076,1909f56bfc062723c751e8b465ee728b)
Start importing Assets/ModernArchViz_SeaView/SeaViewArchViz/Prefabs/Standard/Bathroom/TowelHang_a_01.prefab using Guid(57a5cd85ca7e01543bdf81ca1aa33e83) Importer(815301076,1909f56bfc062723c751e8b465ee728b)  -> (artifact id: '28a685119aeeff5acbcc0ac6c7514a37') in 0.018222 seconds 
========================================================================
Received Import Request.
  Time since last request: 0.000025 seconds.
  path: Assets/ModernArchViz_SeaView/SeaViewArchViz/Prefabs/Standard/Bathroom/ToiletRollStand_a_01.prefab
  artifactKey: Guid(070dc7c450cbe64449872f96e6e779e0) Importer(815301076,1909f56bfc062723c751e8b465ee728b)
Start importing Assets/ModernArchViz_SeaView/SeaViewArchViz/Prefabs/Standard/Bathroom/ToiletRollStand_a_01.prefab using Guid(070dc7c450cbe64449872f96e6e779e0) Importer(815301076,1909f56bfc062723c751e8b465ee728b)  -> (artifact id: 'cf39f335bbf171d90cb6cd98e7c149f2') in 0.028243 seconds 
========================================================================
Received Import Request.
  Time since last request: 0.000046 seconds.
  path: Assets/ModernArchViz_SeaView/SeaViewArchViz/Prefabs/Standard/Bathroom/Toilet_b_01.prefab
  artifactKey: Guid(be0433739c9ad4b4682366d4158af5c9) Importer(815301076,1909f56bfc062723c751e8b465ee728b)
Start importing Assets/ModernArchViz_SeaView/SeaViewArchViz/Prefabs/Standard/Bathroom/Toilet_b_01.prefab using Guid(be0433739c9ad4b4682366d4158af5c9) Importer(815301076,1909f56bfc062723c751e8b465ee728b)  -> (artifact id: 'e62acaf0ac732c774d914b99b3658c9d') in 0.031295 seconds 
========================================================================
Received Import Request.
  Time since last request: 0.000029 seconds.
  path: Assets/ModernArchViz_SeaView/SeaViewArchViz/Prefabs/Standard/Bathroom/ToiletFlusher_b_01.prefab
  artifactKey: Guid(31288453898eb91439db6b701a137a28) Importer(815301076,1909f56bfc062723c751e8b465ee728b)
Start importing Assets/ModernArchViz_SeaView/SeaViewArchViz/Prefabs/Standard/Bathroom/ToiletFlusher_b_01.prefab using Guid(31288453898eb91439db6b701a137a28) Importer(815301076,1909f56bfc062723c751e8b465ee728b)  -> (artifact id: 'fe25f274129efe64fef85c1e36d16466') in 0.025208 seconds 
========================================================================
Received Import Request.
  Time since last request: 0.000031 seconds.
  path: Assets/ModernArchViz_SeaView/SeaViewArchViz/Prefabs/Standard/Bathroom/ToiletRoll_a_01.prefab
  artifactKey: Guid(8a0bc53b65139214d98fc810793fb415) Importer(815301076,1909f56bfc062723c751e8b465ee728b)
Start importing Assets/ModernArchViz_SeaView/SeaViewArchViz/Prefabs/Standard/Bathroom/ToiletRoll_a_01.prefab using Guid(8a0bc53b65139214d98fc810793fb415) Importer(815301076,1909f56bfc062723c751e8b465ee728b)  -> (artifact id: '5d51e2eeeafff1baf2708b2656cfcb34') in 0.022725 seconds 
========================================================================
Received Import Request.
  Time since last request: 0.000036 seconds.
  path: Assets/ModernArchViz_SeaView/SeaViewArchViz/Prefabs/Standard/Bathroom/ToiletRollHolder_b_01.prefab
  artifactKey: Guid(74be3f197275fa14993a64e948c99076) Importer(815301076,1909f56bfc062723c751e8b465ee728b)
Start importing Assets/ModernArchViz_SeaView/SeaViewArchViz/Prefabs/Standard/Bathroom/ToiletRollHolder_b_01.prefab using Guid(74be3f197275fa14993a64e948c99076) Importer(815301076,1909f56bfc062723c751e8b465ee728b)  -> (artifact id: 'cf3a30505f815bc07d2e66fc59423c26') in 0.023596 seconds 
========================================================================
Received Import Request.
  Time since last request: 0.000089 seconds.
  path: Assets/ModernArchViz_SeaView/SeaViewArchViz/Prefabs/Custom/Bathroom/ToothbrushCupSet_a_01.prefab
  artifactKey: Guid(275fb1a02e352d74ca8587839cb18db0) Importer(815301076,1909f56bfc062723c751e8b465ee728b)
Start importing Assets/ModernArchViz_SeaView/SeaViewArchViz/Prefabs/Custom/Bathroom/ToothbrushCupSet_a_01.prefab using Guid(275fb1a02e352d74ca8587839cb18db0) Importer(815301076,1909f56bfc062723c751e8b465ee728b)  -> (artifact id: 'c2361ecfbd4eb73bb8f5f99cf1665fbc') in 0.031720 seconds 
========================================================================
Received Import Request.
  Time since last request: 0.000020 seconds.
  path: Assets/ModernArchViz_SeaView/SeaViewArchViz/Prefabs/Standard/Bathroom/TowelStack_b_01.prefab
  artifactKey: Guid(fa0725ae57641c34781255dfa7c6541b) Importer(815301076,1909f56bfc062723c751e8b465ee728b)
Start importing Assets/ModernArchViz_SeaView/SeaViewArchViz/Prefabs/Standard/Bathroom/TowelStack_b_01.prefab using Guid(fa0725ae57641c34781255dfa7c6541b) Importer(815301076,1909f56bfc062723c751e8b465ee728b)  -> (artifact id: 'a857456a8279071c3c3186168422593a') in 0.018409 seconds 
========================================================================
Received Import Request.
  Time since last request: 0.000035 seconds.
  path: Assets/ModernArchViz_SeaView/SeaViewArchViz/Prefabs/Standard/Bathroom/Soap_e_01.prefab
  artifactKey: Guid(e91a6baa181b62b4f8951339a7c0f7b1) Importer(815301076,1909f56bfc062723c751e8b465ee728b)
Start importing Assets/ModernArchViz_SeaView/SeaViewArchViz/Prefabs/Standard/Bathroom/Soap_e_01.prefab using Guid(e91a6baa181b62b4f8951339a7c0f7b1) Importer(815301076,1909f56bfc062723c751e8b465ee728b)  -> (artifact id: '020b18b9cfcd129d02310fb80f8c52a0') in 0.027319 seconds 
========================================================================
Received Import Request.
  Time since last request: 0.000030 seconds.
  path: Assets/ModernArchViz_SeaView/SeaViewArchViz/Prefabs/Custom/Bathroom/ShowerMixerSet_a_01.prefab
  artifactKey: Guid(303569c46ea125247b11552e3aa10e28) Importer(815301076,1909f56bfc062723c751e8b465ee728b)
Start importing Assets/ModernArchViz_SeaView/SeaViewArchViz/Prefabs/Custom/Bathroom/ShowerMixerSet_a_01.prefab using Guid(303569c46ea125247b11552e3aa10e28) Importer(815301076,1909f56bfc062723c751e8b465ee728b)  -> (artifact id: '8f3e4b9b661f90fa130b0165b275f51b') in 0.033561 seconds 
========================================================================
Received Import Request.
  Time since last request: 0.120328 seconds.
  path: Assets/ModernArchViz_SeaView/SeaViewArchViz/Prefabs/Standard/Living Area/Vase_c_01.prefab
  artifactKey: Guid(5be7b6c5bd26634409f4ef099411a040) Importer(815301076,1909f56bfc062723c751e8b465ee728b)
Start importing Assets/ModernArchViz_SeaView/SeaViewArchViz/Prefabs/Standard/Living Area/Vase_c_01.prefab using Guid(5be7b6c5bd26634409f4ef099411a040) Importer(815301076,1909f56bfc062723c751e8b465ee728b)  -> (artifact id: 'da1c7630a9971eed997ed6627b3a4e12') in 0.060118 seconds 
========================================================================
Received Import Request.
  Time since last request: 0.000048 seconds.
  path: Assets/ModernArchViz_SeaView/SeaViewArchViz/Prefabs/Standard/Living Area/Vase_d_01.prefab
  artifactKey: Guid(2ab45d25502563147b939a89ee7d2100) Importer(815301076,1909f56bfc062723c751e8b465ee728b)
Start importing Assets/ModernArchViz_SeaView/SeaViewArchViz/Prefabs/Standard/Living Area/Vase_d_01.prefab using Guid(2ab45d25502563147b939a89ee7d2100) Importer(815301076,1909f56bfc062723c751e8b465ee728b)  -> (artifact id: 'ef90a7a102d603899c8f2f7fd864e00c') in 0.038716 seconds 
========================================================================
Received Import Request.
  Time since last request: 0.000020 seconds.
  path: Assets/ModernArchViz_SeaView/SeaViewArchViz/Prefabs/Standard/Bathroom/WaterTube_a_01.prefab
  artifactKey: Guid(13df40fb874481a4aac9d3b1a986e0b9) Importer(815301076,1909f56bfc062723c751e8b465ee728b)
Start importing Assets/ModernArchViz_SeaView/SeaViewArchViz/Prefabs/Standard/Bathroom/WaterTube_a_01.prefab using Guid(13df40fb874481a4aac9d3b1a986e0b9) Importer(815301076,1909f56bfc062723c751e8b465ee728b)  -> (artifact id: '1a44e4f0b75f83cabb67d5fcc1dd5e7f') in 0.031246 seconds 
========================================================================
Received Import Request.
  Time since last request: 0.000026 seconds.
  path: Assets/ModernArchViz_SeaView/SeaViewArchViz/Prefabs/Standard/Bathroom/Vase_h_01.prefab
  artifactKey: Guid(4f0a17efa3423d64b944e32f12dd362f) Importer(815301076,1909f56bfc062723c751e8b465ee728b)
Start importing Assets/ModernArchViz_SeaView/SeaViewArchViz/Prefabs/Standard/Bathroom/Vase_h_01.prefab using Guid(4f0a17efa3423d64b944e32f12dd362f) Importer(815301076,1909f56bfc062723c751e8b465ee728b)  -> (artifact id: '68a9c149305adbc08aaa0093e518cad2') in 0.025637 seconds 
========================================================================
Received Import Request.
  Time since last request: 0.000045 seconds.
  path: Assets/ModernArchViz_SeaView/SeaViewArchViz/Prefabs/Standard/Bathroom/WaterMixer_a_01.prefab
  artifactKey: Guid(3f7b48402966b4c48ba69dee6d04136c) Importer(815301076,1909f56bfc062723c751e8b465ee728b)
Start importing Assets/ModernArchViz_SeaView/SeaViewArchViz/Prefabs/Standard/Bathroom/WaterMixer_a_01.prefab using Guid(3f7b48402966b4c48ba69dee6d04136c) Importer(815301076,1909f56bfc062723c751e8b465ee728b)  -> (artifact id: '46471b376138f112ac15442c80382903') in 0.023369 seconds 
========================================================================
Received Import Request.
  Time since last request: 0.000024 seconds.
  path: Assets/ModernArchViz_SeaView/SeaViewArchViz/Prefabs/Standard/Laundry room/WashingMachine_a_01.prefab
  artifactKey: Guid(203c288a28dd67542bb04a40962ce5b4) Importer(815301076,1909f56bfc062723c751e8b465ee728b)
Start importing Assets/ModernArchViz_SeaView/SeaViewArchViz/Prefabs/Standard/Laundry room/WashingMachine_a_01.prefab using Guid(203c288a28dd67542bb04a40962ce5b4) Importer(815301076,1909f56bfc062723c751e8b465ee728b)  -> (artifact id: 'd615789af4231a3bff5c4c9750655c23') in 0.029036 seconds 
========================================================================
Received Import Request.
  Time since last request: 0.000025 seconds.
  path: Assets/ModernArchViz_SeaView/SeaViewArchViz/Prefabs/Standard/Living Area/WallDecor_b_01.prefab
  artifactKey: Guid(0b24c3417ee54814293df219fccc86f1) Importer(815301076,1909f56bfc062723c751e8b465ee728b)
Start importing Assets/ModernArchViz_SeaView/SeaViewArchViz/Prefabs/Standard/Living Area/WallDecor_b_01.prefab using Guid(0b24c3417ee54814293df219fccc86f1) Importer(815301076,1909f56bfc062723c751e8b465ee728b)  -> (artifact id: '0356b4fb80ae5e4ca0adb6a737d87a55') in 0.023557 seconds 
========================================================================
Received Import Request.
  Time since last request: 0.000026 seconds.
  path: Assets/ModernArchViz_SeaView/SeaViewArchViz/Prefabs/Standard/Living Area/Vase_f_01.prefab
  artifactKey: Guid(b83d51b83a55150489c4ba7a3c936cfd) Importer(815301076,1909f56bfc062723c751e8b465ee728b)
Start importing Assets/ModernArchViz_SeaView/SeaViewArchViz/Prefabs/Standard/Living Area/Vase_f_01.prefab using Guid(b83d51b83a55150489c4ba7a3c936cfd) Importer(815301076,1909f56bfc062723c751e8b465ee728b)  -> (artifact id: 'a88b219a357a06301dfd962090156a43') in 0.024732 seconds 
Editor requested this worker to shutdown with reason: Scaling down because of idle timeout
AssetImportWorkerClient::OnTransportError - code=2 error=End of file
AssetImportWorker is now disconnected from the server
Process exiting
Exiting without the bug reporter. Application will terminate with return code 0