Using pre-set license
Built from '2021.3/staging' branch; Version is '2021.3.25f1 (68ef2c4f8861) revision 6876972'; Using compiler version '192829333'; Build Type 'Release'
OS: 'Windows 11  (10.0.22621) 64bit Core' Language: 'ko' Physical Memory: 16006 MB
BatchMode: 1, IsHumanControllingUs: 0, StartBugReporterOnCrash: 0, Is64bit: 1, IsPro: 1

COMMAND LINE ARGUMENTS:
C:\Program Files\Unity\Hub\Editor\2021.3.25f1\Editor\Unity.exe
-adb2
-batchMode
-noUpm
-name
AssetImportWorker0
-projectPath
C:/Users/BlueSnack/Desktop/2023_1_컴그/TheMansionThief/TheMansionThief
-logFile
Logs/AssetImportWorker0.log
-srvPort
55444
Successfully changed project path to: C:/Users/BlueSnack/Desktop/2023_1_컴그/TheMansionThief/TheMansionThief
C:/Users/BlueSnack/Desktop/2023_1_컴그/TheMansionThief/TheMansionThief
[UnityMemory] Configuration Parameters - Can be set up in boot.config
    "memorysetup-bucket-allocator-granularity=16"
    "memorysetup-bucket-allocator-bucket-count=8"
    "memorysetup-bucket-allocator-block-size=33554432"
    "memorysetup-bucket-allocator-block-count=8"
    "memorysetup-main-allocator-block-size=16777216"
    "memorysetup-thread-allocator-block-size=16777216"
    "memorysetup-gfx-main-allocator-block-size=16777216"
    "memorysetup-gfx-thread-allocator-block-size=16777216"
    "memorysetup-cache-allocator-block-size=4194304"
    "memorysetup-typetree-allocator-block-size=2097152"
    "memorysetup-profiler-bucket-allocator-granularity=16"
    "memorysetup-profiler-bucket-allocator-bucket-count=8"
    "memorysetup-profiler-bucket-allocator-block-size=33554432"
    "memorysetup-profiler-bucket-allocator-block-count=8"
    "memorysetup-profiler-allocator-block-size=16777216"
    "memorysetup-profiler-editor-allocator-block-size=1048576"
    "memorysetup-temp-allocator-size-main=16777216"
    "memorysetup-job-temp-allocator-block-size=2097152"
    "memorysetup-job-temp-allocator-block-size-background=1048576"
    "memorysetup-job-temp-allocator-reduction-small-platforms=262144"
    "memorysetup-temp-allocator-size-background-worker=32768"
    "memorysetup-temp-allocator-size-job-worker=262144"
    "memorysetup-temp-allocator-size-preload-manager=33554432"
    "memorysetup-temp-allocator-size-nav-mesh-worker=65536"
    "memorysetup-temp-allocator-size-audio-worker=65536"
    "memorysetup-temp-allocator-size-cloud-worker=32768"
    "memorysetup-temp-allocator-size-gi-baking-worker=262144"
    "memorysetup-temp-allocator-size-gfx=262144"
Player connection [26352] Host "[IP] 192.168.0.10 [Port] 0 [Flags] 2 [Guid] 3184610402 [EditorId] 3184610402 [Version] 1048832 [Id] WindowsEditor(7,DESKTOP-5H1VQML) [Debug] 1 [PackageName] WindowsEditor [ProjectName] Editor" joined multi-casting on [225.0.0.222:54997]...

Player connection [26352] Host "[IP] 192.168.0.10 [Port] 0 [Flags] 2 [Guid] 3184610402 [EditorId] 3184610402 [Version] 1048832 [Id] WindowsEditor(7,DESKTOP-5H1VQML) [Debug] 1 [PackageName] WindowsEditor [ProjectName] Editor" joined alternative multi-casting on [225.0.0.222:34997]...

Refreshing native plugins compatible for Editor in 179.42 ms, found 3 plugins.
Preloading 0 native plugins for Editor in 0.00 ms.
Initialize engine version: 2021.3.25f1 (68ef2c4f8861)
[Subsystems] Discovering subsystems at path C:/Program Files/Unity/Hub/Editor/2021.3.25f1/Editor/Data/Resources/UnitySubsystems
[Subsystems] Discovering subsystems at path C:/Users/BlueSnack/Desktop/2023_1_컴그/TheMansionThief/TheMansionThief/Assets
GfxDevice: creating device client; threaded=0; jobified=0
Direct3D:
    Version:  Direct3D 11.0 [level 11.1]
    Renderer: NVIDIA GeForce RTX 3060 Laptop GPU (ID=0x2520)
    Vendor:   NVIDIA
    VRAM:     6009 MB
    Driver:   31.0.15.3179
Initialize mono
Mono path[0] = 'C:/Program Files/Unity/Hub/Editor/2021.3.25f1/Editor/Data/Managed'
Mono path[1] = 'C:/Program Files/Unity/Hub/Editor/2021.3.25f1/Editor/Data/MonoBleedingEdge/lib/mono/unityjit-win32'
Mono config path = 'C:/Program Files/Unity/Hub/Editor/2021.3.25f1/Editor/Data/MonoBleedingEdge/etc'
Using monoOptions --debugger-agent=transport=dt_socket,embedding=1,server=y,suspend=n,address=127.0.0.1:56412
Begin MonoManager ReloadAssembly
Registering precompiled unity dll's ...
Register platform support module: C:/Program Files/Unity/Hub/Editor/2021.3.25f1/Editor/Data/PlaybackEngines/WindowsStandaloneSupport/UnityEditor.WindowsStandalone.Extensions.dll
Registered in 0.251104 seconds.
Native extension for WindowsStandalone target not found
Refreshing native plugins compatible for Editor in 132.21 ms, found 3 plugins.
Preloading 0 native plugins for Editor in 0.00 ms.
Mono: successfully reloaded assembly
- Completed reload, in 12.754 seconds
Domain Reload Profiling:
	ReloadAssembly (12754ms)
		BeginReloadAssembly (9793ms)
			ExecutionOrderSort (0ms)
			DisableScriptedObjects (0ms)
			BackupInstance (0ms)
			ReleaseScriptingObjects (0ms)
			CreateAndSetChildDomain (1ms)
		EndReloadAssembly (1999ms)
			LoadAssemblies (9790ms)
			RebuildTransferFunctionScriptingTraits (0ms)
			SetupTypeCache (1534ms)
			ReleaseScriptCaches (0ms)
			RebuildScriptCaches (37ms)
			SetupLoadedEditorAssemblies (362ms)
				LogAssemblyErrors (0ms)
				InitializePlatformSupportModulesInManaged (8ms)
				SetLoadedEditorAssemblies (0ms)
				RefreshPlugins (132ms)
				BeforeProcessingInitializeOnLoad (2ms)
				ProcessInitializeOnLoadAttributes (156ms)
				ProcessInitializeOnLoadMethodAttributes (63ms)
				AfterProcessingInitializeOnLoad (0ms)
				EditorAssembliesLoaded (0ms)
			ExecutionOrderSort2 (0ms)
			AwakeInstancesAfterBackupRestoration (0ms)
Platform modules already initialized, skipping
Registering precompiled user dll's ...
Registered in 0.004591 seconds.
Begin MonoManager ReloadAssembly
Symbol file LoadedFromMemory doesn't match image C:\Users\BlueSnack\Desktop\2023_1_컴그\TheMansionThief\TheMansionThief\Library\PackageCache\com.unity.visualscripting@1.8.0\Editor\VisualScripting.Core\Dependencies\YamlDotNet\Unity.VisualScripting.YamlDotNet.dll
Symbol file LoadedFromMemory doesn't match image C:\Users\BlueSnack\Desktop\2023_1_컴그\TheMansionThief\TheMansionThief\Library\PackageCache\com.unity.visualscripting@1.8.0\Editor\VisualScripting.Core\Dependencies\DotNetZip\Unity.VisualScripting.IonicZip.dll
Native extension for WindowsStandalone target not found
Refreshing native plugins compatible for Editor in 1.13 ms, found 3 plugins.
Preloading 0 native plugins for Editor in 0.00 ms.
Mono: successfully reloaded assembly
- Completed reload, in  8.938 seconds
Domain Reload Profiling:
	ReloadAssembly (8939ms)
		BeginReloadAssembly (135ms)
			ExecutionOrderSort (0ms)
			DisableScriptedObjects (8ms)
			BackupInstance (0ms)
			ReleaseScriptingObjects (0ms)
			CreateAndSetChildDomain (20ms)
		EndReloadAssembly (8618ms)
			LoadAssemblies (6462ms)
			RebuildTransferFunctionScriptingTraits (0ms)
			SetupTypeCache (1585ms)
			ReleaseScriptCaches (0ms)
			RebuildScriptCaches (74ms)
			SetupLoadedEditorAssemblies (445ms)
				LogAssemblyErrors (0ms)
				InitializePlatformSupportModulesInManaged (8ms)
				SetLoadedEditorAssemblies (1ms)
				RefreshPlugins (1ms)
				BeforeProcessingInitializeOnLoad (82ms)
				ProcessInitializeOnLoadAttributes (325ms)
				ProcessInitializeOnLoadMethodAttributes (22ms)
				AfterProcessingInitializeOnLoad (5ms)
				EditorAssembliesLoaded (0ms)
			ExecutionOrderSort2 (0ms)
			AwakeInstancesAfterBackupRestoration (7ms)
Platform modules already initialized, skipping
========================================================================
Worker process is ready to serve import requests
Launched and connected shader compiler UnityShaderCompiler.exe after 0.10 seconds
Refreshing native plugins compatible for Editor in 0.91 ms, found 3 plugins.
Preloading 0 native plugins for Editor in 0.00 ms.
Unloading 3080 Unused Serialized files (Serialized files now loaded: 0)
Unloading 22 unused Assets / (56.7 KB). Loaded Objects now: 3546.
Memory consumption went from 113.8 MB to 113.7 MB.
Total: 3.854300 ms (FindLiveObjects: 0.236100 ms CreateObjectMapping: 0.153700 ms MarkObjects: 3.339700 ms  DeleteObjects: 0.123200 ms)

AssetImportParameters requested are different than current active one (requested -> active):
  custom:video-decoder-ogg-theora: a1e56fd34408186e4bbccfd4996cb3dc -> 
  custom:container-muxer-webm: aa71ff27fc2769a1b78a27578f13a17b -> 
  custom:container-demuxer-webm: 4f35f7cbe854078d1ac9338744f61a02 -> 
  custom:video-encoder-webm-vp8: eb34c28f22e8b96e1ab97ce403110664 -> 
  custom:video-codec-MediaFoundation-h265: 746d11721c4dcdbdad8f713fa42b33f4 -> 
  custom:audio-encoder-webm-vorbis: bf7c407c2cedff20999df2af8eb42d56 -> 
  custom:framework-win-MediaFoundation: 216162199b28c13a410421893ffa2e32 -> 
  custom:container-demuxer-ogg: 62fdf1f143b41e24485cea50d1cbac27 -> 
  custom:video-decoder-webm-vp8: 9c59270c3fd7afecdb556c50c9e8de78 -> 
  custom:audio-decoder-ogg-vorbis: bf7c407c2cedff20999df2af8eb42d56 -> 
========================================================================
Received Prepare
Registering precompiled user dll's ...
Registered in 0.003244 seconds.
Begin MonoManager ReloadAssembly
Symbol file LoadedFromMemory doesn't match image C:\Users\BlueSnack\Desktop\2023_1_컴그\TheMansionThief\TheMansionThief\Library\PackageCache\com.unity.visualscripting@1.8.0\Editor\VisualScripting.Core\Dependencies\YamlDotNet\Unity.VisualScripting.YamlDotNet.dll
Symbol file LoadedFromMemory doesn't match image C:\Users\BlueSnack\Desktop\2023_1_컴그\TheMansionThief\TheMansionThief\Library\PackageCache\com.unity.visualscripting@1.8.0\Editor\VisualScripting.Core\Dependencies\DotNetZip\Unity.VisualScripting.IonicZip.dll
Native extension for WindowsStandalone target not found
Refreshing native plugins compatible for Editor in 0.77 ms, found 3 plugins.
Preloading 0 native plugins for Editor in 0.00 ms.
Mono: successfully reloaded assembly
- Completed reload, in  0.962 seconds
Domain Reload Profiling:
	ReloadAssembly (963ms)
		BeginReloadAssembly (137ms)
			ExecutionOrderSort (0ms)
			DisableScriptedObjects (6ms)
			BackupInstance (0ms)
			ReleaseScriptingObjects (0ms)
			CreateAndSetChildDomain (32ms)
		EndReloadAssembly (729ms)
			LoadAssemblies (85ms)
			RebuildTransferFunctionScriptingTraits (0ms)
			SetupTypeCache (275ms)
			ReleaseScriptCaches (1ms)
			RebuildScriptCaches (39ms)
			SetupLoadedEditorAssemblies (288ms)
				LogAssemblyErrors (0ms)
				InitializePlatformSupportModulesInManaged (6ms)
				SetLoadedEditorAssemblies (0ms)
				RefreshPlugins (1ms)
				BeforeProcessingInitializeOnLoad (58ms)
				ProcessInitializeOnLoadAttributes (199ms)
				ProcessInitializeOnLoadMethodAttributes (19ms)
				AfterProcessingInitializeOnLoad (5ms)
				EditorAssembliesLoaded (0ms)
			ExecutionOrderSort2 (0ms)
			AwakeInstancesAfterBackupRestoration (6ms)
Platform modules already initialized, skipping
Refreshing native plugins compatible for Editor in 1.63 ms, found 3 plugins.
Preloading 0 native plugins for Editor in 0.00 ms.
Unloading 3064 Unused Serialized files (Serialized files now loaded: 0)
Unloading 15 unused Assets / (24.6 KB). Loaded Objects now: 3553.
Memory consumption went from 111.5 MB to 111.4 MB.
Total: 3.051600 ms (FindLiveObjects: 0.202000 ms CreateObjectMapping: 0.087500 ms MarkObjects: 2.730900 ms  DeleteObjects: 0.029500 ms)

AssetImportParameters requested are different than current active one (requested -> active):
  custom:video-decoder-ogg-theora: a1e56fd34408186e4bbccfd4996cb3dc -> 
  custom:container-muxer-webm: aa71ff27fc2769a1b78a27578f13a17b -> 
  custom:container-demuxer-webm: 4f35f7cbe854078d1ac9338744f61a02 -> 
  custom:video-encoder-webm-vp8: eb34c28f22e8b96e1ab97ce403110664 -> 
  custom:video-codec-MediaFoundation-h265: 746d11721c4dcdbdad8f713fa42b33f4 -> 
  custom:audio-encoder-webm-vorbis: bf7c407c2cedff20999df2af8eb42d56 -> 
  custom:framework-win-MediaFoundation: 216162199b28c13a410421893ffa2e32 -> 
  custom:container-demuxer-ogg: 62fdf1f143b41e24485cea50d1cbac27 -> 
  custom:video-decoder-webm-vp8: 9c59270c3fd7afecdb556c50c9e8de78 -> 
  custom:audio-decoder-ogg-vorbis: bf7c407c2cedff20999df2af8eb42d56 -> 
========================================================================
Received Import Request.
  Time since last request: 30330.788512 seconds.
  path: Assets/Room1/BookClick.cs
  artifactKey: Guid(9d5321e6a811a764e915963fdd14b973) Importer(815301076,1909f56bfc062723c751e8b465ee728b)
Start importing Assets/Room1/BookClick.cs using Guid(9d5321e6a811a764e915963fdd14b973) Importer(815301076,1909f56bfc062723c751e8b465ee728b)  -> (artifact id: '48ff7a9f385867ac71c6d1b3cbeba50f') in 0.033343 seconds 
========================================================================
Received Prepare
Registering precompiled user dll's ...
Registered in 0.003827 seconds.
Begin MonoManager ReloadAssembly
Symbol file LoadedFromMemory doesn't match image C:\Users\BlueSnack\Desktop\2023_1_컴그\TheMansionThief\TheMansionThief\Library\PackageCache\com.unity.visualscripting@1.8.0\Editor\VisualScripting.Core\Dependencies\YamlDotNet\Unity.VisualScripting.YamlDotNet.dll
Symbol file LoadedFromMemory doesn't match image C:\Users\BlueSnack\Desktop\2023_1_컴그\TheMansionThief\TheMansionThief\Library\PackageCache\com.unity.visualscripting@1.8.0\Editor\VisualScripting.Core\Dependencies\DotNetZip\Unity.VisualScripting.IonicZip.dll
Native extension for WindowsStandalone target not found
Refreshing native plugins compatible for Editor in 1.26 ms, found 3 plugins.
Preloading 0 native plugins for Editor in 0.00 ms.
Mono: successfully reloaded assembly
- Completed reload, in  1.076 seconds
Domain Reload Profiling:
	ReloadAssembly (1079ms)
		BeginReloadAssembly (142ms)
			ExecutionOrderSort (0ms)
			DisableScriptedObjects (5ms)
			BackupInstance (0ms)
			ReleaseScriptingObjects (0ms)
			CreateAndSetChildDomain (33ms)
		EndReloadAssembly (814ms)
			LoadAssemblies (90ms)
			RebuildTransferFunctionScriptingTraits (0ms)
			SetupTypeCache (276ms)
			ReleaseScriptCaches (2ms)
			RebuildScriptCaches (49ms)
			SetupLoadedEditorAssemblies (330ms)
				LogAssemblyErrors (0ms)
				InitializePlatformSupportModulesInManaged (8ms)
				SetLoadedEditorAssemblies (1ms)
				RefreshPlugins (1ms)
				BeforeProcessingInitializeOnLoad (79ms)
				ProcessInitializeOnLoadAttributes (215ms)
				ProcessInitializeOnLoadMethodAttributes (21ms)
				AfterProcessingInitializeOnLoad (6ms)
				EditorAssembliesLoaded (0ms)
			ExecutionOrderSort2 (0ms)
			AwakeInstancesAfterBackupRestoration (8ms)
Platform modules already initialized, skipping
Refreshing native plugins compatible for Editor in 1.61 ms, found 3 plugins.
Preloading 0 native plugins for Editor in 0.00 ms.
Unloading 3064 Unused Serialized files (Serialized files now loaded: 0)
Unloading 15 unused Assets / (24.7 KB). Loaded Objects now: 3556.
Memory consumption went from 111.5 MB to 111.5 MB.
Total: 2.591000 ms (FindLiveObjects: 0.190100 ms CreateObjectMapping: 0.081700 ms MarkObjects: 2.288500 ms  DeleteObjects: 0.028800 ms)

AssetImportParameters requested are different than current active one (requested -> active):
  custom:video-decoder-ogg-theora: a1e56fd34408186e4bbccfd4996cb3dc -> 
  custom:container-muxer-webm: aa71ff27fc2769a1b78a27578f13a17b -> 
  custom:container-demuxer-webm: 4f35f7cbe854078d1ac9338744f61a02 -> 
  custom:video-encoder-webm-vp8: eb34c28f22e8b96e1ab97ce403110664 -> 
  custom:video-codec-MediaFoundation-h265: 746d11721c4dcdbdad8f713fa42b33f4 -> 
  custom:audio-encoder-webm-vorbis: bf7c407c2cedff20999df2af8eb42d56 -> 
  custom:framework-win-MediaFoundation: 216162199b28c13a410421893ffa2e32 -> 
  custom:container-demuxer-ogg: 62fdf1f143b41e24485cea50d1cbac27 -> 
  custom:video-decoder-webm-vp8: 9c59270c3fd7afecdb556c50c9e8de78 -> 
  custom:audio-decoder-ogg-vorbis: bf7c407c2cedff20999df2af8eb42d56 -> 
========================================================================
Received Import Request.
  Time since last request: 61.836439 seconds.
  path: Assets/Room1/BookClick.cs
  artifactKey: Guid(9d5321e6a811a764e915963fdd14b973) Importer(815301076,1909f56bfc062723c751e8b465ee728b)
Start importing Assets/Room1/BookClick.cs using Guid(9d5321e6a811a764e915963fdd14b973) Importer(815301076,1909f56bfc062723c751e8b465ee728b)  -> (artifact id: 'c6b308f123d744c8741b1245e7c16693') in 0.006491 seconds 
========================================================================
Received Import Request.
  Time since last request: 0.984314 seconds.
  path: Assets/Room1/Book2.cs
  artifactKey: Guid(902a57735df659841adba55dd9c48fe1) Importer(815301076,1909f56bfc062723c751e8b465ee728b)
Start importing Assets/Room1/Book2.cs using Guid(902a57735df659841adba55dd9c48fe1) Importer(815301076,1909f56bfc062723c751e8b465ee728b)  -> (artifact id: 'cf65a9421af4cb228059e01b314bc261') in 0.011736 seconds 
========================================================================
Received Import Request.
  Time since last request: 0.981117 seconds.
  path: Assets/Room1/Book3.cs
  artifactKey: Guid(e10e0ac0f575f8c4e91f0d588f69a073) Importer(815301076,1909f56bfc062723c751e8b465ee728b)
Start importing Assets/Room1/Book3.cs using Guid(e10e0ac0f575f8c4e91f0d588f69a073) Importer(815301076,1909f56bfc062723c751e8b465ee728b)  -> (artifact id: '5395d8779ecd6ffb4a94d420f3f8efc9') in 0.013600 seconds 
========================================================================
Received Import Request.
  Time since last request: 0.679646 seconds.
  path: Assets/Room1/Book4.cs
  artifactKey: Guid(60ea231f2fec11444ae498c13c085b41) Importer(815301076,1909f56bfc062723c751e8b465ee728b)
Start importing Assets/Room1/Book4.cs using Guid(60ea231f2fec11444ae498c13c085b41) Importer(815301076,1909f56bfc062723c751e8b465ee728b)  -> (artifact id: 'bff4a616fcad0cf15802a01d69c67d56') in 0.014662 seconds 
========================================================================
Received Prepare
Registering precompiled user dll's ...
Registered in 0.003803 seconds.
Begin MonoManager ReloadAssembly
Symbol file LoadedFromMemory doesn't match image C:\Users\BlueSnack\Desktop\2023_1_컴그\TheMansionThief\TheMansionThief\Library\PackageCache\com.unity.visualscripting@1.8.0\Editor\VisualScripting.Core\Dependencies\YamlDotNet\Unity.VisualScripting.YamlDotNet.dll
Symbol file LoadedFromMemory doesn't match image C:\Users\BlueSnack\Desktop\2023_1_컴그\TheMansionThief\TheMansionThief\Library\PackageCache\com.unity.visualscripting@1.8.0\Editor\VisualScripting.Core\Dependencies\DotNetZip\Unity.VisualScripting.IonicZip.dll
Native extension for WindowsStandalone target not found
Refreshing native plugins compatible for Editor in 0.79 ms, found 3 plugins.
Preloading 0 native plugins for Editor in 0.00 ms.
Mono: successfully reloaded assembly
- Completed reload, in  1.049 seconds
Domain Reload Profiling:
	ReloadAssembly (1050ms)
		BeginReloadAssembly (140ms)
			ExecutionOrderSort (0ms)
			DisableScriptedObjects (6ms)
			BackupInstance (0ms)
			ReleaseScriptingObjects (0ms)
			CreateAndSetChildDomain (33ms)
		EndReloadAssembly (815ms)
			LoadAssemblies (87ms)
			RebuildTransferFunctionScriptingTraits (0ms)
			SetupTypeCache (338ms)
			ReleaseScriptCaches (1ms)
			RebuildScriptCaches (56ms)
			SetupLoadedEditorAssemblies (289ms)
				LogAssemblyErrors (0ms)
				InitializePlatformSupportModulesInManaged (5ms)
				SetLoadedEditorAssemblies (0ms)
				RefreshPlugins (1ms)
				BeforeProcessingInitializeOnLoad (59ms)
				ProcessInitializeOnLoadAttributes (204ms)
				ProcessInitializeOnLoadMethodAttributes (16ms)
				AfterProcessingInitializeOnLoad (4ms)
				EditorAssembliesLoaded (0ms)
			ExecutionOrderSort2 (0ms)
			AwakeInstancesAfterBackupRestoration (6ms)
Platform modules already initialized, skipping
Refreshing native plugins compatible for Editor in 1.84 ms, found 3 plugins.
Preloading 0 native plugins for Editor in 0.00 ms.
Unloading 3064 Unused Serialized files (Serialized files now loaded: 0)
Unloading 15 unused Assets / (24.7 KB). Loaded Objects now: 3559.
Memory consumption went from 111.5 MB to 111.5 MB.
Total: 3.766400 ms (FindLiveObjects: 0.281600 ms CreateObjectMapping: 0.082100 ms MarkObjects: 3.294300 ms  DeleteObjects: 0.106500 ms)

AssetImportParameters requested are different than current active one (requested -> active):
  custom:video-decoder-ogg-theora: a1e56fd34408186e4bbccfd4996cb3dc -> 
  custom:container-muxer-webm: aa71ff27fc2769a1b78a27578f13a17b -> 
  custom:container-demuxer-webm: 4f35f7cbe854078d1ac9338744f61a02 -> 
  custom:video-encoder-webm-vp8: eb34c28f22e8b96e1ab97ce403110664 -> 
  custom:video-codec-MediaFoundation-h265: 746d11721c4dcdbdad8f713fa42b33f4 -> 
  custom:audio-encoder-webm-vorbis: bf7c407c2cedff20999df2af8eb42d56 -> 
  custom:framework-win-MediaFoundation: 216162199b28c13a410421893ffa2e32 -> 
  custom:container-demuxer-ogg: 62fdf1f143b41e24485cea50d1cbac27 -> 
  custom:video-decoder-webm-vp8: 9c59270c3fd7afecdb556c50c9e8de78 -> 
  custom:audio-decoder-ogg-vorbis: bf7c407c2cedff20999df2af8eb42d56 -> 
========================================================================
Received Import Request.
  Time since last request: 73.330862 seconds.
  path: Assets/Room1/Book4.cs
  artifactKey: Guid(60ea231f2fec11444ae498c13c085b41) Importer(815301076,1909f56bfc062723c751e8b465ee728b)
Start importing Assets/Room1/Book4.cs using Guid(60ea231f2fec11444ae498c13c085b41) Importer(815301076,1909f56bfc062723c751e8b465ee728b)  -> (artifact id: 'e86af17faf5766e1c26040e670305834') in 0.007287 seconds 
========================================================================
Received Prepare
Registering precompiled user dll's ...
Registered in 0.004501 seconds.
Begin MonoManager ReloadAssembly
Symbol file LoadedFromMemory doesn't match image C:\Users\BlueSnack\Desktop\2023_1_컴그\TheMansionThief\TheMansionThief\Library\PackageCache\com.unity.visualscripting@1.8.0\Editor\VisualScripting.Core\Dependencies\YamlDotNet\Unity.VisualScripting.YamlDotNet.dll
Symbol file LoadedFromMemory doesn't match image C:\Users\BlueSnack\Desktop\2023_1_컴그\TheMansionThief\TheMansionThief\Library\PackageCache\com.unity.visualscripting@1.8.0\Editor\VisualScripting.Core\Dependencies\DotNetZip\Unity.VisualScripting.IonicZip.dll
Native extension for WindowsStandalone target not found
Refreshing native plugins compatible for Editor in 0.79 ms, found 3 plugins.
Preloading 0 native plugins for Editor in 0.00 ms.
Mono: successfully reloaded assembly
- Completed reload, in  0.921 seconds
Domain Reload Profiling:
	ReloadAssembly (921ms)
		BeginReloadAssembly (129ms)
			ExecutionOrderSort (0ms)
			DisableScriptedObjects (4ms)
			BackupInstance (0ms)
			ReleaseScriptingObjects (0ms)
			CreateAndSetChildDomain (31ms)
		EndReloadAssembly (707ms)
			LoadAssemblies (81ms)
			RebuildTransferFunctionScriptingTraits (0ms)
			SetupTypeCache (242ms)
			ReleaseScriptCaches (1ms)
			RebuildScriptCaches (45ms)
			SetupLoadedEditorAssemblies (293ms)
				LogAssemblyErrors (0ms)
				InitializePlatformSupportModulesInManaged (5ms)
				SetLoadedEditorAssemblies (1ms)
				RefreshPlugins (1ms)
				BeforeProcessingInitializeOnLoad (62ms)
				ProcessInitializeOnLoadAttributes (202ms)
				ProcessInitializeOnLoadMethodAttributes (17ms)
				AfterProcessingInitializeOnLoad (5ms)
				EditorAssembliesLoaded (0ms)
			ExecutionOrderSort2 (0ms)
			AwakeInstancesAfterBackupRestoration (6ms)
Platform modules already initialized, skipping
Refreshing native plugins compatible for Editor in 1.80 ms, found 3 plugins.
Preloading 0 native plugins for Editor in 0.00 ms.
Unloading 3064 Unused Serialized files (Serialized files now loaded: 0)
Unloading 15 unused Assets / (24.6 KB). Loaded Objects now: 3562.
Memory consumption went from 111.5 MB to 111.5 MB.
Total: 2.704200 ms (FindLiveObjects: 0.220300 ms CreateObjectMapping: 0.092300 ms MarkObjects: 2.363900 ms  DeleteObjects: 0.026000 ms)

AssetImportParameters requested are different than current active one (requested -> active):
  custom:video-decoder-ogg-theora: a1e56fd34408186e4bbccfd4996cb3dc -> 
  custom:container-muxer-webm: aa71ff27fc2769a1b78a27578f13a17b -> 
  custom:container-demuxer-webm: 4f35f7cbe854078d1ac9338744f61a02 -> 
  custom:video-encoder-webm-vp8: eb34c28f22e8b96e1ab97ce403110664 -> 
  custom:video-codec-MediaFoundation-h265: 746d11721c4dcdbdad8f713fa42b33f4 -> 
  custom:audio-encoder-webm-vorbis: bf7c407c2cedff20999df2af8eb42d56 -> 
  custom:framework-win-MediaFoundation: 216162199b28c13a410421893ffa2e32 -> 
  custom:container-demuxer-ogg: 62fdf1f143b41e24485cea50d1cbac27 -> 
  custom:video-decoder-webm-vp8: 9c59270c3fd7afecdb556c50c9e8de78 -> 
  custom:audio-decoder-ogg-vorbis: bf7c407c2cedff20999df2af8eb42d56 -> 
========================================================================
Received Prepare
Registering precompiled user dll's ...
Registered in 0.003544 seconds.
Begin MonoManager ReloadAssembly
Symbol file LoadedFromMemory doesn't match image C:\Users\BlueSnack\Desktop\2023_1_컴그\TheMansionThief\TheMansionThief\Library\PackageCache\com.unity.visualscripting@1.8.0\Editor\VisualScripting.Core\Dependencies\YamlDotNet\Unity.VisualScripting.YamlDotNet.dll
Symbol file LoadedFromMemory doesn't match image C:\Users\BlueSnack\Desktop\2023_1_컴그\TheMansionThief\TheMansionThief\Library\PackageCache\com.unity.visualscripting@1.8.0\Editor\VisualScripting.Core\Dependencies\DotNetZip\Unity.VisualScripting.IonicZip.dll
Native extension for WindowsStandalone target not found
Refreshing native plugins compatible for Editor in 0.82 ms, found 3 plugins.
Preloading 0 native plugins for Editor in 0.00 ms.
Mono: successfully reloaded assembly
- Completed reload, in  0.918 seconds
Domain Reload Profiling:
	ReloadAssembly (919ms)
		BeginReloadAssembly (119ms)
			ExecutionOrderSort (0ms)
			DisableScriptedObjects (4ms)
			BackupInstance (0ms)
			ReleaseScriptingObjects (0ms)
			CreateAndSetChildDomain (27ms)
		EndReloadAssembly (717ms)
			LoadAssemblies (78ms)
			RebuildTransferFunctionScriptingTraits (0ms)
			SetupTypeCache (219ms)
			ReleaseScriptCaches (1ms)
			RebuildScriptCaches (40ms)
			SetupLoadedEditorAssemblies (327ms)
				LogAssemblyErrors (0ms)
				InitializePlatformSupportModulesInManaged (5ms)
				SetLoadedEditorAssemblies (1ms)
				RefreshPlugins (1ms)
				BeforeProcessingInitializeOnLoad (59ms)
				ProcessInitializeOnLoadAttributes (232ms)
				ProcessInitializeOnLoadMethodAttributes (24ms)
				AfterProcessingInitializeOnLoad (6ms)
				EditorAssembliesLoaded (0ms)
			ExecutionOrderSort2 (0ms)
			AwakeInstancesAfterBackupRestoration (8ms)
Platform modules already initialized, skipping
Refreshing native plugins compatible for Editor in 2.30 ms, found 3 plugins.
Preloading 0 native plugins for Editor in 0.00 ms.
Unloading 3064 Unused Serialized files (Serialized files now loaded: 0)
Unloading 15 unused Assets / (24.6 KB). Loaded Objects now: 3565.
Memory consumption went from 111.5 MB to 111.5 MB.
Total: 2.877400 ms (FindLiveObjects: 0.263400 ms CreateObjectMapping: 0.103200 ms MarkObjects: 2.480800 ms  DeleteObjects: 0.028100 ms)

AssetImportParameters requested are different than current active one (requested -> active):
  custom:video-decoder-ogg-theora: a1e56fd34408186e4bbccfd4996cb3dc -> 
  custom:container-muxer-webm: aa71ff27fc2769a1b78a27578f13a17b -> 
  custom:container-demuxer-webm: 4f35f7cbe854078d1ac9338744f61a02 -> 
  custom:video-encoder-webm-vp8: eb34c28f22e8b96e1ab97ce403110664 -> 
  custom:video-codec-MediaFoundation-h265: 746d11721c4dcdbdad8f713fa42b33f4 -> 
  custom:audio-encoder-webm-vorbis: bf7c407c2cedff20999df2af8eb42d56 -> 
  custom:framework-win-MediaFoundation: 216162199b28c13a410421893ffa2e32 -> 
  custom:container-demuxer-ogg: 62fdf1f143b41e24485cea50d1cbac27 -> 
  custom:video-decoder-webm-vp8: 9c59270c3fd7afecdb556c50c9e8de78 -> 
  custom:audio-decoder-ogg-vorbis: bf7c407c2cedff20999df2af8eb42d56 -> 
========================================================================
Received Import Request.
  Time since last request: 47.873991 seconds.
  path: Assets/Room1/ObjectInteraction.cs
  artifactKey: Guid(4f353a533007df64ca650bb40198a3e5) Importer(815301076,1909f56bfc062723c751e8b465ee728b)
Start importing Assets/Room1/ObjectInteraction.cs using Guid(4f353a533007df64ca650bb40198a3e5) Importer(815301076,1909f56bfc062723c751e8b465ee728b)  -> (artifact id: '7b87a98a7d8e0cce2ebaa3cbf2573481') in 0.031621 seconds 
========================================================================
Received Prepare
Registering precompiled user dll's ...
Registered in 0.007537 seconds.
Begin MonoManager ReloadAssembly
Symbol file LoadedFromMemory doesn't match image C:\Users\BlueSnack\Desktop\2023_1_컴그\TheMansionThief\TheMansionThief\Library\PackageCache\com.unity.visualscripting@1.8.0\Editor\VisualScripting.Core\Dependencies\YamlDotNet\Unity.VisualScripting.YamlDotNet.dll
Symbol file LoadedFromMemory doesn't match image C:\Users\BlueSnack\Desktop\2023_1_컴그\TheMansionThief\TheMansionThief\Library\PackageCache\com.unity.visualscripting@1.8.0\Editor\VisualScripting.Core\Dependencies\DotNetZip\Unity.VisualScripting.IonicZip.dll
Native extension for WindowsStandalone target not found
Refreshing native plugins compatible for Editor in 1.06 ms, found 3 plugins.
Preloading 0 native plugins for Editor in 0.00 ms.
Mono: successfully reloaded assembly
- Completed reload, in  1.149 seconds
Domain Reload Profiling:
	ReloadAssembly (1150ms)
		BeginReloadAssembly (185ms)
			ExecutionOrderSort (0ms)
			DisableScriptedObjects (9ms)
			BackupInstance (0ms)
			ReleaseScriptingObjects (0ms)
			CreateAndSetChildDomain (40ms)
		EndReloadAssembly (859ms)
			LoadAssemblies (117ms)
			RebuildTransferFunctionScriptingTraits (0ms)
			SetupTypeCache (398ms)
			ReleaseScriptCaches (1ms)
			RebuildScriptCaches (38ms)
			SetupLoadedEditorAssemblies (299ms)
				LogAssemblyErrors (0ms)
				InitializePlatformSupportModulesInManaged (7ms)
				SetLoadedEditorAssemblies (0ms)
				RefreshPlugins (1ms)
				BeforeProcessingInitializeOnLoad (68ms)
				ProcessInitializeOnLoadAttributes (199ms)
				ProcessInitializeOnLoadMethodAttributes (20ms)
				AfterProcessingInitializeOnLoad (4ms)
				EditorAssembliesLoaded (0ms)
			ExecutionOrderSort2 (0ms)
			AwakeInstancesAfterBackupRestoration (6ms)
Platform modules already initialized, skipping
Refreshing native plugins compatible for Editor in 1.63 ms, found 3 plugins.
Preloading 0 native plugins for Editor in 0.00 ms.
Unloading 3064 Unused Serialized files (Serialized files now loaded: 0)
Unloading 15 unused Assets / (24.6 KB). Loaded Objects now: 3568.
Memory consumption went from 111.5 MB to 111.5 MB.
Total: 2.537000 ms (FindLiveObjects: 0.191500 ms CreateObjectMapping: 0.083000 ms MarkObjects: 2.228200 ms  DeleteObjects: 0.033100 ms)

AssetImportParameters requested are different than current active one (requested -> active):
  custom:video-decoder-ogg-theora: a1e56fd34408186e4bbccfd4996cb3dc -> 
  custom:container-muxer-webm: aa71ff27fc2769a1b78a27578f13a17b -> 
  custom:container-demuxer-webm: 4f35f7cbe854078d1ac9338744f61a02 -> 
  custom:video-encoder-webm-vp8: eb34c28f22e8b96e1ab97ce403110664 -> 
  custom:video-codec-MediaFoundation-h265: 746d11721c4dcdbdad8f713fa42b33f4 -> 
  custom:audio-encoder-webm-vorbis: bf7c407c2cedff20999df2af8eb42d56 -> 
  custom:framework-win-MediaFoundation: 216162199b28c13a410421893ffa2e32 -> 
  custom:container-demuxer-ogg: 62fdf1f143b41e24485cea50d1cbac27 -> 
  custom:video-decoder-webm-vp8: 9c59270c3fd7afecdb556c50c9e8de78 -> 
  custom:audio-decoder-ogg-vorbis: bf7c407c2cedff20999df2af8eb42d56 -> 
========================================================================
Received Import Request.
  Time since last request: 83.148988 seconds.
  path: Assets/Room4
  artifactKey: Guid(24846d4aa98318a408ac1f7c9c9de6ba) Importer(815301076,1909f56bfc062723c751e8b465ee728b)
Start importing Assets/Room4 using Guid(24846d4aa98318a408ac1f7c9c9de6ba) Importer(815301076,1909f56bfc062723c751e8b465ee728b)  -> (artifact id: '42987e6e89c23b41d4d73fa53148ea06') in 0.017186 seconds 
========================================================================
Received Import Request.
  Time since last request: 0.043049 seconds.
  path: Assets/Room4/baterijaTekstura.jpg
  artifactKey: Guid(54096d78df2a2a544925cfff7a3a8305) Importer(815301076,1909f56bfc062723c751e8b465ee728b)
Start importing Assets/Room4/baterijaTekstura.jpg using Guid(54096d78df2a2a544925cfff7a3a8305) Importer(815301076,1909f56bfc062723c751e8b465ee728b)  -> (artifact id: '538845b8bc92ad863f043427cb36f062') in 0.103887 seconds 
========================================================================
Received Import Request.
  Time since last request: 0.000026 seconds.
  path: Assets/Room4/ImageToStl.com_rolinho.fbx
  artifactKey: Guid(0a92ed1b7f24869459a1f3fe0cc20303) Importer(815301076,1909f56bfc062723c751e8b465ee728b)
Start importing Assets/Room4/ImageToStl.com_rolinho.fbx using Guid(0a92ed1b7f24869459a1f3fe0cc20303) Importer(815301076,1909f56bfc062723c751e8b465ee728b)  -> (artifact id: 'f9b639403d32a5714a2f859234b991c0') in 0.383283 seconds 
========================================================================
Received Import Request.
  Time since last request: 92.438388 seconds.
  path: Assets/Room4/RobotSphere
  artifactKey: Guid(8507c8650db3fca4da8360bcd87f9fed) Importer(815301076,1909f56bfc062723c751e8b465ee728b)
Start importing Assets/Room4/RobotSphere using Guid(8507c8650db3fca4da8360bcd87f9fed) Importer(815301076,1909f56bfc062723c751e8b465ee728b)  -> (artifact id: '1c887f00f44213e5c8d60500030eaaad') in 0.014036 seconds 
========================================================================
Received Import Request.
  Time since last request: 2.711387 seconds.
  path: Assets/Room4/RobotSphere/Assets
  artifactKey: Guid(30d1cdc1b09d1f34aa54c83d0b69f316) Importer(815301076,1909f56bfc062723c751e8b465ee728b)
Start importing Assets/Room4/RobotSphere/Assets using Guid(30d1cdc1b09d1f34aa54c83d0b69f316) Importer(815301076,1909f56bfc062723c751e8b465ee728b)  -> (artifact id: '2da385c63311a940d0ec6103a50a99cf') in 0.014388 seconds 
========================================================================
Received Import Request.
  Time since last request: 1.150206 seconds.
  path: Assets/Room4/RobotSphere/Assets/Models
  artifactKey: Guid(b0c2cf52596b2412a85d9067af6756f7) Importer(815301076,1909f56bfc062723c751e8b465ee728b)
Start importing Assets/Room4/RobotSphere/Assets/Models using Guid(b0c2cf52596b2412a85d9067af6756f7) Importer(815301076,1909f56bfc062723c751e8b465ee728b)  -> (artifact id: '840a432ad02366dc5f1cf5bfaf9a40b1') in 0.014727 seconds 
========================================================================
Received Import Request.
  Time since last request: 0.403793 seconds.
  path: Assets/Room4/RobotSphere/Assets/Prefab
  artifactKey: Guid(8e584c9121988de4db40c04a964b213e) Importer(815301076,1909f56bfc062723c751e8b465ee728b)
Start importing Assets/Room4/RobotSphere/Assets/Prefab using Guid(8e584c9121988de4db40c04a964b213e) Importer(815301076,1909f56bfc062723c751e8b465ee728b)  -> (artifact id: 'c4b511d22b0de1ff24b57fa66c10f7b2') in 0.012501 seconds 
========================================================================
Received Import Request.
  Time since last request: 0.039419 seconds.
  path: Assets/Room4/RobotSphere/Assets/Prefab/robotSphere.prefab
  artifactKey: Guid(8e0f285c21cdcf14e8d5c06c57ba936b) Importer(815301076,1909f56bfc062723c751e8b465ee728b)
Start importing Assets/Room4/RobotSphere/Assets/Prefab/robotSphere.prefab using Guid(8e0f285c21cdcf14e8d5c06c57ba936b) Importer(815301076,1909f56bfc062723c751e8b465ee728b)  -> (artifact id: 'fab2b8b525263ac17ed79980888191a9') in 0.361514 seconds 
========================================================================
Received Import Request.
  Time since last request: 81.962156 seconds.
  path: Assets/World
  artifactKey: Guid(c8080b6eee80f7d4ab2a65437339e829) Importer(815301076,1909f56bfc062723c751e8b465ee728b)
Start importing Assets/World using Guid(c8080b6eee80f7d4ab2a65437339e829) Importer(815301076,1909f56bfc062723c751e8b465ee728b)  -> (artifact id: '3d07cfe12f1941e7e8561d864f69b4ec') in 0.013780 seconds 
========================================================================
Received Import Request.
  Time since last request: 4.796195 seconds.
  path: Assets/World/MainHome
  artifactKey: Guid(23ade1616d91e1e4cb6e132cb9ce7462) Importer(815301076,1909f56bfc062723c751e8b465ee728b)
Start importing Assets/World/MainHome using Guid(23ade1616d91e1e4cb6e132cb9ce7462) Importer(815301076,1909f56bfc062723c751e8b465ee728b)  -> (artifact id: 'f4ac09679f82fb4e550c6ed07e66d2e9') in 0.013256 seconds 
========================================================================
Received Import Request.
  Time since last request: 0.518763 seconds.
  path: Assets/World/ModernArchViz_SeaView
  artifactKey: Guid(b4368293b8b3ed444b77c6647f299828) Importer(815301076,1909f56bfc062723c751e8b465ee728b)
Start importing Assets/World/ModernArchViz_SeaView using Guid(b4368293b8b3ed444b77c6647f299828) Importer(815301076,1909f56bfc062723c751e8b465ee728b)  -> (artifact id: 'f5acacca23577983b41d20470853db90') in 0.013677 seconds 
========================================================================
Received Import Request.
  Time since last request: 4.060058 seconds.
  path: Assets/World/BeemosPrefabs
  artifactKey: Guid(ab17f1c67c5ee8343a054c3fc56cb3c5) Importer(815301076,1909f56bfc062723c751e8b465ee728b)
Start importing Assets/World/BeemosPrefabs using Guid(ab17f1c67c5ee8343a054c3fc56cb3c5) Importer(815301076,1909f56bfc062723c751e8b465ee728b)  -> (artifact id: '49c3a8260f696fc504db412396b1bde8') in 0.014213 seconds 
========================================================================
Received Import Request.
  Time since last request: 0.065435 seconds.
  path: Assets/World/BeemosPrefabs/BedByBeemo (1).prefab
  artifactKey: Guid(a4558652013922f4a8ae87397b34b174) Importer(815301076,1909f56bfc062723c751e8b465ee728b)
Start importing Assets/World/BeemosPrefabs/BedByBeemo (1).prefab using Guid(a4558652013922f4a8ae87397b34b174) Importer(815301076,1909f56bfc062723c751e8b465ee728b)  -> (artifact id: '3fdab544e58e167605dd227eaed65078') in 0.141501 seconds 
========================================================================
Received Import Request.
  Time since last request: 0.981622 seconds.
  path: Assets/World/Books Pack
  artifactKey: Guid(c7a4c3b7a4c964f44b1b06de9aa8a3c0) Importer(815301076,1909f56bfc062723c751e8b465ee728b)
Start importing Assets/World/Books Pack using Guid(c7a4c3b7a4c964f44b1b06de9aa8a3c0) Importer(815301076,1909f56bfc062723c751e8b465ee728b)  -> (artifact id: 'cf020877089a939ce8df5e4b3f83f722') in 0.017298 seconds 
========================================================================
Received Import Request.
  Time since last request: 1.055150 seconds.
  path: Assets/World/Books Pack/book_1.mat
  artifactKey: Guid(886409014015c5b4da3e50d343f0bdd6) Importer(815301076,1909f56bfc062723c751e8b465ee728b)
Start importing Assets/World/Books Pack/book_1.mat using Guid(886409014015c5b4da3e50d343f0bdd6) Importer(815301076,1909f56bfc062723c751e8b465ee728b)  -> (artifact id: 'fc701b6dc927c8792564660b9a63674e') in 0.162819 seconds 
========================================================================
Received Import Request.
  Time since last request: 0.000024 seconds.
  path: Assets/World/Books Pack/book_10.mat
  artifactKey: Guid(98465a48eb1fd94468ed974c64f15e51) Importer(815301076,1909f56bfc062723c751e8b465ee728b)
Start importing Assets/World/Books Pack/book_10.mat using Guid(98465a48eb1fd94468ed974c64f15e51) Importer(815301076,1909f56bfc062723c751e8b465ee728b)  -> (artifact id: 'ef6fd3f4fa73d7d273a9aad880688464') in 0.018167 seconds 
========================================================================
Received Import Request.
  Time since last request: 0.000045 seconds.
  path: Assets/World/Books Pack/book_3.mat
  artifactKey: Guid(575a6ae7a4dfa0a43bac937823e5b163) Importer(815301076,1909f56bfc062723c751e8b465ee728b)
Start importing Assets/World/Books Pack/book_3.mat using Guid(575a6ae7a4dfa0a43bac937823e5b163) Importer(815301076,1909f56bfc062723c751e8b465ee728b)  -> (artifact id: '942211bbe596de2c2b627103f060563e') in 0.020756 seconds 
========================================================================
Received Import Request.
  Time since last request: 0.000027 seconds.
  path: Assets/World/Books Pack/book_6.psd
  artifactKey: Guid(9671c7061437985468f7b16172ea7a53) Importer(815301076,1909f56bfc062723c751e8b465ee728b)
Start importing Assets/World/Books Pack/book_6.psd using Guid(9671c7061437985468f7b16172ea7a53) Importer(815301076,1909f56bfc062723c751e8b465ee728b)  -> (artifact id: 'd55fc5a3920fc8f4cb06dc7d16903753') in 0.019129 seconds 
========================================================================
Received Import Request.
  Time since last request: 0.000024 seconds.
  path: Assets/World/Books Pack/book_5.mat
  artifactKey: Guid(a18416c124f62e847942b4a0ad1e44bc) Importer(815301076,1909f56bfc062723c751e8b465ee728b)
Start importing Assets/World/Books Pack/book_5.mat using Guid(a18416c124f62e847942b4a0ad1e44bc) Importer(815301076,1909f56bfc062723c751e8b465ee728b)  -> (artifact id: '314512b850332a3439de36b045afe871') in 0.017384 seconds 
========================================================================
Received Import Request.
  Time since last request: 0.000024 seconds.
  path: Assets/World/Books Pack/book_9.psd
  artifactKey: Guid(7e1b2c07172170d4595c7bddb030887f) Importer(815301076,1909f56bfc062723c751e8b465ee728b)
Start importing Assets/World/Books Pack/book_9.psd using Guid(7e1b2c07172170d4595c7bddb030887f) Importer(815301076,1909f56bfc062723c751e8b465ee728b)  -> (artifact id: '77b2e19a9820171683dd7b125e450d8c') in 0.016631 seconds 
========================================================================
Received Import Request.
  Time since last request: 0.000027 seconds.
  path: Assets/World/Books Pack/book_5.psd
  artifactKey: Guid(7702bbc9e383c8142aadcf9228edb3a5) Importer(815301076,1909f56bfc062723c751e8b465ee728b)
Start importing Assets/World/Books Pack/book_5.psd using Guid(7702bbc9e383c8142aadcf9228edb3a5) Importer(815301076,1909f56bfc062723c751e8b465ee728b)  -> (artifact id: 'b2e5d558a023b424432203df43ee468d') in 0.017938 seconds 
========================================================================
Received Import Request.
  Time since last request: 0.000022 seconds.
  path: Assets/World/Books Pack/book_4.mat
  artifactKey: Guid(d609e8dd1e1655041a05c87b3ae9bf39) Importer(815301076,1909f56bfc062723c751e8b465ee728b)
Start importing Assets/World/Books Pack/book_4.mat using Guid(d609e8dd1e1655041a05c87b3ae9bf39) Importer(815301076,1909f56bfc062723c751e8b465ee728b)  -> (artifact id: '1f6bbe1dc15955d8163740a60ecc53e3') in 0.019785 seconds 
========================================================================
Received Import Request.
  Time since last request: 0.000023 seconds.
  path: Assets/World/Books Pack/book_10.psd
  artifactKey: Guid(09304b6b81e059e4c9dce34f30f44b47) Importer(815301076,1909f56bfc062723c751e8b465ee728b)
Start importing Assets/World/Books Pack/book_10.psd using Guid(09304b6b81e059e4c9dce34f30f44b47) Importer(815301076,1909f56bfc062723c751e8b465ee728b)  -> (artifact id: '0d0bdb0a60ac2942cbe8069425f08e14') in 0.016019 seconds 
========================================================================
Received Import Request.
  Time since last request: 0.000032 seconds.
  path: Assets/World/Books Pack/book_2.psd
  artifactKey: Guid(15ef044310478c541bb7fc822324052e) Importer(815301076,1909f56bfc062723c751e8b465ee728b)
Start importing Assets/World/Books Pack/book_2.psd using Guid(15ef044310478c541bb7fc822324052e) Importer(815301076,1909f56bfc062723c751e8b465ee728b)  -> (artifact id: '8f75d807ed5a7fc67bd4c174cdde5faf') in 0.018192 seconds 
========================================================================
Received Import Request.
  Time since last request: 0.000035 seconds.
  path: Assets/World/Books Pack/book_7.psd
  artifactKey: Guid(7e19816d7a98f8d48b5ad5cfefd1b98b) Importer(815301076,1909f56bfc062723c751e8b465ee728b)
Start importing Assets/World/Books Pack/book_7.psd using Guid(7e19816d7a98f8d48b5ad5cfefd1b98b) Importer(815301076,1909f56bfc062723c751e8b465ee728b)  -> (artifact id: 'ad65bd07b152419c64da954175e62789') in 0.017693 seconds 
========================================================================
Received Import Request.
  Time since last request: 0.000026 seconds.
  path: Assets/World/Books Pack/book_8.mat
  artifactKey: Guid(8abc446fb286c03428a93f0365cdaa16) Importer(815301076,1909f56bfc062723c751e8b465ee728b)
Start importing Assets/World/Books Pack/book_8.mat using Guid(8abc446fb286c03428a93f0365cdaa16) Importer(815301076,1909f56bfc062723c751e8b465ee728b)  -> (artifact id: 'd49f725f80954754f195294aac6964b0') in 0.014602 seconds 
========================================================================
Received Import Request.
  Time since last request: 0.000030 seconds.
  path: Assets/World/Books Pack/book_3.psd
  artifactKey: Guid(2202ccc0b174a9e49806fe1d2670c154) Importer(815301076,1909f56bfc062723c751e8b465ee728b)
Start importing Assets/World/Books Pack/book_3.psd using Guid(2202ccc0b174a9e49806fe1d2670c154) Importer(815301076,1909f56bfc062723c751e8b465ee728b)  -> (artifact id: 'a1b9c980e2bd094edeca91d3cbce664d') in 0.015780 seconds 
========================================================================
Received Import Request.
  Time since last request: 0.004912 seconds.
  path: Assets/World/Books Pack/book_9.mat
  artifactKey: Guid(04c762dcb79a6df429c9e7c372460b82) Importer(815301076,1909f56bfc062723c751e8b465ee728b)
Start importing Assets/World/Books Pack/book_9.mat using Guid(04c762dcb79a6df429c9e7c372460b82) Importer(815301076,1909f56bfc062723c751e8b465ee728b)  -> (artifact id: '585b5746ba553af1b35904f8e88b4f42') in 0.017006 seconds 
========================================================================
Received Import Request.
  Time since last request: 1.972151 seconds.
  path: Assets/World/Books Pack/Materials
  artifactKey: Guid(fe31fceed125c4c46a2b15b02da31fc6) Importer(815301076,1909f56bfc062723c751e8b465ee728b)
Start importing Assets/World/Books Pack/Materials using Guid(fe31fceed125c4c46a2b15b02da31fc6) Importer(815301076,1909f56bfc062723c751e8b465ee728b)  -> (artifact id: '83595721b36d2fb7ca13f84223fc7cb7') in 0.012630 seconds 
========================================================================
Received Import Request.
  Time since last request: 0.045806 seconds.
  path: Assets/World/Books Pack/Materials/book_1.mat
  artifactKey: Guid(4ef1aca00ca8b764bb1738455aee9d20) Importer(815301076,1909f56bfc062723c751e8b465ee728b)
Start importing Assets/World/Books Pack/Materials/book_1.mat using Guid(4ef1aca00ca8b764bb1738455aee9d20) Importer(815301076,1909f56bfc062723c751e8b465ee728b)  -> (artifact id: '321bdb594b32c0b9742527c74170d6a6') in 0.018046 seconds 
========================================================================
Received Import Request.
  Time since last request: 0.000020 seconds.
  path: Assets/World/Books Pack/Materials/book_5.mat
  artifactKey: Guid(e43386d3763f37a469cc962afdd61584) Importer(815301076,1909f56bfc062723c751e8b465ee728b)
Start importing Assets/World/Books Pack/Materials/book_5.mat using Guid(e43386d3763f37a469cc962afdd61584) Importer(815301076,1909f56bfc062723c751e8b465ee728b)  -> (artifact id: 'fbd7bdf7bf8f4fa696985261c9c1c3ae') in 0.021818 seconds 
========================================================================
Received Import Request.
  Time since last request: 0.000036 seconds.
  path: Assets/World/Books Pack/Materials/book_7.mat
  artifactKey: Guid(3e46931530a4e8a4095a7b2237e1272d) Importer(815301076,1909f56bfc062723c751e8b465ee728b)
Start importing Assets/World/Books Pack/Materials/book_7.mat using Guid(3e46931530a4e8a4095a7b2237e1272d) Importer(815301076,1909f56bfc062723c751e8b465ee728b)  -> (artifact id: '8e76b4299dcb656d52a5e75b7925726d') in 0.019788 seconds 
========================================================================
Received Import Request.
  Time since last request: 0.000032 seconds.
  path: Assets/World/Books Pack/Materials/book_10.mat
  artifactKey: Guid(b988280dddb63224b8241b3da5195f20) Importer(815301076,1909f56bfc062723c751e8b465ee728b)
Start importing Assets/World/Books Pack/Materials/book_10.mat using Guid(b988280dddb63224b8241b3da5195f20) Importer(815301076,1909f56bfc062723c751e8b465ee728b)  -> (artifact id: '1114a8ebde33491ecee8d1efd45e1bf2') in 0.015587 seconds 
========================================================================
Received Import Request.
  Time since last request: 0.000029 seconds.
  path: Assets/World/Books Pack/Materials/book_6.mat
  artifactKey: Guid(86739bb7d3d491e408c86500e3ff1952) Importer(815301076,1909f56bfc062723c751e8b465ee728b)
Start importing Assets/World/Books Pack/Materials/book_6.mat using Guid(86739bb7d3d491e408c86500e3ff1952) Importer(815301076,1909f56bfc062723c751e8b465ee728b)  -> (artifact id: '13e4149a6ea7363e40597c1dd15e556d') in 0.015618 seconds 
========================================================================
Received Import Request.
  Time since last request: 7.881370 seconds.
  path: Assets/resource/3RoomQuiz.png
  artifactKey: Guid(ed5295d864c7d9f4c8e0a0491f77a595) Importer(815301076,1909f56bfc062723c751e8b465ee728b)
Start importing Assets/resource/3RoomQuiz.png using Guid(ed5295d864c7d9f4c8e0a0491f77a595) Importer(815301076,1909f56bfc062723c751e8b465ee728b)  -> (artifact id: 'ff79caa987a4b59673c5321c77a1f9bd') in 0.035589 seconds 
========================================================================
Received Import Request.
  Time since last request: 9.018759 seconds.
  path: Assets/World/WorldMaterial/cloth_tex2.mat
  artifactKey: Guid(fd2f3a88d15158d449c0e127acc275ee) Importer(815301076,1909f56bfc062723c751e8b465ee728b)
Start importing Assets/World/WorldMaterial/cloth_tex2.mat using Guid(fd2f3a88d15158d449c0e127acc275ee) Importer(815301076,1909f56bfc062723c751e8b465ee728b)  -> (artifact id: '0b63fe011f6de23c7872d9776a156d67') in 0.043292 seconds 
========================================================================
Received Import Request.
  Time since last request: 0.000024 seconds.
  path: Assets/World/WorldMaterial/mat_kabe1.mat
  artifactKey: Guid(9f23076eca9acd148884084d7d93d4d8) Importer(815301076,1909f56bfc062723c751e8b465ee728b)
Start importing Assets/World/WorldMaterial/mat_kabe1.mat using Guid(9f23076eca9acd148884084d7d93d4d8) Importer(815301076,1909f56bfc062723c751e8b465ee728b)  -> (artifact id: '0d77ff4fa51b8f69f674a3d5773c680e') in 0.073084 seconds 
========================================================================
Received Import Request.
  Time since last request: 0.000047 seconds.
  path: Assets/World/WorldMaterial/Wood027_2K_Color.mat
  artifactKey: Guid(b4f4dbd97c9605d4e9b9f42d6ed10252) Importer(815301076,1909f56bfc062723c751e8b465ee728b)
Start importing Assets/World/WorldMaterial/Wood027_2K_Color.mat using Guid(b4f4dbd97c9605d4e9b9f42d6ed10252) Importer(815301076,1909f56bfc062723c751e8b465ee728b)  -> (artifact id: '7bc1c0ad51ca668529927447462781cd') in 0.043630 seconds 
========================================================================
Received Import Request.
  Time since last request: 0.000034 seconds.
  path: Assets/World/WorldMaterial/mat_grass.mat
  artifactKey: Guid(250343a141ddaeb458f725685649b5a1) Importer(815301076,1909f56bfc062723c751e8b465ee728b)
Start importing Assets/World/WorldMaterial/mat_grass.mat using Guid(250343a141ddaeb458f725685649b5a1) Importer(815301076,1909f56bfc062723c751e8b465ee728b)  -> (artifact id: '7d5030bd847c9a63b4332e79386acb61') in 0.030668 seconds 
Editor requested this worker to shutdown with reason: Scaling down because of idle timeout
AssetImportWorker is now disconnected from the server
Process exiting
Exiting without the bug reporter. Application will terminate with return code 0