Using pre-set license
Built from '2021.3/staging' branch; Version is '2021.3.25f1 (68ef2c4f8861) revision 6876972'; Using compiler version '192829333'; Build Type 'Release'
OS: 'Windows 11  (10.0.22621) 64bit Core' Language: 'ko' Physical Memory: 16006 MB
BatchMode: 1, IsHumanControllingUs: 0, StartBugReporterOnCrash: 0, Is64bit: 1, IsPro: 1

COMMAND LINE ARGUMENTS:
C:\Program Files\Unity\Hub\Editor\2021.3.25f1\Editor\Unity.exe
-adb2
-batchMode
-noUpm
-name
AssetImportWorker6
-projectPath
C:/Users/BlueSnack/Desktop/2023_1_컴그/TheMansionThief/TheMansionThief
-logFile
Logs/AssetImportWorker6.log
-srvPort
53970
Successfully changed project path to: C:/Users/BlueSnack/Desktop/2023_1_컴그/TheMansionThief/TheMansionThief
C:/Users/BlueSnack/Desktop/2023_1_컴그/TheMansionThief/TheMansionThief
[UnityMemory] Configuration Parameters - Can be set up in boot.config
    "memorysetup-bucket-allocator-granularity=16"
    "memorysetup-bucket-allocator-bucket-count=8"
    "memorysetup-bucket-allocator-block-size=33554432"
    "memorysetup-bucket-allocator-block-count=8"
    "memorysetup-main-allocator-block-size=16777216"
    "memorysetup-thread-allocator-block-size=16777216"
    "memorysetup-gfx-main-allocator-block-size=16777216"
    "memorysetup-gfx-thread-allocator-block-size=16777216"
    "memorysetup-cache-allocator-block-size=4194304"
    "memorysetup-typetree-allocator-block-size=2097152"
    "memorysetup-profiler-bucket-allocator-granularity=16"
    "memorysetup-profiler-bucket-allocator-bucket-count=8"
    "memorysetup-profiler-bucket-allocator-block-size=33554432"
    "memorysetup-profiler-bucket-allocator-block-count=8"
    "memorysetup-profiler-allocator-block-size=16777216"
    "memorysetup-profiler-editor-allocator-block-size=1048576"
    "memorysetup-temp-allocator-size-main=16777216"
    "memorysetup-job-temp-allocator-block-size=2097152"
    "memorysetup-job-temp-allocator-block-size-background=1048576"
    "memorysetup-job-temp-allocator-reduction-small-platforms=262144"
    "memorysetup-temp-allocator-size-background-worker=32768"
    "memorysetup-temp-allocator-size-job-worker=262144"
    "memorysetup-temp-allocator-size-preload-manager=33554432"
    "memorysetup-temp-allocator-size-nav-mesh-worker=65536"
    "memorysetup-temp-allocator-size-audio-worker=65536"
    "memorysetup-temp-allocator-size-cloud-worker=32768"
    "memorysetup-temp-allocator-size-gi-baking-worker=262144"
    "memorysetup-temp-allocator-size-gfx=262144"
Player connection [2904] Host "[IP] 192.171.159.211 [Port] 0 [Flags] 2 [Guid] 934962008 [EditorId] 934962008 [Version] 1048832 [Id] WindowsEditor(7,DESKTOP-5H1VQML) [Debug] 1 [PackageName] WindowsEditor [ProjectName] Editor" joined multi-casting on [225.0.0.222:54997]...

Player connection [2904] Host "[IP] 192.171.159.211 [Port] 0 [Flags] 2 [Guid] 934962008 [EditorId] 934962008 [Version] 1048832 [Id] WindowsEditor(7,DESKTOP-5H1VQML) [Debug] 1 [PackageName] WindowsEditor [ProjectName] Editor" joined alternative multi-casting on [225.0.0.222:34997]...

Refreshing native plugins compatible for Editor in 105.63 ms, found 3 plugins.
Preloading 0 native plugins for Editor in 0.00 ms.
Initialize engine version: 2021.3.25f1 (68ef2c4f8861)
[Subsystems] Discovering subsystems at path C:/Program Files/Unity/Hub/Editor/2021.3.25f1/Editor/Data/Resources/UnitySubsystems
[Subsystems] Discovering subsystems at path C:/Users/BlueSnack/Desktop/2023_1_컴그/TheMansionThief/TheMansionThief/Assets
GfxDevice: creating device client; threaded=0; jobified=0
Direct3D:
    Version:  Direct3D 11.0 [level 11.1]
    Renderer: NVIDIA GeForce RTX 3060 Laptop GPU (ID=0x2520)
    Vendor:   NVIDIA
    VRAM:     6009 MB
    Driver:   31.0.15.3179
Initialize mono
Mono path[0] = 'C:/Program Files/Unity/Hub/Editor/2021.3.25f1/Editor/Data/Managed'
Mono path[1] = 'C:/Program Files/Unity/Hub/Editor/2021.3.25f1/Editor/Data/MonoBleedingEdge/lib/mono/unityjit-win32'
Mono config path = 'C:/Program Files/Unity/Hub/Editor/2021.3.25f1/Editor/Data/MonoBleedingEdge/etc'
Using monoOptions --debugger-agent=transport=dt_socket,embedding=1,server=y,suspend=n,address=127.0.0.1:56796
Begin MonoManager ReloadAssembly
Registering precompiled unity dll's ...
Register platform support module: C:/Program Files/Unity/Hub/Editor/2021.3.25f1/Editor/Data/PlaybackEngines/WindowsStandaloneSupport/UnityEditor.WindowsStandalone.Extensions.dll
Registered in 0.004651 seconds.
Native extension for WindowsStandalone target not found
Refreshing native plugins compatible for Editor in 145.65 ms, found 3 plugins.
Preloading 0 native plugins for Editor in 0.00 ms.
Mono: successfully reloaded assembly
- Completed reload, in  0.870 seconds
Domain Reload Profiling:
	ReloadAssembly (870ms)
		BeginReloadAssembly (125ms)
			ExecutionOrderSort (0ms)
			DisableScriptedObjects (0ms)
			BackupInstance (0ms)
			ReleaseScriptingObjects (0ms)
			CreateAndSetChildDomain (1ms)
		EndReloadAssembly (621ms)
			LoadAssemblies (123ms)
			RebuildTransferFunctionScriptingTraits (0ms)
			SetupTypeCache (141ms)
			ReleaseScriptCaches (0ms)
			RebuildScriptCaches (29ms)
			SetupLoadedEditorAssemblies (392ms)
				LogAssemblyErrors (0ms)
				InitializePlatformSupportModulesInManaged (8ms)
				SetLoadedEditorAssemblies (0ms)
				RefreshPlugins (146ms)
				BeforeProcessingInitializeOnLoad (2ms)
				ProcessInitializeOnLoadAttributes (176ms)
				ProcessInitializeOnLoadMethodAttributes (61ms)
				AfterProcessingInitializeOnLoad (0ms)
				EditorAssembliesLoaded (0ms)
			ExecutionOrderSort2 (0ms)
			AwakeInstancesAfterBackupRestoration (0ms)
Platform modules already initialized, skipping
Registering precompiled user dll's ...
Registered in 0.007518 seconds.
Begin MonoManager ReloadAssembly
Symbol file LoadedFromMemory doesn't match image C:\Users\BlueSnack\Desktop\2023_1_컴그\TheMansionThief\TheMansionThief\Library\PackageCache\com.unity.visualscripting@1.8.0\Editor\VisualScripting.Core\Dependencies\YamlDotNet\Unity.VisualScripting.YamlDotNet.dll
Symbol file LoadedFromMemory doesn't match image C:\Users\BlueSnack\Desktop\2023_1_컴그\TheMansionThief\TheMansionThief\Library\PackageCache\com.unity.visualscripting@1.8.0\Editor\VisualScripting.Core\Dependencies\DotNetZip\Unity.VisualScripting.IonicZip.dll
Native extension for WindowsStandalone target not found
Refreshing native plugins compatible for Editor in 0.77 ms, found 3 plugins.
Preloading 0 native plugins for Editor in 0.00 ms.
Mono: successfully reloaded assembly
- Completed reload, in  1.303 seconds
Domain Reload Profiling:
	ReloadAssembly (1304ms)
		BeginReloadAssembly (135ms)
			ExecutionOrderSort (0ms)
			DisableScriptedObjects (5ms)
			BackupInstance (0ms)
			ReleaseScriptingObjects (0ms)
			CreateAndSetChildDomain (22ms)
		EndReloadAssembly (1025ms)
			LoadAssemblies (98ms)
			RebuildTransferFunctionScriptingTraits (0ms)
			SetupTypeCache (339ms)
			ReleaseScriptCaches (1ms)
			RebuildScriptCaches (62ms)
			SetupLoadedEditorAssemblies (478ms)
				LogAssemblyErrors (0ms)
				InitializePlatformSupportModulesInManaged (5ms)
				SetLoadedEditorAssemblies (0ms)
				RefreshPlugins (1ms)
				BeforeProcessingInitializeOnLoad (73ms)
				ProcessInitializeOnLoadAttributes (350ms)
				ProcessInitializeOnLoadMethodAttributes (39ms)
				AfterProcessingInitializeOnLoad (9ms)
				EditorAssembliesLoaded (0ms)
			ExecutionOrderSort2 (0ms)
			AwakeInstancesAfterBackupRestoration (10ms)
Platform modules already initialized, skipping
========================================================================
Worker process is ready to serve import requests
Launched and connected shader compiler UnityShaderCompiler.exe after 0.10 seconds
Refreshing native plugins compatible for Editor in 0.77 ms, found 3 plugins.
Preloading 0 native plugins for Editor in 0.00 ms.
Unloading 3064 Unused Serialized files (Serialized files now loaded: 0)
Unloading 24 unused Assets / (113.9 KB). Loaded Objects now: 3527.
Memory consumption went from 113.2 MB to 113.1 MB.
Total: 3.110900 ms (FindLiveObjects: 0.318100 ms CreateObjectMapping: 0.135400 ms MarkObjects: 2.484800 ms  DeleteObjects: 0.170400 ms)

AssetImportParameters requested are different than current active one (requested -> active):
  custom:video-decoder-ogg-theora: a1e56fd34408186e4bbccfd4996cb3dc -> 
  custom:container-muxer-webm: aa71ff27fc2769a1b78a27578f13a17b -> 
  custom:container-demuxer-webm: 4f35f7cbe854078d1ac9338744f61a02 -> 
  custom:video-encoder-webm-vp8: eb34c28f22e8b96e1ab97ce403110664 -> 
  custom:video-codec-MediaFoundation-h265: 746d11721c4dcdbdad8f713fa42b33f4 -> 
  custom:audio-encoder-webm-vorbis: bf7c407c2cedff20999df2af8eb42d56 -> 
  custom:framework-win-MediaFoundation: 216162199b28c13a410421893ffa2e32 -> 
  custom:container-demuxer-ogg: 62fdf1f143b41e24485cea50d1cbac27 -> 
  custom:video-decoder-webm-vp8: 9c59270c3fd7afecdb556c50c9e8de78 -> 
  custom:audio-decoder-ogg-vorbis: bf7c407c2cedff20999df2af8eb42d56 -> 
========================================================================
Received Import Request.
  Time since last request: 534147.166845 seconds.
  path: Assets/ModernArchViz_SeaView/SeaViewArchViz/Prefabs/Standard/Bathroom/Basin_a_01.prefab
  artifactKey: Guid(318b79e6c7bdfc74b86cf4ef48f0585a) Importer(815301076,1909f56bfc062723c751e8b465ee728b)
Start importing Assets/ModernArchViz_SeaView/SeaViewArchViz/Prefabs/Standard/Bathroom/Basin_a_01.prefab using Guid(318b79e6c7bdfc74b86cf4ef48f0585a) Importer(815301076,1909f56bfc062723c751e8b465ee728b)  -> (artifact id: 'fc9d05800e3551a90a2192263982e72c') in 0.376952 seconds 
========================================================================
Received Import Request.
  Time since last request: 0.000040 seconds.
  path: Assets/ModernArchViz_SeaView/SeaViewArchViz/Prefabs/Custom/Bathroom/BathMixerStand_a_01.prefab
  artifactKey: Guid(84794e90da8d9d548bcb370decc3a024) Importer(815301076,1909f56bfc062723c751e8b465ee728b)
Start importing Assets/ModernArchViz_SeaView/SeaViewArchViz/Prefabs/Custom/Bathroom/BathMixerStand_a_01.prefab using Guid(84794e90da8d9d548bcb370decc3a024) Importer(815301076,1909f56bfc062723c751e8b465ee728b)  -> (artifact id: '0cc643d3e4796716db813af4bc333e30') in 0.032589 seconds 
========================================================================
Received Import Request.
  Time since last request: 0.000048 seconds.
  path: Assets/ModernArchViz_SeaView/SeaViewArchViz/Prefabs/Custom/Living Area/BookRackSet_a_01.prefab
  artifactKey: Guid(b2097ec4cb55132498f888c0933f3709) Importer(815301076,1909f56bfc062723c751e8b465ee728b)
Start importing Assets/ModernArchViz_SeaView/SeaViewArchViz/Prefabs/Custom/Living Area/BookRackSet_a_01.prefab using Guid(b2097ec4cb55132498f888c0933f3709) Importer(815301076,1909f56bfc062723c751e8b465ee728b)  -> (artifact id: '4e187ead0d7f7454332ee4456c6929fd') in 0.036853 seconds 
========================================================================
Received Import Request.
  Time since last request: 0.000035 seconds.
  path: Assets/ModernArchViz_SeaView/SeaViewArchViz/Prefabs/Standard/Bathroom/BasinMixer_a_01.prefab
  artifactKey: Guid(c57d522a6fe9df44ca25aae94db487cf) Importer(815301076,1909f56bfc062723c751e8b465ee728b)
Start importing Assets/ModernArchViz_SeaView/SeaViewArchViz/Prefabs/Standard/Bathroom/BasinMixer_a_01.prefab using Guid(c57d522a6fe9df44ca25aae94db487cf) Importer(815301076,1909f56bfc062723c751e8b465ee728b)  -> (artifact id: '84906b8dc7f472bda65cb35ff31c819d') in 0.027079 seconds 
========================================================================
Received Import Request.
  Time since last request: 0.000041 seconds.
  path: Assets/ModernArchViz_SeaView/SeaViewArchViz/Prefabs/Standard/Living Area/Book_b_01.prefab
  artifactKey: Guid(b740225fc614ed849a3512ce35cd53c0) Importer(815301076,1909f56bfc062723c751e8b465ee728b)
Start importing Assets/ModernArchViz_SeaView/SeaViewArchViz/Prefabs/Standard/Living Area/Book_b_01.prefab using Guid(b740225fc614ed849a3512ce35cd53c0) Importer(815301076,1909f56bfc062723c751e8b465ee728b)  -> (artifact id: 'b3271dfd5b9e329367f7d94ea148cca8') in 0.026039 seconds 
========================================================================
Received Import Request.
  Time since last request: 0.000034 seconds.
  path: Assets/ModernArchViz_SeaView/SeaViewArchViz/Prefabs/Standard/Study/BookCase_c_01.prefab
  artifactKey: Guid(073d87b0019b56440ada5216e717ccca) Importer(815301076,1909f56bfc062723c751e8b465ee728b)
Start importing Assets/ModernArchViz_SeaView/SeaViewArchViz/Prefabs/Standard/Study/BookCase_c_01.prefab using Guid(073d87b0019b56440ada5216e717ccca) Importer(815301076,1909f56bfc062723c751e8b465ee728b)  -> (artifact id: '4e751ab2e8ac18e0f04b21a7cfdc810e') in 0.025201 seconds 
========================================================================
Received Import Request.
  Time since last request: 0.000030 seconds.
  path: Assets/ModernArchViz_SeaView/SeaViewArchViz/Prefabs/Custom/Bathroom/BasinSet_a_01.prefab
  artifactKey: Guid(b75a0060e1003ec458c71dfc0786f146) Importer(815301076,1909f56bfc062723c751e8b465ee728b)
Start importing Assets/ModernArchViz_SeaView/SeaViewArchViz/Prefabs/Custom/Bathroom/BasinSet_a_01.prefab using Guid(b75a0060e1003ec458c71dfc0786f146) Importer(815301076,1909f56bfc062723c751e8b465ee728b)  -> (artifact id: '106b6523fb1cea29b6f0d9395aeb213d') in 0.028316 seconds 
========================================================================
Received Import Request.
  Time since last request: 0.000032 seconds.
  path: Assets/ModernArchViz_SeaView/SeaViewArchViz/Prefabs/Standard/Living Area/Book_a_01.prefab
  artifactKey: Guid(4ddf619d9b8daca4ba2d0b2e68c71c82) Importer(815301076,1909f56bfc062723c751e8b465ee728b)
Start importing Assets/ModernArchViz_SeaView/SeaViewArchViz/Prefabs/Standard/Living Area/Book_a_01.prefab using Guid(4ddf619d9b8daca4ba2d0b2e68c71c82) Importer(815301076,1909f56bfc062723c751e8b465ee728b)  -> (artifact id: 'd4d986793f5d8e7ff0ee718210718cfa') in 0.029711 seconds 
========================================================================
Received Import Request.
  Time since last request: 0.000037 seconds.
  path: Assets/ModernArchViz_SeaView/SeaViewArchViz/Prefabs/Standard/Bedroom/Box_d_01.prefab
  artifactKey: Guid(260d6d06380082348b170cb7d76553c2) Importer(815301076,1909f56bfc062723c751e8b465ee728b)
Start importing Assets/ModernArchViz_SeaView/SeaViewArchViz/Prefabs/Standard/Bedroom/Box_d_01.prefab using Guid(260d6d06380082348b170cb7d76553c2) Importer(815301076,1909f56bfc062723c751e8b465ee728b)  -> (artifact id: 'c511862b73476ed110315e7f899e5589') in 0.027155 seconds 
========================================================================
Received Import Request.
  Time since last request: 0.000040 seconds.
  path: Assets/ModernArchViz_SeaView/SeaViewArchViz/Prefabs/Standard/Bedroom/Box_b_01.prefab
  artifactKey: Guid(d80abd2951821174d91afe67fdb381ab) Importer(815301076,1909f56bfc062723c751e8b465ee728b)
Start importing Assets/ModernArchViz_SeaView/SeaViewArchViz/Prefabs/Standard/Bedroom/Box_b_01.prefab using Guid(d80abd2951821174d91afe67fdb381ab) Importer(815301076,1909f56bfc062723c751e8b465ee728b)  -> (artifact id: '895d422e4f2dfcea09f8a64446b1eb70') in 0.027225 seconds 
========================================================================
Received Import Request.
  Time since last request: 0.000056 seconds.
  path: Assets/ModernArchViz_SeaView/SeaViewArchViz/Prefabs/Standard/Bathroom/BathWaterPipe_a_01.prefab
  artifactKey: Guid(f72d89fb22597a5489e4db537bfdfc85) Importer(815301076,1909f56bfc062723c751e8b465ee728b)
Start importing Assets/ModernArchViz_SeaView/SeaViewArchViz/Prefabs/Standard/Bathroom/BathWaterPipe_a_01.prefab using Guid(f72d89fb22597a5489e4db537bfdfc85) Importer(815301076,1909f56bfc062723c751e8b465ee728b)  -> (artifact id: '5ed76c61cf3d8c0d5c8c5ddfce8c585c') in 0.026530 seconds 
========================================================================
Received Import Request.
  Time since last request: 0.000031 seconds.
  path: Assets/ModernArchViz_SeaView/SeaViewArchViz/Prefabs/Standard/Living Area/ChandelierLight_a_01.prefab
  artifactKey: Guid(6f359f6afabc84049b2397aaaad4fc47) Importer(815301076,1909f56bfc062723c751e8b465ee728b)
Start importing Assets/ModernArchViz_SeaView/SeaViewArchViz/Prefabs/Standard/Living Area/ChandelierLight_a_01.prefab using Guid(6f359f6afabc84049b2397aaaad4fc47) Importer(815301076,1909f56bfc062723c751e8b465ee728b)  -> (artifact id: 'a388f50acaee8c42c81b690bc956b2a4') in 0.025191 seconds 
========================================================================
Received Import Request.
  Time since last request: 0.000030 seconds.
  path: Assets/ModernArchViz_SeaView/SeaViewArchViz/Prefabs/Custom/Bathroom/BasketSet_a_01.prefab
  artifactKey: Guid(39239a5df4f3edd43a80ed7b91bab475) Importer(815301076,1909f56bfc062723c751e8b465ee728b)
Start importing Assets/ModernArchViz_SeaView/SeaViewArchViz/Prefabs/Custom/Bathroom/BasketSet_a_01.prefab using Guid(39239a5df4f3edd43a80ed7b91bab475) Importer(815301076,1909f56bfc062723c751e8b465ee728b)  -> (artifact id: 'd6923130bac9a4f0f553cdc128a83c03') in 0.028681 seconds 
========================================================================
Received Import Request.
  Time since last request: 0.000028 seconds.
  path: Assets/ModernArchViz_SeaView/SeaViewArchViz/Prefabs/Standard/Living Area/Branch_b_01.prefab
  artifactKey: Guid(a557370abe65c2c4da377e01a76b9078) Importer(815301076,1909f56bfc062723c751e8b465ee728b)
Start importing Assets/ModernArchViz_SeaView/SeaViewArchViz/Prefabs/Standard/Living Area/Branch_b_01.prefab using Guid(a557370abe65c2c4da377e01a76b9078) Importer(815301076,1909f56bfc062723c751e8b465ee728b)  -> (artifact id: '1bee05b1c46859631e535d032f23d22e') in 0.051694 seconds 
========================================================================
Received Import Request.
  Time since last request: 0.000031 seconds.
  path: Assets/ModernArchViz_SeaView/SeaViewArchViz/Prefabs/Standard/Study/Bowl_b_01.prefab
  artifactKey: Guid(e1ead9aa234cc2346b448f84e64080ad) Importer(815301076,1909f56bfc062723c751e8b465ee728b)
Start importing Assets/ModernArchViz_SeaView/SeaViewArchViz/Prefabs/Standard/Study/Bowl_b_01.prefab using Guid(e1ead9aa234cc2346b448f84e64080ad) Importer(815301076,1909f56bfc062723c751e8b465ee728b)  -> (artifact id: '5008363c986f8c2ca967c7ad2c0abf69') in 0.024826 seconds 
========================================================================
Received Import Request.
  Time since last request: 1.626253 seconds.
  path: Assets/ModernArchViz_SeaView/SeaViewArchViz/Prefabs/Custom/Living Area/ChandelierSet_b_01.prefab
  artifactKey: Guid(c2472a29b11041a45bfa6e1c7466e895) Importer(815301076,1909f56bfc062723c751e8b465ee728b)
Start importing Assets/ModernArchViz_SeaView/SeaViewArchViz/Prefabs/Custom/Living Area/ChandelierSet_b_01.prefab using Guid(c2472a29b11041a45bfa6e1c7466e895) Importer(815301076,1909f56bfc062723c751e8b465ee728b)  -> (artifact id: '3284ceed15a5f3f47017b55be7500c83') in 0.046759 seconds 
========================================================================
Received Import Request.
  Time since last request: 0.000049 seconds.
  path: Assets/ModernArchViz_SeaView/SeaViewArchViz/Prefabs/Standard/Living Area/CoffeeTableRound_a_01.prefab
  artifactKey: Guid(70506f6a5c46e174fa958c432f5268c3) Importer(815301076,1909f56bfc062723c751e8b465ee728b)
Start importing Assets/ModernArchViz_SeaView/SeaViewArchViz/Prefabs/Standard/Living Area/CoffeeTableRound_a_01.prefab using Guid(70506f6a5c46e174fa958c432f5268c3) Importer(815301076,1909f56bfc062723c751e8b465ee728b)  -> (artifact id: '31bfab1671433dcd1298942c3dcb3ced') in 0.049055 seconds 
========================================================================
Received Import Request.
  Time since last request: 0.000055 seconds.
  path: Assets/ModernArchViz_SeaView/SeaViewArchViz/Prefabs/Standard/Living Area/Couch_b_01.prefab
  artifactKey: Guid(d80da3fdedfead745aef506a20632ab0) Importer(815301076,1909f56bfc062723c751e8b465ee728b)
Start importing Assets/ModernArchViz_SeaView/SeaViewArchViz/Prefabs/Standard/Living Area/Couch_b_01.prefab using Guid(d80da3fdedfead745aef506a20632ab0) Importer(815301076,1909f56bfc062723c751e8b465ee728b)  -> (artifact id: '3c43e7221905f5851d1d0b1cc6ec52ed') in 0.029802 seconds 
========================================================================
Received Import Request.
  Time since last request: 0.000031 seconds.
  path: Assets/ModernArchViz_SeaView/SeaViewArchViz/Prefabs/Standard/Living Area/CoffeeTableSquare_a_01.prefab
  artifactKey: Guid(4c7eaa1be88368245a4cc692c16f6e26) Importer(815301076,1909f56bfc062723c751e8b465ee728b)
Start importing Assets/ModernArchViz_SeaView/SeaViewArchViz/Prefabs/Standard/Living Area/CoffeeTableSquare_a_01.prefab using Guid(4c7eaa1be88368245a4cc692c16f6e26) Importer(815301076,1909f56bfc062723c751e8b465ee728b)  -> (artifact id: '86a328e7d9ec423a6fc6a7366b239f18') in 0.039466 seconds 
========================================================================
Received Import Request.
  Time since last request: 0.000033 seconds.
  path: Assets/ModernArchViz_SeaView/SeaViewArchViz/Prefabs/Standard/Bedroom/Closet_d_01.prefab
  artifactKey: Guid(29406a40b1f7ca949abce07fe3676b11) Importer(815301076,1909f56bfc062723c751e8b465ee728b)
Start importing Assets/ModernArchViz_SeaView/SeaViewArchViz/Prefabs/Standard/Bedroom/Closet_d_01.prefab using Guid(29406a40b1f7ca949abce07fe3676b11) Importer(815301076,1909f56bfc062723c751e8b465ee728b)  -> (artifact id: 'f36125c882d52e3ecb06bb1b156f8eff') in 0.036370 seconds 
========================================================================
Received Import Request.
  Time since last request: 0.444211 seconds.
  path: Assets/ModernArchViz_SeaView/SeaViewArchViz/Prefabs/Custom/Living Area/CouchSet_b_01.prefab
  artifactKey: Guid(8ca05ed4cfa1c5c48a8debac655ad399) Importer(815301076,1909f56bfc062723c751e8b465ee728b)
Start importing Assets/ModernArchViz_SeaView/SeaViewArchViz/Prefabs/Custom/Living Area/CouchSet_b_01.prefab using Guid(8ca05ed4cfa1c5c48a8debac655ad399) Importer(815301076,1909f56bfc062723c751e8b465ee728b)  -> (artifact id: 'dd856f1b513842c332ff1dc7f6ac7918') in 0.058404 seconds 
========================================================================
Received Import Request.
  Time since last request: 0.000079 seconds.
  path: Assets/ModernArchViz_SeaView/SeaViewArchViz/Prefabs/Standard/Laundry room/Cupboard_a_01.prefab
  artifactKey: Guid(1205e5432d98dc44e9e60c7b76bb1684) Importer(815301076,1909f56bfc062723c751e8b465ee728b)
Start importing Assets/ModernArchViz_SeaView/SeaViewArchViz/Prefabs/Standard/Laundry room/Cupboard_a_01.prefab using Guid(1205e5432d98dc44e9e60c7b76bb1684) Importer(815301076,1909f56bfc062723c751e8b465ee728b)  -> (artifact id: '879c2dbdc11b1ab2073a1b474cf5cf97') in 0.048772 seconds 
========================================================================
Received Import Request.
  Time since last request: 0.000037 seconds.
  path: Assets/ModernArchViz_SeaView/SeaViewArchViz/Prefabs/Standard/Bathroom/Desk_a_01.prefab
  artifactKey: Guid(c292b5a116b03724e821780b7005b550) Importer(815301076,1909f56bfc062723c751e8b465ee728b)
Start importing Assets/ModernArchViz_SeaView/SeaViewArchViz/Prefabs/Standard/Bathroom/Desk_a_01.prefab using Guid(c292b5a116b03724e821780b7005b550) Importer(815301076,1909f56bfc062723c751e8b465ee728b)  -> (artifact id: '12a9d54b72409ddfc9ecdc7902c4d404') in 0.045830 seconds 
========================================================================
Received Import Request.
  Time since last request: 0.000024 seconds.
  path: Assets/ModernArchViz_SeaView/SeaViewArchViz/Prefabs/Standard/Laundry room/Cupboard_b_01.prefab
  artifactKey: Guid(fd1cbcb2a3601a44d8242b4ac3bc2050) Importer(815301076,1909f56bfc062723c751e8b465ee728b)
Start importing Assets/ModernArchViz_SeaView/SeaViewArchViz/Prefabs/Standard/Laundry room/Cupboard_b_01.prefab using Guid(fd1cbcb2a3601a44d8242b4ac3bc2050) Importer(815301076,1909f56bfc062723c751e8b465ee728b)  -> (artifact id: '44fc712f805bdd4d85230021c81fa190') in 0.037073 seconds 
========================================================================
Received Import Request.
  Time since last request: 0.000043 seconds.
  path: Assets/ModernArchViz_SeaView/SeaViewArchViz/Prefabs/Standard/Bathroom/Counter_c_01.prefab
  artifactKey: Guid(7b0ee31f853468145882f354a7ab1b11) Importer(815301076,1909f56bfc062723c751e8b465ee728b)
Start importing Assets/ModernArchViz_SeaView/SeaViewArchViz/Prefabs/Standard/Bathroom/Counter_c_01.prefab using Guid(7b0ee31f853468145882f354a7ab1b11) Importer(815301076,1909f56bfc062723c751e8b465ee728b)  -> (artifact id: '4f5344c468c0ef3aaf98b82509e68ffa') in 0.037706 seconds 
========================================================================
Received Import Request.
  Time since last request: 0.000046 seconds.
  path: Assets/ModernArchViz_SeaView/SeaViewArchViz/Prefabs/Standard/Bedroom/DoubleSheet_a_01.prefab
  artifactKey: Guid(6272fb23681d6104eb2b0dec42421c70) Importer(815301076,1909f56bfc062723c751e8b465ee728b)
Start importing Assets/ModernArchViz_SeaView/SeaViewArchViz/Prefabs/Standard/Bedroom/DoubleSheet_a_01.prefab using Guid(6272fb23681d6104eb2b0dec42421c70) Importer(815301076,1909f56bfc062723c751e8b465ee728b)  -> (artifact id: 'f59be2fd26c28debf3c1fa417bb9b7d8') in 0.018268 seconds 
========================================================================
Received Import Request.
  Time since last request: 0.000037 seconds.
  path: Assets/ModernArchViz_SeaView/SeaViewArchViz/Prefabs/Standard/Bedroom/Drawer_c_01.prefab
  artifactKey: Guid(eff80fd1278764942a3ebe0f7ef93528) Importer(815301076,1909f56bfc062723c751e8b465ee728b)
Start importing Assets/ModernArchViz_SeaView/SeaViewArchViz/Prefabs/Standard/Bedroom/Drawer_c_01.prefab using Guid(eff80fd1278764942a3ebe0f7ef93528) Importer(815301076,1909f56bfc062723c751e8b465ee728b)  -> (artifact id: 'fb6e37d12583e229278dfaa4b0f01662') in 0.030812 seconds 
========================================================================
Received Import Request.
  Time since last request: 0.000022 seconds.
  path: Assets/ModernArchViz_SeaView/SeaViewArchViz/Prefabs/Custom/Living Area/DiningTableSet_a_01.prefab
  artifactKey: Guid(6f95441f2724e5e4a84dd0d5c6f269fb) Importer(815301076,1909f56bfc062723c751e8b465ee728b)
Start importing Assets/ModernArchViz_SeaView/SeaViewArchViz/Prefabs/Custom/Living Area/DiningTableSet_a_01.prefab using Guid(6f95441f2724e5e4a84dd0d5c6f269fb) Importer(815301076,1909f56bfc062723c751e8b465ee728b)  -> (artifact id: '4e5451789f596feb1c57725765e3888f') in 0.029919 seconds 
========================================================================
Received Import Request.
  Time since last request: 0.000029 seconds.
  path: Assets/ModernArchViz_SeaView/SeaViewArchViz/Prefabs/Standard/Laundry room/FabricSoftener_a_01.prefab
  artifactKey: Guid(f199b6b8f8e804a4dbb53ed6dcd37280) Importer(815301076,1909f56bfc062723c751e8b465ee728b)
Start importing Assets/ModernArchViz_SeaView/SeaViewArchViz/Prefabs/Standard/Laundry room/FabricSoftener_a_01.prefab using Guid(f199b6b8f8e804a4dbb53ed6dcd37280) Importer(815301076,1909f56bfc062723c751e8b465ee728b)  -> (artifact id: '3daf5d1048b015a9c275808b4a030bfb') in 0.029952 seconds 
========================================================================
Received Import Request.
  Time since last request: 0.488760 seconds.
  path: Assets/ModernArchViz_SeaView/SeaViewArchViz/Prefabs/Standard/Living Area/FreestandingLamp_b_01.prefab
  artifactKey: Guid(65815a23b1645dd4989487969b754348) Importer(815301076,1909f56bfc062723c751e8b465ee728b)
Start importing Assets/ModernArchViz_SeaView/SeaViewArchViz/Prefabs/Standard/Living Area/FreestandingLamp_b_01.prefab using Guid(65815a23b1645dd4989487969b754348) Importer(815301076,1909f56bfc062723c751e8b465ee728b)  -> (artifact id: '61eacd98b7d3a337ddbf085c19635cfb') in 0.067663 seconds 
========================================================================
Received Import Request.
  Time since last request: 0.000030 seconds.
  path: Assets/ModernArchViz_SeaView/SeaViewArchViz/Prefabs/Standard/Bedroom/Headboard_b_01.prefab
  artifactKey: Guid(be79e69922683b54a837f2fc0637629c) Importer(815301076,1909f56bfc062723c751e8b465ee728b)
Start importing Assets/ModernArchViz_SeaView/SeaViewArchViz/Prefabs/Standard/Bedroom/Headboard_b_01.prefab using Guid(be79e69922683b54a837f2fc0637629c) Importer(815301076,1909f56bfc062723c751e8b465ee728b)  -> (artifact id: '98b813dbec6a8ec2828e739ef3a9dbfb') in 0.057960 seconds 
========================================================================
Received Import Request.
  Time since last request: 0.000049 seconds.
  path: Assets/ModernArchViz_SeaView/SeaViewArchViz/Prefabs/Custom/Living Area/MagazineSet_b_01.prefab
  artifactKey: Guid(2648a5427046f5d40b8c4917e570ba78) Importer(815301076,1909f56bfc062723c751e8b465ee728b)
Start importing Assets/ModernArchViz_SeaView/SeaViewArchViz/Prefabs/Custom/Living Area/MagazineSet_b_01.prefab using Guid(2648a5427046f5d40b8c4917e570ba78) Importer(815301076,1909f56bfc062723c751e8b465ee728b)  -> (artifact id: 'cefeff5393152506961cbc5a0cc08d06') in 0.041048 seconds 
========================================================================
Received Import Request.
  Time since last request: 0.000036 seconds.
  path: Assets/ModernArchViz_SeaView/SeaViewArchViz/Prefabs/Standard/Living Area/KitchenCounter_b_01.prefab
  artifactKey: Guid(9026d74f5edc6f4428db13fe5723fe04) Importer(815301076,1909f56bfc062723c751e8b465ee728b)
Start importing Assets/ModernArchViz_SeaView/SeaViewArchViz/Prefabs/Standard/Living Area/KitchenCounter_b_01.prefab using Guid(9026d74f5edc6f4428db13fe5723fe04) Importer(815301076,1909f56bfc062723c751e8b465ee728b)  -> (artifact id: 'ef8c36a83d3b01293c6001ec313bd083') in 0.035802 seconds 
========================================================================
Received Import Request.
  Time since last request: 0.000030 seconds.
  path: Assets/ModernArchViz_SeaView/SeaViewArchViz/Prefabs/Standard/Living Area/KitchenSink_a_01.prefab
  artifactKey: Guid(5acad3e329a51024591156608c437bfc) Importer(815301076,1909f56bfc062723c751e8b465ee728b)
Start importing Assets/ModernArchViz_SeaView/SeaViewArchViz/Prefabs/Standard/Living Area/KitchenSink_a_01.prefab using Guid(5acad3e329a51024591156608c437bfc) Importer(815301076,1909f56bfc062723c751e8b465ee728b)  -> (artifact id: '8c83ab2c762196c8f72289caa3ea97c9') in 0.030952 seconds 
========================================================================
Received Import Request.
  Time since last request: 0.000031 seconds.
  path: Assets/ModernArchViz_SeaView/SeaViewArchViz/Prefabs/Standard/Living Area/MagazineOpen_b_01.prefab
  artifactKey: Guid(4ccb2b7d48bfde74cb5154e57a336dba) Importer(815301076,1909f56bfc062723c751e8b465ee728b)
Start importing Assets/ModernArchViz_SeaView/SeaViewArchViz/Prefabs/Standard/Living Area/MagazineOpen_b_01.prefab using Guid(4ccb2b7d48bfde74cb5154e57a336dba) Importer(815301076,1909f56bfc062723c751e8b465ee728b)  -> (artifact id: 'def3a359a87aa860537353b941c8a68a') in 0.030353 seconds 
========================================================================
Received Import Request.
  Time since last request: 0.000027 seconds.
  path: Assets/ModernArchViz_SeaView/SeaViewArchViz/Prefabs/Standard/Bedroom/Headboard_a_01.prefab
  artifactKey: Guid(b391147a6e765fe4fa2577458f0f3bb1) Importer(815301076,1909f56bfc062723c751e8b465ee728b)
Start importing Assets/ModernArchViz_SeaView/SeaViewArchViz/Prefabs/Standard/Bedroom/Headboard_a_01.prefab using Guid(b391147a6e765fe4fa2577458f0f3bb1) Importer(815301076,1909f56bfc062723c751e8b465ee728b)  -> (artifact id: '7231f5157d0d9478075605599d7dcc35') in 0.027726 seconds 
========================================================================
Received Import Request.
  Time since last request: 0.000032 seconds.
  path: Assets/ModernArchViz_SeaView/SeaViewArchViz/Prefabs/Standard/Living Area/KitchenCounter_a_01.prefab
  artifactKey: Guid(4f81c28448d910246bcf08d18483082d) Importer(815301076,1909f56bfc062723c751e8b465ee728b)
Start importing Assets/ModernArchViz_SeaView/SeaViewArchViz/Prefabs/Standard/Living Area/KitchenCounter_a_01.prefab using Guid(4f81c28448d910246bcf08d18483082d) Importer(815301076,1909f56bfc062723c751e8b465ee728b)  -> (artifact id: '37b997106f0267ed71edbe1c4aa137a7') in 0.027870 seconds 
========================================================================
Received Import Request.
  Time since last request: 0.000040 seconds.
  path: Assets/ModernArchViz_SeaView/SeaViewArchViz/Prefabs/Standard/Study/GlassCabinetteDoor_a_01.prefab
  artifactKey: Guid(edfa553daf0229d4e9f0d9b9f34d4342) Importer(815301076,1909f56bfc062723c751e8b465ee728b)
Start importing Assets/ModernArchViz_SeaView/SeaViewArchViz/Prefabs/Standard/Study/GlassCabinetteDoor_a_01.prefab using Guid(edfa553daf0229d4e9f0d9b9f34d4342) Importer(815301076,1909f56bfc062723c751e8b465ee728b)  -> (artifact id: '22e49bd28f0cb47891353ef3727ea2ce') in 0.028377 seconds 
========================================================================
Received Import Request.
  Time since last request: 0.000056 seconds.
  path: Assets/ModernArchViz_SeaView/SeaViewArchViz/Prefabs/Custom/Bedroom/HangedShirt_a_01.prefab
  artifactKey: Guid(2dfa1a7283ebe7e478276f820423cbe7) Importer(815301076,1909f56bfc062723c751e8b465ee728b)
Start importing Assets/ModernArchViz_SeaView/SeaViewArchViz/Prefabs/Custom/Bedroom/HangedShirt_a_01.prefab using Guid(2dfa1a7283ebe7e478276f820423cbe7) Importer(815301076,1909f56bfc062723c751e8b465ee728b)  -> (artifact id: '9b778224634ccbd69f9473872d95d815') in 0.025796 seconds 
========================================================================
Received Import Request.
  Time since last request: 0.344394 seconds.
  path: Assets/ModernArchViz_SeaView/SeaViewArchViz/Prefabs/Standard/Bathroom/Mirror_a_01.prefab
  artifactKey: Guid(d0905fe02e52ecf45b28a2dabfd6a989) Importer(815301076,1909f56bfc062723c751e8b465ee728b)
Start importing Assets/ModernArchViz_SeaView/SeaViewArchViz/Prefabs/Standard/Bathroom/Mirror_a_01.prefab using Guid(d0905fe02e52ecf45b28a2dabfd6a989) Importer(815301076,1909f56bfc062723c751e8b465ee728b)  -> (artifact id: '036512483a442fb0f104e5e83f3667b2') in 0.043083 seconds 
========================================================================
Received Import Request.
  Time since last request: 0.000075 seconds.
  path: Assets/ModernArchViz_SeaView/SeaViewArchViz/Prefabs/Standard/Study/Ornament_b_01.prefab
  artifactKey: Guid(98d6f8deb364b4b4294282c4f1709aee) Importer(815301076,1909f56bfc062723c751e8b465ee728b)
Start importing Assets/ModernArchViz_SeaView/SeaViewArchViz/Prefabs/Standard/Study/Ornament_b_01.prefab using Guid(98d6f8deb364b4b4294282c4f1709aee) Importer(815301076,1909f56bfc062723c751e8b465ee728b)  -> (artifact id: 'f37dd6ca6a39e820f79013347b7add5a') in 0.035700 seconds 
========================================================================
Received Import Request.
  Time since last request: 0.000039 seconds.
  path: Assets/ModernArchViz_SeaView/SeaViewArchViz/Prefabs/Custom/Hallway/OrchardPot_a_01.prefab
  artifactKey: Guid(6f42ea22f39d60c4fa4b5ed709a37bc4) Importer(815301076,1909f56bfc062723c751e8b465ee728b)
Start importing Assets/ModernArchViz_SeaView/SeaViewArchViz/Prefabs/Custom/Hallway/OrchardPot_a_01.prefab using Guid(6f42ea22f39d60c4fa4b5ed709a37bc4) Importer(815301076,1909f56bfc062723c751e8b465ee728b)  -> (artifact id: '0dc3764590725f8f0c1b5640c503179a') in 0.033621 seconds 
========================================================================
Received Import Request.
  Time since last request: 0.000038 seconds.
  path: Assets/ModernArchViz_SeaView/SeaViewArchViz/Prefabs/Standard/Bedroom/NightStand_c_01.prefab
  artifactKey: Guid(48c431bf51dc03148a16c1a75d735996) Importer(815301076,1909f56bfc062723c751e8b465ee728b)
Start importing Assets/ModernArchViz_SeaView/SeaViewArchViz/Prefabs/Standard/Bedroom/NightStand_c_01.prefab using Guid(48c431bf51dc03148a16c1a75d735996) Importer(815301076,1909f56bfc062723c751e8b465ee728b)  -> (artifact id: '896ff00b1dc858871e75fa22f5d3e4c6') in 0.025788 seconds 
========================================================================
Received Import Request.
  Time since last request: 0.000025 seconds.
  path: Assets/ModernArchViz_SeaView/SeaViewArchViz/Prefabs/Standard/Hallway/PaintingSmall_b_01.prefab
  artifactKey: Guid(53a172a08742222458ae4620355417c1) Importer(815301076,1909f56bfc062723c751e8b465ee728b)
Start importing Assets/ModernArchViz_SeaView/SeaViewArchViz/Prefabs/Standard/Hallway/PaintingSmall_b_01.prefab using Guid(53a172a08742222458ae4620355417c1) Importer(815301076,1909f56bfc062723c751e8b465ee728b)  -> (artifact id: '80b1bd40b8bef17d0975f8127de24c2a') in 0.022959 seconds 
========================================================================
Received Import Request.
  Time since last request: 0.000030 seconds.
  path: Assets/ModernArchViz_SeaView/SeaViewArchViz/Prefabs/Standard/Hallway/PaintingSmall_a_01.prefab
  artifactKey: Guid(0eddc9467bc19484ebe337de26c5c7f4) Importer(815301076,1909f56bfc062723c751e8b465ee728b)
Start importing Assets/ModernArchViz_SeaView/SeaViewArchViz/Prefabs/Standard/Hallway/PaintingSmall_a_01.prefab using Guid(0eddc9467bc19484ebe337de26c5c7f4) Importer(815301076,1909f56bfc062723c751e8b465ee728b)  -> (artifact id: '5fea34ed353194aeb87f2738c33a2b2e') in 0.019931 seconds 
========================================================================
Received Import Request.
  Time since last request: 0.000027 seconds.
  path: Assets/ModernArchViz_SeaView/SeaViewArchViz/Prefabs/Standard/Study/PC_a_01.prefab
  artifactKey: Guid(8b7506b7f56ae5a48b3dd9ff97df3ffa) Importer(815301076,1909f56bfc062723c751e8b465ee728b)
Start importing Assets/ModernArchViz_SeaView/SeaViewArchViz/Prefabs/Standard/Study/PC_a_01.prefab using Guid(8b7506b7f56ae5a48b3dd9ff97df3ffa) Importer(815301076,1909f56bfc062723c751e8b465ee728b)  -> (artifact id: 'ff9ebfb8ac22eb48ccfb90f0617829ab') in 0.024113 seconds 
========================================================================
Received Import Request.
  Time since last request: 0.000029 seconds.
  path: Assets/ModernArchViz_SeaView/SeaViewArchViz/Prefabs/Standard/Bedroom/NightLight_a_01.prefab
  artifactKey: Guid(8dcfa722a04f8fa409f152edfcf9108b) Importer(815301076,1909f56bfc062723c751e8b465ee728b)
Start importing Assets/ModernArchViz_SeaView/SeaViewArchViz/Prefabs/Standard/Bedroom/NightLight_a_01.prefab using Guid(8dcfa722a04f8fa409f152edfcf9108b) Importer(815301076,1909f56bfc062723c751e8b465ee728b)  -> (artifact id: 'da8a689bf29f515ec8c2affde3d0ecc6') in 0.024517 seconds 
========================================================================
Received Import Request.
  Time since last request: 0.000029 seconds.
  path: Assets/ModernArchViz_SeaView/SeaViewArchViz/Prefabs/Standard/Hallway/PiatingWide_a_01.prefab
  artifactKey: Guid(353031da90c8f384db0df64bb7357cdf) Importer(815301076,1909f56bfc062723c751e8b465ee728b)
Start importing Assets/ModernArchViz_SeaView/SeaViewArchViz/Prefabs/Standard/Hallway/PiatingWide_a_01.prefab using Guid(353031da90c8f384db0df64bb7357cdf) Importer(815301076,1909f56bfc062723c751e8b465ee728b)  -> (artifact id: 'e03554bb074fad5944b7effeff2f8382') in 0.022970 seconds 
========================================================================
Received Import Request.
  Time since last request: 0.000040 seconds.
  path: Assets/ModernArchViz_SeaView/SeaViewArchViz/Prefabs/Standard/Study/Ornament_e_01.prefab
  artifactKey: Guid(93f7b925b7bc2f0499f3ccfc656b3a6f) Importer(815301076,1909f56bfc062723c751e8b465ee728b)
Start importing Assets/ModernArchViz_SeaView/SeaViewArchViz/Prefabs/Standard/Study/Ornament_e_01.prefab using Guid(93f7b925b7bc2f0499f3ccfc656b3a6f) Importer(815301076,1909f56bfc062723c751e8b465ee728b)  -> (artifact id: '14e6eb4b0edf795581255ce513b2eaa1') in 0.023416 seconds 
========================================================================
Received Import Request.
  Time since last request: 0.000026 seconds.
  path: Assets/ModernArchViz_SeaView/SeaViewArchViz/Prefabs/Custom/Bathroom/RollHolder_a_01.prefab
  artifactKey: Guid(f572fe6206c78bc4bb84b27511a54cf8) Importer(815301076,1909f56bfc062723c751e8b465ee728b)
Start importing Assets/ModernArchViz_SeaView/SeaViewArchViz/Prefabs/Custom/Bathroom/RollHolder_a_01.prefab using Guid(f572fe6206c78bc4bb84b27511a54cf8) Importer(815301076,1909f56bfc062723c751e8b465ee728b)  -> (artifact id: 'adaa85127948fc7d010d46da7945ce80') in 0.024309 seconds 
========================================================================
Received Import Request.
  Time since last request: 0.000030 seconds.
  path: Assets/ModernArchViz_SeaView/SeaViewArchViz/Prefabs/Standard/Living Area/RugRound_a_01.prefab
  artifactKey: Guid(b9e85642ddb6d5445b7944e7522eb7ae) Importer(815301076,1909f56bfc062723c751e8b465ee728b)
Start importing Assets/ModernArchViz_SeaView/SeaViewArchViz/Prefabs/Standard/Living Area/RugRound_a_01.prefab using Guid(b9e85642ddb6d5445b7944e7522eb7ae) Importer(815301076,1909f56bfc062723c751e8b465ee728b)  -> (artifact id: '21200f04d87dad7df294d1024d0e295f') in 0.018616 seconds 
========================================================================
Received Import Request.
  Time since last request: 0.000046 seconds.
  path: Assets/ModernArchViz_SeaView/SeaViewArchViz/Prefabs/Standard/Plants/Plant_Orchard_a_01.prefab
  artifactKey: Guid(0fa6ffa6435d4eb439706b8922f84f9c) Importer(815301076,1909f56bfc062723c751e8b465ee728b)
Start importing Assets/ModernArchViz_SeaView/SeaViewArchViz/Prefabs/Standard/Plants/Plant_Orchard_a_01.prefab using Guid(0fa6ffa6435d4eb439706b8922f84f9c) Importer(815301076,1909f56bfc062723c751e8b465ee728b)  -> (artifact id: '4a6e69f585c0e00413f565c059cbefd4') in 0.024707 seconds 
========================================================================
Received Import Request.
  Time since last request: 0.000030 seconds.
  path: Assets/ModernArchViz_SeaView/SeaViewArchViz/Prefabs/Standard/Bedroom/ShirtStack_b_01.prefab
  artifactKey: Guid(032610bd1a8babf4eb2b82d6a0097fb2) Importer(815301076,1909f56bfc062723c751e8b465ee728b)
Start importing Assets/ModernArchViz_SeaView/SeaViewArchViz/Prefabs/Standard/Bedroom/ShirtStack_b_01.prefab using Guid(032610bd1a8babf4eb2b82d6a0097fb2) Importer(815301076,1909f56bfc062723c751e8b465ee728b)  -> (artifact id: '4e2eaf4f5aee2ec373d79f0fd0418e75') in 0.021963 seconds 
========================================================================
Received Import Request.
  Time since last request: 0.000047 seconds.
  path: Assets/ModernArchViz_SeaView/SeaViewArchViz/Prefabs/Standard/Bedroom/Shirt_a_01.prefab
  artifactKey: Guid(38072f49b785ab54aa46b9162f2ce29b) Importer(815301076,1909f56bfc062723c751e8b465ee728b)
Start importing Assets/ModernArchViz_SeaView/SeaViewArchViz/Prefabs/Standard/Bedroom/Shirt_a_01.prefab using Guid(38072f49b785ab54aa46b9162f2ce29b) Importer(815301076,1909f56bfc062723c751e8b465ee728b)  -> (artifact id: '228ba1e7c3a161183acd093252409345') in 0.023778 seconds 
========================================================================
Received Import Request.
  Time since last request: 0.000039 seconds.
  path: Assets/ModernArchViz_SeaView/SeaViewArchViz/Prefabs/Standard/Plants/Plant_a_01.prefab
  artifactKey: Guid(6267699354029d44ebec46d65e94049b) Importer(815301076,1909f56bfc062723c751e8b465ee728b)
Start importing Assets/ModernArchViz_SeaView/SeaViewArchViz/Prefabs/Standard/Plants/Plant_a_01.prefab using Guid(6267699354029d44ebec46d65e94049b) Importer(815301076,1909f56bfc062723c751e8b465ee728b)  -> (artifact id: 'f4c0b5fa3d86dd0fdcbb9f9aa16b89e3') in 0.026223 seconds 
========================================================================
Received Import Request.
  Time since last request: 0.000044 seconds.
  path: Assets/ModernArchViz_SeaView/SeaViewArchViz/Prefabs/Standard/Living Area/RugSquareBlack_a_01.prefab
  artifactKey: Guid(892843c554ab0b547955453eab3adce8) Importer(815301076,1909f56bfc062723c751e8b465ee728b)
Start importing Assets/ModernArchViz_SeaView/SeaViewArchViz/Prefabs/Standard/Living Area/RugSquareBlack_a_01.prefab using Guid(892843c554ab0b547955453eab3adce8) Importer(815301076,1909f56bfc062723c751e8b465ee728b)  -> (artifact id: 'a8b3300ca2210b0580ee21e39c4741e2') in 0.018430 seconds 
========================================================================
Received Import Request.
  Time since last request: 0.000028 seconds.
  path: Assets/ModernArchViz_SeaView/SeaViewArchViz/Prefabs/Standard/Bedroom/PillowBlack_b_01.prefab
  artifactKey: Guid(c5da1aa98c464474ba902a43f3cc9c89) Importer(815301076,1909f56bfc062723c751e8b465ee728b)
Start importing Assets/ModernArchViz_SeaView/SeaViewArchViz/Prefabs/Standard/Bedroom/PillowBlack_b_01.prefab using Guid(c5da1aa98c464474ba902a43f3cc9c89) Importer(815301076,1909f56bfc062723c751e8b465ee728b)  -> (artifact id: '0ef5b4be9dc37ca1f8bf7742bdb59083') in 0.021525 seconds 
========================================================================
Received Import Request.
  Time since last request: 0.000031 seconds.
  path: Assets/ModernArchViz_SeaView/SeaViewArchViz/Prefabs/Standard/Hallway/Pot_a_01.prefab
  artifactKey: Guid(d7122db686e5b284ab85c9642e51f6e0) Importer(815301076,1909f56bfc062723c751e8b465ee728b)
Start importing Assets/ModernArchViz_SeaView/SeaViewArchViz/Prefabs/Standard/Hallway/Pot_a_01.prefab using Guid(d7122db686e5b284ab85c9642e51f6e0) Importer(815301076,1909f56bfc062723c751e8b465ee728b)  -> (artifact id: 'cbfe91aeb8922ccdf23898923bd37f2b') in 0.025688 seconds 
========================================================================
Received Import Request.
  Time since last request: 0.000034 seconds.
  path: Assets/ModernArchViz_SeaView/SeaViewArchViz/Prefabs/Standard/Study/Sculpture_b_01.prefab
  artifactKey: Guid(4d7e702271a3ff6498de2933fb32f94b) Importer(815301076,1909f56bfc062723c751e8b465ee728b)
Start importing Assets/ModernArchViz_SeaView/SeaViewArchViz/Prefabs/Standard/Study/Sculpture_b_01.prefab using Guid(4d7e702271a3ff6498de2933fb32f94b) Importer(815301076,1909f56bfc062723c751e8b465ee728b)  -> (artifact id: '188e5bed76f39aee683dc28864a5b36a') in 0.027860 seconds 
========================================================================
Received Import Request.
  Time since last request: 0.000030 seconds.
  path: Assets/ModernArchViz_SeaView/SeaViewArchViz/Prefabs/Standard/Bathroom/Shelve_d_01.prefab
  artifactKey: Guid(ad95dba7d0959a3429ad53b5645a0924) Importer(815301076,1909f56bfc062723c751e8b465ee728b)
Start importing Assets/ModernArchViz_SeaView/SeaViewArchViz/Prefabs/Standard/Bathroom/Shelve_d_01.prefab using Guid(ad95dba7d0959a3429ad53b5645a0924) Importer(815301076,1909f56bfc062723c751e8b465ee728b)  -> (artifact id: '56e275d5e9acbfc64974fb8cb390415e') in 0.025367 seconds 
========================================================================
Received Import Request.
  Time since last request: 0.175514 seconds.
  path: Assets/ModernArchViz_SeaView/SeaViewArchViz/Prefabs/Standard/Bathroom/ShowerGlassPane_a_01.prefab
  artifactKey: Guid(ca6fce4a407a2f143b24da2496df368a) Importer(815301076,1909f56bfc062723c751e8b465ee728b)
Start importing Assets/ModernArchViz_SeaView/SeaViewArchViz/Prefabs/Standard/Bathroom/ShowerGlassPane_a_01.prefab using Guid(ca6fce4a407a2f143b24da2496df368a) Importer(815301076,1909f56bfc062723c751e8b465ee728b)  -> (artifact id: 'ea7b4aa0f5d9d56ad80248e1ddd4c5c9') in 0.029689 seconds 
========================================================================
Received Import Request.
  Time since last request: 0.000047 seconds.
  path: Assets/ModernArchViz_SeaView/SeaViewArchViz/Prefabs/Standard/Bedroom/SingleSheet_a_01.prefab
  artifactKey: Guid(6517e545e9f700249a5b2d56718da196) Importer(815301076,1909f56bfc062723c751e8b465ee728b)
Start importing Assets/ModernArchViz_SeaView/SeaViewArchViz/Prefabs/Standard/Bedroom/SingleSheet_a_01.prefab using Guid(6517e545e9f700249a5b2d56718da196) Importer(815301076,1909f56bfc062723c751e8b465ee728b)  -> (artifact id: '0c00a110f8604a8316b2084ef2575f3f') in 0.027761 seconds 
========================================================================
Received Import Request.
  Time since last request: 0.000049 seconds.
  path: Assets/ModernArchViz_SeaView/SeaViewArchViz/Prefabs/Standard/Bathroom/ShowerHead_b_01.prefab
  artifactKey: Guid(f5b6258a0a0ffb4458e9675c4b365c46) Importer(815301076,1909f56bfc062723c751e8b465ee728b)
Start importing Assets/ModernArchViz_SeaView/SeaViewArchViz/Prefabs/Standard/Bathroom/ShowerHead_b_01.prefab using Guid(f5b6258a0a0ffb4458e9675c4b365c46) Importer(815301076,1909f56bfc062723c751e8b465ee728b)  -> (artifact id: '10a2dd5251ef6e8f65cefe9071360cc8') in 0.024590 seconds 
========================================================================
Received Import Request.
  Time since last request: 0.000029 seconds.
  path: Assets/ModernArchViz_SeaView/SeaViewArchViz/Prefabs/Standard/Living Area/ThrowPillow_b_01.prefab
  artifactKey: Guid(e777cdd145ae118458b9e24199e57a13) Importer(815301076,1909f56bfc062723c751e8b465ee728b)
Start importing Assets/ModernArchViz_SeaView/SeaViewArchViz/Prefabs/Standard/Living Area/ThrowPillow_b_01.prefab using Guid(e777cdd145ae118458b9e24199e57a13) Importer(815301076,1909f56bfc062723c751e8b465ee728b)  -> (artifact id: '1434d1ad27228d0d84b094187a0b42af') in 0.022449 seconds 
========================================================================
Received Import Request.
  Time since last request: 0.000028 seconds.
  path: Assets/ModernArchViz_SeaView/SeaViewArchViz/Prefabs/Standard/Bathroom/Toilet_a_01.prefab
  artifactKey: Guid(f896bede334605041b9c98e19ead950f) Importer(815301076,1909f56bfc062723c751e8b465ee728b)
Start importing Assets/ModernArchViz_SeaView/SeaViewArchViz/Prefabs/Standard/Bathroom/Toilet_a_01.prefab using Guid(f896bede334605041b9c98e19ead950f) Importer(815301076,1909f56bfc062723c751e8b465ee728b)  -> (artifact id: '10dba36afce0861f5a94698c889e65a6') in 0.035183 seconds 
========================================================================
Received Import Request.
  Time since last request: 0.000035 seconds.
  path: Assets/ModernArchViz_SeaView/SeaViewArchViz/Prefabs/Custom/Bathroom/TowelRackSet_a_01.prefab
  artifactKey: Guid(3a2e3f72dab7baf409782bb3355c3452) Importer(815301076,1909f56bfc062723c751e8b465ee728b)
Start importing Assets/ModernArchViz_SeaView/SeaViewArchViz/Prefabs/Custom/Bathroom/TowelRackSet_a_01.prefab using Guid(3a2e3f72dab7baf409782bb3355c3452) Importer(815301076,1909f56bfc062723c751e8b465ee728b)  -> (artifact id: '52347e0b18746cc3c2d8ddfc73f0cb64') in 0.027212 seconds 
========================================================================
Received Import Request.
  Time since last request: 0.000032 seconds.
  path: Assets/ModernArchViz_SeaView/SeaViewArchViz/Prefabs/Standard/Bathroom/TowelStack_a_01.prefab
  artifactKey: Guid(1d42cab8cace7e741952296c51a07244) Importer(815301076,1909f56bfc062723c751e8b465ee728b)
Start importing Assets/ModernArchViz_SeaView/SeaViewArchViz/Prefabs/Standard/Bathroom/TowelStack_a_01.prefab using Guid(1d42cab8cace7e741952296c51a07244) Importer(815301076,1909f56bfc062723c751e8b465ee728b)  -> (artifact id: '6648f434367a02c64fdda81b4f323065') in 0.021489 seconds 
========================================================================
Received Import Request.
  Time since last request: 0.000025 seconds.
  path: Assets/ModernArchViz_SeaView/SeaViewArchViz/Prefabs/Standard/Laundry room/TumbleDryer_a_01.prefab
  artifactKey: Guid(07454d11800fbf44a9bab5a9c5d274aa) Importer(815301076,1909f56bfc062723c751e8b465ee728b)
Start importing Assets/ModernArchViz_SeaView/SeaViewArchViz/Prefabs/Standard/Laundry room/TumbleDryer_a_01.prefab using Guid(07454d11800fbf44a9bab5a9c5d274aa) Importer(815301076,1909f56bfc062723c751e8b465ee728b)  -> (artifact id: '846c4821438bfe70a99abe16dd317927') in 0.032251 seconds 
========================================================================
Received Import Request.
  Time since last request: 0.000071 seconds.
  path: Assets/ModernArchViz_SeaView/SeaViewArchViz/Prefabs/Standard/Bathroom/TowelRack_a_01.prefab
  artifactKey: Guid(021a3a946affc774ba1a5a48eda8d6c6) Importer(815301076,1909f56bfc062723c751e8b465ee728b)
Start importing Assets/ModernArchViz_SeaView/SeaViewArchViz/Prefabs/Standard/Bathroom/TowelRack_a_01.prefab using Guid(021a3a946affc774ba1a5a48eda8d6c6) Importer(815301076,1909f56bfc062723c751e8b465ee728b)  -> (artifact id: '9d24f18ddf209dec262f0fb45c35251f') in 0.027431 seconds 
========================================================================
Received Import Request.
  Time since last request: 0.000029 seconds.
  path: Assets/ModernArchViz_SeaView/SeaViewArchViz/Prefabs/Custom/Bathroom/TowelRackSet_c_01.prefab
  artifactKey: Guid(db8c75e7f7e52f945b721e3797772aaf) Importer(815301076,1909f56bfc062723c751e8b465ee728b)
Start importing Assets/ModernArchViz_SeaView/SeaViewArchViz/Prefabs/Custom/Bathroom/TowelRackSet_c_01.prefab using Guid(db8c75e7f7e52f945b721e3797772aaf) Importer(815301076,1909f56bfc062723c751e8b465ee728b)  -> (artifact id: '5096904d618b7cad4123328568a4f692') in 0.026254 seconds 
========================================================================
Received Import Request.
  Time since last request: 0.000049 seconds.
  path: Assets/ModernArchViz_SeaView/SeaViewArchViz/Prefabs/Standard/Bathroom/SoapBottle_c_01.prefab
  artifactKey: Guid(7c472e66031d229499fa974c5bb14f65) Importer(815301076,1909f56bfc062723c751e8b465ee728b)
Start importing Assets/ModernArchViz_SeaView/SeaViewArchViz/Prefabs/Standard/Bathroom/SoapBottle_c_01.prefab using Guid(7c472e66031d229499fa974c5bb14f65) Importer(815301076,1909f56bfc062723c751e8b465ee728b)  -> (artifact id: 'fd6b3cdd4babf126143a400ee18fecac') in 0.023100 seconds 
========================================================================
Received Import Request.
  Time since last request: 0.000054 seconds.
  path: Assets/ModernArchViz_SeaView/SeaViewArchViz/Prefabs/Custom/Bathroom/SoapBowlSet_a_01.prefab
  artifactKey: Guid(8b761c94a36d5614fac66fe64fc41604) Importer(815301076,1909f56bfc062723c751e8b465ee728b)
Start importing Assets/ModernArchViz_SeaView/SeaViewArchViz/Prefabs/Custom/Bathroom/SoapBowlSet_a_01.prefab using Guid(8b761c94a36d5614fac66fe64fc41604) Importer(815301076,1909f56bfc062723c751e8b465ee728b)  -> (artifact id: 'adcbb027f7c0ae4598c774f7e1b6ea88') in 0.024719 seconds 
========================================================================
Received Import Request.
  Time since last request: 0.000026 seconds.
  path: Assets/ModernArchViz_SeaView/SeaViewArchViz/Prefabs/Standard/Living Area/SoupSpoon_a_01.prefab
  artifactKey: Guid(48e9094cabd1280469de2d0358081ddf) Importer(815301076,1909f56bfc062723c751e8b465ee728b)
Start importing Assets/ModernArchViz_SeaView/SeaViewArchViz/Prefabs/Standard/Living Area/SoupSpoon_a_01.prefab using Guid(48e9094cabd1280469de2d0358081ddf) Importer(815301076,1909f56bfc062723c751e8b465ee728b)  -> (artifact id: '3cc998a321fa9eafa19b1d1e3db18f1c') in 0.024806 seconds 
========================================================================
Received Import Request.
  Time since last request: 0.000031 seconds.
  path: Assets/ModernArchViz_SeaView/SeaViewArchViz/Prefabs/Standard/Bathroom/Towel_b_01.prefab
  artifactKey: Guid(c8e601c8442bfd94db0da5b827dce55f) Importer(815301076,1909f56bfc062723c751e8b465ee728b)
Start importing Assets/ModernArchViz_SeaView/SeaViewArchViz/Prefabs/Standard/Bathroom/Towel_b_01.prefab using Guid(c8e601c8442bfd94db0da5b827dce55f) Importer(815301076,1909f56bfc062723c751e8b465ee728b)  -> (artifact id: 'c0c741630524872bb313f0c1871432de') in 0.023402 seconds 
========================================================================
Received Import Request.
  Time since last request: 0.000029 seconds.
  path: Assets/ModernArchViz_SeaView/SeaViewArchViz/Prefabs/Standard/Bathroom/SoapBottle_a_01.prefab
  artifactKey: Guid(cf8319e4d3345914da92d6d561ab1618) Importer(815301076,1909f56bfc062723c751e8b465ee728b)
Start importing Assets/ModernArchViz_SeaView/SeaViewArchViz/Prefabs/Standard/Bathroom/SoapBottle_a_01.prefab using Guid(cf8319e4d3345914da92d6d561ab1618) Importer(815301076,1909f56bfc062723c751e8b465ee728b)  -> (artifact id: '66c1ee644d9c8bad8d04e2b25ba84356') in 0.023829 seconds 
========================================================================
Received Import Request.
  Time since last request: 0.000034 seconds.
  path: Assets/ModernArchViz_SeaView/SeaViewArchViz/Prefabs/Standard/Living Area/ThrowPillow_a_01.prefab
  artifactKey: Guid(a240b9813c6a6fd409481a37f1e7b69a) Importer(815301076,1909f56bfc062723c751e8b465ee728b)
Start importing Assets/ModernArchViz_SeaView/SeaViewArchViz/Prefabs/Standard/Living Area/ThrowPillow_a_01.prefab using Guid(a240b9813c6a6fd409481a37f1e7b69a) Importer(815301076,1909f56bfc062723c751e8b465ee728b)  -> (artifact id: '32910b9444d93aa625444d2064be9521') in 0.016878 seconds 
========================================================================
Received Import Request.
  Time since last request: 0.108114 seconds.
  path: Assets/ModernArchViz_SeaView/SeaViewArchViz/Prefabs/Standard/Living Area/Vase_b_01.prefab
  artifactKey: Guid(e574417869e52da4c922cb317ed038dd) Importer(815301076,1909f56bfc062723c751e8b465ee728b)
Start importing Assets/ModernArchViz_SeaView/SeaViewArchViz/Prefabs/Standard/Living Area/Vase_b_01.prefab using Guid(e574417869e52da4c922cb317ed038dd) Importer(815301076,1909f56bfc062723c751e8b465ee728b)  -> (artifact id: 'ef315d458017b8806e58c4985c4d2302') in 0.050937 seconds 
========================================================================
Received Import Request.
  Time since last request: 0.000070 seconds.
  path: Assets/ModernArchViz_SeaView/SeaViewArchViz/Prefabs/Standard/Living Area/Vase_e_01.prefab
  artifactKey: Guid(1478a0199d7ea144786497b3149f5fa0) Importer(815301076,1909f56bfc062723c751e8b465ee728b)
Start importing Assets/ModernArchViz_SeaView/SeaViewArchViz/Prefabs/Standard/Living Area/Vase_e_01.prefab using Guid(1478a0199d7ea144786497b3149f5fa0) Importer(815301076,1909f56bfc062723c751e8b465ee728b)  -> (artifact id: '436a20d30ae7d065d60cd97b8cad1567') in 0.040486 seconds 
========================================================================
Received Import Request.
  Time since last request: 0.000034 seconds.
  path: Assets/ModernArchViz_SeaView/SeaViewArchViz/Prefabs/Standard/Hallway/WallLight_a_01.prefab
  artifactKey: Guid(b39cce6654d5fe54081d0dcd9ebea729) Importer(815301076,1909f56bfc062723c751e8b465ee728b)
Start importing Assets/ModernArchViz_SeaView/SeaViewArchViz/Prefabs/Standard/Hallway/WallLight_a_01.prefab using Guid(b39cce6654d5fe54081d0dcd9ebea729) Importer(815301076,1909f56bfc062723c751e8b465ee728b)  -> (artifact id: '8a3a2625c4e2ef7190d9ae8d877eff41') in 0.030953 seconds 
========================================================================
Received Import Request.
  Time since last request: 0.000033 seconds.
  path: Assets/ModernArchViz_SeaView/SeaViewArchViz/Prefabs/Standard/Living Area/WallUnit_a_01.prefab
  artifactKey: Guid(540c10d5db394bb4ebc31212e9ce519e) Importer(815301076,1909f56bfc062723c751e8b465ee728b)
Start importing Assets/ModernArchViz_SeaView/SeaViewArchViz/Prefabs/Standard/Living Area/WallUnit_a_01.prefab using Guid(540c10d5db394bb4ebc31212e9ce519e) Importer(815301076,1909f56bfc062723c751e8b465ee728b)  -> (artifact id: '08f4657fc7d695076c383fbaeed28c91') in 0.024458 seconds 
========================================================================
Received Import Request.
  Time since last request: 0.000046 seconds.
  path: Assets/ModernArchViz_SeaView/SeaViewArchViz/Prefabs/Custom/Hallway/WineDesk_a_01.prefab
  artifactKey: Guid(66a39d0292f46ba4e8f97e9e973f50df) Importer(815301076,1909f56bfc062723c751e8b465ee728b)
Start importing Assets/ModernArchViz_SeaView/SeaViewArchViz/Prefabs/Custom/Hallway/WineDesk_a_01.prefab using Guid(66a39d0292f46ba4e8f97e9e973f50df) Importer(815301076,1909f56bfc062723c751e8b465ee728b)  -> (artifact id: 'a7499e50cb98b0b21e9faa5d45d288aa') in 0.025440 seconds 
========================================================================
Received Import Request.
  Time since last request: 0.000029 seconds.
  path: Assets/ModernArchViz_SeaView/SeaViewArchViz/Prefabs/Standard/Living Area/Vase_g_01.prefab
  artifactKey: Guid(f1c385edd1243da43a7902fcb951bdac) Importer(815301076,1909f56bfc062723c751e8b465ee728b)
Start importing Assets/ModernArchViz_SeaView/SeaViewArchViz/Prefabs/Standard/Living Area/Vase_g_01.prefab using Guid(f1c385edd1243da43a7902fcb951bdac) Importer(815301076,1909f56bfc062723c751e8b465ee728b)  -> (artifact id: '92b871767b0a09ecfdedb4d3f49ff07b') in 0.026353 seconds 
========================================================================
Received Import Request.
  Time since last request: 0.000031 seconds.
  path: Assets/ModernArchViz_SeaView/SeaViewArchViz/Prefabs/Standard/Hallway/WineBottle_a_01.prefab
  artifactKey: Guid(1d0a8a67f9425da42b7b60dc06076859) Importer(815301076,1909f56bfc062723c751e8b465ee728b)
Start importing Assets/ModernArchViz_SeaView/SeaViewArchViz/Prefabs/Standard/Hallway/WineBottle_a_01.prefab using Guid(1d0a8a67f9425da42b7b60dc06076859) Importer(815301076,1909f56bfc062723c751e8b465ee728b)  -> (artifact id: 'b4bcc33a1bde1a8f0a1a4747524a5bc0') in 0.023210 seconds 
========================================================================
Received Import Request.
  Time since last request: 0.000048 seconds.
  path: Assets/ModernArchViz_SeaView/SeaViewArchViz/Prefabs/Standard/Hallway/WineBottle_b_01.prefab
  artifactKey: Guid(4be1c35fe6f6bc346a91187186a7e09c) Importer(815301076,1909f56bfc062723c751e8b465ee728b)
Start importing Assets/ModernArchViz_SeaView/SeaViewArchViz/Prefabs/Standard/Hallway/WineBottle_b_01.prefab using Guid(4be1c35fe6f6bc346a91187186a7e09c) Importer(815301076,1909f56bfc062723c751e8b465ee728b)  -> (artifact id: '4049d175767eb287608bf146563272ae') in 0.025778 seconds 
========================================================================
Received Import Request.
  Time since last request: 0.000044 seconds.
  path: Assets/ModernArchViz_SeaView/SeaViewArchViz/Prefabs/Custom/Living Area/VaseBranch_a_01.prefab
  artifactKey: Guid(c9a0083fc6ee88d449cb5078b32e2071) Importer(815301076,1909f56bfc062723c751e8b465ee728b)
Start importing Assets/ModernArchViz_SeaView/SeaViewArchViz/Prefabs/Custom/Living Area/VaseBranch_a_01.prefab using Guid(c9a0083fc6ee88d449cb5078b32e2071) Importer(815301076,1909f56bfc062723c751e8b465ee728b)  -> (artifact id: '5a24559301caf554f47fc86cb4ef558d') in 0.022772 seconds 
========================================================================
Received Import Request.
  Time since last request: 111.000370 seconds.
  path: Assets/ModernArchViz_SeaView/SeaViewArchViz/Models/Living area/Stove_a_01.fbx
  artifactKey: Guid(c7d300a6399724740a1bb20c5e71831d) Importer(815301076,1909f56bfc062723c751e8b465ee728b)
Start importing Assets/ModernArchViz_SeaView/SeaViewArchViz/Models/Living area/Stove_a_01.fbx using Guid(c7d300a6399724740a1bb20c5e71831d) Importer(815301076,1909f56bfc062723c751e8b465ee728b)  -> (artifact id: '80677c26116629b96d61e04c77659a9f') in 0.069451 seconds 
========================================================================
Received Import Request.
  Time since last request: 0.000033 seconds.
  path: Assets/ModernArchViz_SeaView/SeaViewArchViz/Models/Living area/WallUnit_a_01.fbx
  artifactKey: Guid(8c6c31a585a4daf499788a97a09175e3) Importer(815301076,1909f56bfc062723c751e8b465ee728b)
Start importing Assets/ModernArchViz_SeaView/SeaViewArchViz/Models/Living area/WallUnit_a_01.fbx using Guid(8c6c31a585a4daf499788a97a09175e3) Importer(815301076,1909f56bfc062723c751e8b465ee728b)  -> (artifact id: 'f4280bcc243be483bdfae5333e486dc0') in 0.027679 seconds 
========================================================================
Received Import Request.
  Time since last request: 0.000028 seconds.
  path: Assets/ModernArchViz_SeaView/SeaViewArchViz/Models/Bathrooms/ToiletFlusher_b_01.fbx
  artifactKey: Guid(6f3589c6896f7244ebec2bced9c2de94) Importer(815301076,1909f56bfc062723c751e8b465ee728b)
Start importing Assets/ModernArchViz_SeaView/SeaViewArchViz/Models/Bathrooms/ToiletFlusher_b_01.fbx using Guid(6f3589c6896f7244ebec2bced9c2de94) Importer(815301076,1909f56bfc062723c751e8b465ee728b)  -> (artifact id: '413c1cbd0e44a52205352ffd1a3cc44c') in 0.025840 seconds 
========================================================================
Received Import Request.
  Time since last request: 0.000028 seconds.
  path: Assets/ModernArchViz_SeaView/SeaViewArchViz/Models/Bathrooms/ToiletFlusher_a_01.fbx
  artifactKey: Guid(148f4a77ed3845d4b9f3374b5746c759) Importer(815301076,1909f56bfc062723c751e8b465ee728b)
Start importing Assets/ModernArchViz_SeaView/SeaViewArchViz/Models/Bathrooms/ToiletFlusher_a_01.fbx using Guid(148f4a77ed3845d4b9f3374b5746c759) Importer(815301076,1909f56bfc062723c751e8b465ee728b)  -> (artifact id: 'c90eed57d4ebd2e564fa28d01df35a4c') in 0.027018 seconds 
========================================================================
Received Import Request.
  Time since last request: 0.000041 seconds.
  path: Assets/ModernArchViz_SeaView/SeaViewArchViz/Models/Bathrooms/ToiletRollHolder_b_01.fbx
  artifactKey: Guid(04c36679e4aa5e0419075e4d033c919f) Importer(815301076,1909f56bfc062723c751e8b465ee728b)
Start importing Assets/ModernArchViz_SeaView/SeaViewArchViz/Models/Bathrooms/ToiletRollHolder_b_01.fbx using Guid(04c36679e4aa5e0419075e4d033c919f) Importer(815301076,1909f56bfc062723c751e8b465ee728b)  -> (artifact id: '7d5b530c065d753747a020e939d82416') in 0.027547 seconds 
========================================================================
Received Import Request.
  Time since last request: 0.000024 seconds.
  path: Assets/ModernArchViz_SeaView/SeaViewArchViz/Models/Living area/WallPlug_a_01.fbx
  artifactKey: Guid(08fe31dcb93346d47b7798ed8deb9838) Importer(815301076,1909f56bfc062723c751e8b465ee728b)
Start importing Assets/ModernArchViz_SeaView/SeaViewArchViz/Models/Living area/WallPlug_a_01.fbx using Guid(08fe31dcb93346d47b7798ed8deb9838) Importer(815301076,1909f56bfc062723c751e8b465ee728b)  -> (artifact id: '49b8cdef05126fcb4e2bb90ffbbf0cdb') in 0.026675 seconds 
========================================================================
Received Import Request.
  Time since last request: 0.000035 seconds.
  path: Assets/ModernArchViz_SeaView/SeaViewArchViz/Models/Bathrooms/TowelHang_b_01.fbx
  artifactKey: Guid(b87a15ad7225a8f43b1578295c18cd67) Importer(815301076,1909f56bfc062723c751e8b465ee728b)
Start importing Assets/ModernArchViz_SeaView/SeaViewArchViz/Models/Bathrooms/TowelHang_b_01.fbx using Guid(b87a15ad7225a8f43b1578295c18cd67) Importer(815301076,1909f56bfc062723c751e8b465ee728b)  -> (artifact id: '931ccc315722749c695524935d0fa42f') in 0.021021 seconds 
========================================================================
Received Import Request.
  Time since last request: 0.000028 seconds.
  path: Assets/ModernArchViz_SeaView/SeaViewArchViz/Models/Living area/Vase_f_01.fbx
  artifactKey: Guid(224d15324fd8dc64a9a559079c0f2fd1) Importer(815301076,1909f56bfc062723c751e8b465ee728b)
Start importing Assets/ModernArchViz_SeaView/SeaViewArchViz/Models/Living area/Vase_f_01.fbx using Guid(224d15324fd8dc64a9a559079c0f2fd1) Importer(815301076,1909f56bfc062723c751e8b465ee728b)  -> (artifact id: '67553561d12168d6a477928321941d67') in 0.024882 seconds 
========================================================================
Received Import Request.
  Time since last request: 0.000028 seconds.
  path: Assets/ModernArchViz_SeaView/SeaViewArchViz/Models/Bathrooms/Towel_b_01.fbx
  artifactKey: Guid(035f7c61a3a5f814b93ae79ed4e1d525) Importer(815301076,1909f56bfc062723c751e8b465ee728b)
Start importing Assets/ModernArchViz_SeaView/SeaViewArchViz/Models/Bathrooms/Towel_b_01.fbx using Guid(035f7c61a3a5f814b93ae79ed4e1d525) Importer(815301076,1909f56bfc062723c751e8b465ee728b)  -> (artifact id: 'c940a7202bfbba22d6677e2fd98afc97') in 0.019805 seconds 
========================================================================
Received Import Request.
  Time since last request: 0.000026 seconds.
  path: Assets/ModernArchViz_SeaView/SeaViewArchViz/Models/Bathrooms/Toothbrush_a_01.fbx
  artifactKey: Guid(997448f066305764f97d31c7171cd736) Importer(815301076,1909f56bfc062723c751e8b465ee728b)
Start importing Assets/ModernArchViz_SeaView/SeaViewArchViz/Models/Bathrooms/Toothbrush_a_01.fbx using Guid(997448f066305764f97d31c7171cd736) Importer(815301076,1909f56bfc062723c751e8b465ee728b)  -> (artifact id: '6bbde236a8bf785c0f68e8e844cedf08') in 0.025479 seconds 
========================================================================
Received Import Request.
  Time since last request: 0.000028 seconds.
  path: Assets/ModernArchViz_SeaView/SeaViewArchViz/Models/Hallway/WineBottle_b_01.fbx
  artifactKey: Guid(6a798de97c14a9b4db01163d17e7645a) Importer(815301076,1909f56bfc062723c751e8b465ee728b)
Start importing Assets/ModernArchViz_SeaView/SeaViewArchViz/Models/Hallway/WineBottle_b_01.fbx using Guid(6a798de97c14a9b4db01163d17e7645a) Importer(815301076,1909f56bfc062723c751e8b465ee728b)  -> (artifact id: 'ecd6f1b72f33fbc9d7e9e9f98337eaa5') in 0.026321 seconds 
========================================================================
Received Import Request.
  Time since last request: 0.000025 seconds.
  path: Assets/ModernArchViz_SeaView/SeaViewArchViz/Models/Living area/Vase_b_01.fbx
  artifactKey: Guid(2e1a7d038167fd24880b2d4c37eccd63) Importer(815301076,1909f56bfc062723c751e8b465ee728b)
Start importing Assets/ModernArchViz_SeaView/SeaViewArchViz/Models/Living area/Vase_b_01.fbx using Guid(2e1a7d038167fd24880b2d4c37eccd63) Importer(815301076,1909f56bfc062723c751e8b465ee728b)  -> (artifact id: 'e43f5ebbfb3d0b1fd9a1a4b508f46242') in 0.026302 seconds 
========================================================================
Received Import Request.
  Time since last request: 0.000039 seconds.
  path: Assets/ModernArchViz_SeaView/SeaViewArchViz/Models/Bathrooms/TowelStack_a_01.fbx
  artifactKey: Guid(c2734140825f22042a0a29d381ad89aa) Importer(815301076,1909f56bfc062723c751e8b465ee728b)
Start importing Assets/ModernArchViz_SeaView/SeaViewArchViz/Models/Bathrooms/TowelStack_a_01.fbx using Guid(c2734140825f22042a0a29d381ad89aa) Importer(815301076,1909f56bfc062723c751e8b465ee728b)  -> (artifact id: '3b669821be116738cce39440af86d9a1') in 0.019782 seconds 
========================================================================
Received Import Request.
  Time since last request: 0.000096 seconds.
  path: Assets/ModernArchViz_SeaView/SeaViewArchViz/Models/Laundry room/WashingLiquid_a_01.fbx
  artifactKey: Guid(65f4bc799c10ae64abdb7f71cc5052f1) Importer(815301076,1909f56bfc062723c751e8b465ee728b)
Start importing Assets/ModernArchViz_SeaView/SeaViewArchViz/Models/Laundry room/WashingLiquid_a_01.fbx using Guid(65f4bc799c10ae64abdb7f71cc5052f1) Importer(815301076,1909f56bfc062723c751e8b465ee728b)  -> (artifact id: 'af3c46c0083b37f97c04d19c405acb5c') in 0.027241 seconds 
========================================================================
Received Import Request.
  Time since last request: 0.000028 seconds.
  path: Assets/ModernArchViz_SeaView/SeaViewArchViz/Models/Living area/Vase_d_01.fbx
  artifactKey: Guid(668aee008e5d20348af96702bf889024) Importer(815301076,1909f56bfc062723c751e8b465ee728b)
Start importing Assets/ModernArchViz_SeaView/SeaViewArchViz/Models/Living area/Vase_d_01.fbx using Guid(668aee008e5d20348af96702bf889024) Importer(815301076,1909f56bfc062723c751e8b465ee728b)  -> (artifact id: '1e27ccfc09216725aa21c6f79e97d9ff') in 0.026042 seconds 
========================================================================
Received Import Request.
  Time since last request: 0.000025 seconds.
  path: Assets/ModernArchViz_SeaView/SeaViewArchViz/Models/Bathrooms/Toilet_a_01.fbx
  artifactKey: Guid(42a8e466de70df6459adc1d53d4bed38) Importer(815301076,1909f56bfc062723c751e8b465ee728b)
Start importing Assets/ModernArchViz_SeaView/SeaViewArchViz/Models/Bathrooms/Toilet_a_01.fbx using Guid(42a8e466de70df6459adc1d53d4bed38) Importer(815301076,1909f56bfc062723c751e8b465ee728b)  -> (artifact id: '680184b46ffa2feb8a247bc2f546a1db') in 0.026028 seconds 
========================================================================
Received Import Request.
  Time since last request: 0.000026 seconds.
  path: Assets/ModernArchViz_SeaView/SeaViewArchViz/Models/Bathrooms/ToiletRollStand_a_01.fbx
  artifactKey: Guid(47f33bc11c07db84697658b566c50f7e) Importer(815301076,1909f56bfc062723c751e8b465ee728b)
Start importing Assets/ModernArchViz_SeaView/SeaViewArchViz/Models/Bathrooms/ToiletRollStand_a_01.fbx using Guid(47f33bc11c07db84697658b566c50f7e) Importer(815301076,1909f56bfc062723c751e8b465ee728b)  -> (artifact id: 'eb63e01dd132f0644deb42942410869e') in 0.026810 seconds 
========================================================================
Received Import Request.
  Time since last request: 0.000026 seconds.
  path: Assets/ModernArchViz_SeaView/SeaViewArchViz/Models/Bathrooms/Toilet_b_01.fbx
  artifactKey: Guid(93f188ebdb05555439704a2750706ab2) Importer(815301076,1909f56bfc062723c751e8b465ee728b)
Start importing Assets/ModernArchViz_SeaView/SeaViewArchViz/Models/Bathrooms/Toilet_b_01.fbx using Guid(93f188ebdb05555439704a2750706ab2) Importer(815301076,1909f56bfc062723c751e8b465ee728b)  -> (artifact id: '85aefeff7b4287f3a544641b79800650') in 0.029220 seconds 
========================================================================
Received Import Request.
  Time since last request: 0.000028 seconds.
  path: Assets/ModernArchViz_SeaView/SeaViewArchViz/Models/Bathrooms/TowelStack_b_01.fbx
  artifactKey: Guid(cd767b9f8f697d34fa630516006ce7ad) Importer(815301076,1909f56bfc062723c751e8b465ee728b)
Start importing Assets/ModernArchViz_SeaView/SeaViewArchViz/Models/Bathrooms/TowelStack_b_01.fbx using Guid(cd767b9f8f697d34fa630516006ce7ad) Importer(815301076,1909f56bfc062723c751e8b465ee728b)  -> (artifact id: '3ddf69b3b7663841dc8862dcddc17e1f') in 0.020315 seconds 
========================================================================
Received Import Request.
  Time since last request: 0.000026 seconds.
  path: Assets/ModernArchViz_SeaView/SeaViewArchViz/Models/Bathrooms/Towel_a_01.fbx
  artifactKey: Guid(555133cb3810e364b85c0b98ddbcbe48) Importer(815301076,1909f56bfc062723c751e8b465ee728b)
Start importing Assets/ModernArchViz_SeaView/SeaViewArchViz/Models/Bathrooms/Towel_a_01.fbx using Guid(555133cb3810e364b85c0b98ddbcbe48) Importer(815301076,1909f56bfc062723c751e8b465ee728b)  -> (artifact id: '42e1db5d60669b43e34988a3c050cf1b') in 0.019839 seconds 
========================================================================
Received Import Request.
  Time since last request: 0.000044 seconds.
  path: Assets/ModernArchViz_SeaView/SeaViewArchViz/Models/Living area/WallDecor_b_01.fbx
  artifactKey: Guid(aef9cfd4d2083074aba436364ea0a247) Importer(815301076,1909f56bfc062723c751e8b465ee728b)
Start importing Assets/ModernArchViz_SeaView/SeaViewArchViz/Models/Living area/WallDecor_b_01.fbx using Guid(aef9cfd4d2083074aba436364ea0a247) Importer(815301076,1909f56bfc062723c751e8b465ee728b)  -> (artifact id: '2997d5593f94647ea900165d68dbbdd3') in 0.027969 seconds 
Editor requested this worker to shutdown with reason: Scaling down because of idle timeout
AssetImportWorkerClient::OnTransportError - code=2 error=End of file
AssetImportWorker is now disconnected from the server
Process exiting
Exiting without the bug reporter. Application will terminate with return code 0